Loading db file '/home/mariagrazia.graziano/do/libnangate/NangateOpenCellLibrary_typical_ecsm.db'
Information: Propagating switching activity (low effort zero delay simulation). (PWR-6)
Warning: Design has unannotated primary inputs. (PWR-414)
Warning: Design has unannotated sequential cell outputs. (PWR-415)
 
****************************************
Report : power
        -analysis_effort low
Design : SIPISOALU
Version: F-2011.09-SP3
Date   : Mon May  4 20:44:31 2020
****************************************


Library(s) Used:

    NangateOpenCellLibrary (File: /home/mariagrazia.graziano/do/libnangate/NangateOpenCellLibrary_typical_ecsm.db)


Operating Conditions: typical   Library: NangateOpenCellLibrary
Wire Load Model Mode: top

Design        Wire Load Model            Library
------------------------------------------------
SIPISOALU              5K_hvratio_1_1    NangateOpenCellLibrary


Global Operating Voltage = 1.1  
Power-specific unit information :
    Voltage Units = 1V
    Capacitance Units = 1.000000ff
    Time Units = 1ns
    Dynamic Power Units = 1uW    (derived from V,C,T units)
    Leakage Power Units = 1nW


  Cell Internal Power  = 352.6260 uW   (85%)
  Net Switching Power  =  63.6868 uW   (15%)
                         ---------
Total Dynamic Power    = 416.3128 uW  (100%)

Cell Leakage Power     =   4.4992 uW


                 Internal         Switching           Leakage            Total
Power Group      Power            Power               Power              Power   (   %    )  Attrs
--------------------------------------------------------------------------------------------------
io_pad             0.0000            0.0000            0.0000            0.0000  (   0.00%)
memory             0.0000            0.0000            0.0000            0.0000  (   0.00%)
black_box          0.0000            0.0000            0.0000            0.0000  (   0.00%)
clock_network      0.0000            0.0000            0.0000            0.0000  (   0.00%)
register         317.4317           12.4049        1.3433e+03          331.1798  (  78.70%)
sequential         0.0000            0.0000            0.0000            0.0000  (   0.00%)
combinational     35.1943           51.2820        3.1559e+03           89.6322  (  21.30%)
--------------------------------------------------------------------------------------------------
Total            352.6260 uW        63.6868 uW     4.4992e+03 nW       420.8120 uW
1
