 
****************************************
Report : power
        -cell
        -analysis_effort low
        -sort_mode cell_internal_power
Design : SIPISOALU
Version: F-2011.09-SP3
Date   : Mon May  4 20:44:31 2020
****************************************


Library(s) Used:

    NangateOpenCellLibrary (File: /home/mariagrazia.graziano/do/libnangate/NangateOpenCellLibrary_typical_ecsm.db)


Operating Conditions: typical   Library: NangateOpenCellLibrary
Wire Load Model Mode: top

Design        Wire Load Model            Library
------------------------------------------------
SIPISOALU              5K_hvratio_1_1    NangateOpenCellLibrary


Global Operating Voltage = 1.1  
Power-specific unit information :
    Voltage Units = 1V
    Capacitance Units = 1.000000ff
    Time Units = 1ns
    Dynamic Power Units = 1uW    (derived from V,C,T units)
    Leakage Power Units = 1nW



  Attributes
  ----------
      h  -  Hierarchical cell

                        Cell      Driven Net  Tot Dynamic      Cell
                        Internal  Switching   Power            Leakage
Cell                    Power     Power       (% Cell/Tot)     Power      Attrs
--------------------------------------------------------------------------------
control                  132.4661       N/A        N/A (N/A)   2293.7883  h
PISO_reg[1]               20.0272    0.0553     20.082 (100%)    79.6217   
PISO_reg[2]               20.0152    0.0483     20.064 (100%)    79.5789   
PISO_reg[0]               19.8102    0.0383     19.849 (100%)    80.0180   
PISO_reg[3]               19.7702    0.0376     19.808 (100%)   115.4443   
SIPO_reg[2]               18.9523    0.2358     19.188 (99%)     81.6974   
PIPO_reg[1]               18.8988    0.5854     19.484 (97%)     81.9369   
PIPO_reg[0]               18.8881    0.2878     19.176 (98%)     81.8907   
SIPO_reg[1]               18.8269    0.5517     19.379 (97%)     81.9630   
PIPO_reg[2]               18.7792    0.3411     19.120 (98%)     81.9469   
SIPO_reg[0]               18.7760    0.5381     19.314 (97%)     82.1339   
PIPO_reg[3]               18.7422    0.2351     18.977 (99%)     81.9817   
U84                        0.7347    0.2435      0.978 (75%)     40.2162   
U106                       0.6690    0.2084      0.877 (76%)     26.4204   
U107                       0.5750    0.2606      0.836 (69%)     26.8143   
U85                        0.5475    0.2893      0.837 (65%)     26.7669   
U82                        0.4851    0.2212      0.706 (69%)     28.4845   
U100                       0.3420    0.2241      0.566 (60%)     19.6319   
U83                        0.3133    0.2622      0.576 (54%)     47.8215   
U94                        0.3030    0.1493      0.452 (67%)     27.0944   
U116                       0.2790    1.2795      1.559 (18%)     14.3532   
U101                       0.2761    4.2108      4.487 (6%)      14.3532   
U103                       0.2438    0.0989      0.343 (71%)     40.2931   
U121                       0.2229    0.0901      0.313 (71%)     34.6156   
U104                       0.2179    0.0874      0.305 (71%)     43.1352   
U102                       0.2107    0.6503      0.861 (24%)     11.3764   
U115                       0.1924    0.1766      0.369 (52%)     21.7139   
U105                       0.1842    0.0741      0.258 (71%)     43.6607   
U123                       0.1756    0.0884      0.264 (67%)     36.4398   
U119                       0.1707    0.0856      0.256 (67%)     36.3470   
U117                       0.1667    0.0839      0.251 (67%)     36.3675   
U122                       0.1640    0.1373      0.301 (54%)      6.8361   
U124                       0.1615    0.1352      0.297 (54%)      6.8361   
U120                       0.1560    0.1306      0.287 (54%)      6.8361   
U108                       0.1537    0.3063      0.460 (33%)     12.5959   
U118                       0.1390    0.1295      0.269 (52%)     14.8704   
U90                        0.1370    0.1108      0.248 (55%)     33.1805   
U114                       0.1352    0.1303      0.265 (51%)     44.8329   
U111                       0.1347    0.0808      0.216 (62%)     44.8329   
U109                       0.1004    0.1440      0.244 (41%)     23.4916   
U127                       0.0961    0.0240      0.120 (80%)     72.7621   
U99                        0.0864    0.0580      0.144 (60%)     19.3503   
U110                       0.0830    0.2199      0.303 (27%)     11.0293   
U126                       0.0792    0.0199   9.91e-02 (80%)     72.9831   
U95                        0.0765    0.1430      0.220 (35%)     28.3993   
U93                        0.0723    0.0818      0.154 (47%)      6.6618   
U97                        0.0718    0.0338      0.106 (68%)     28.4081   
U88                        0.0704    0.1047      0.175 (40%)     19.3060   
U112                       0.0678    0.0643      0.132 (51%)     10.0377   
U87                        0.0656    0.0404      0.106 (62%)      9.7662   
U113                       0.0625    0.1022      0.165 (38%)     10.5362   
U128                       0.0590    0.0276   8.66e-02 (68%)     66.6334   
U125                       0.0388    0.0148   5.36e-02 (72%)     43.8990   
U91                        0.0376    0.0329   7.05e-02 (53%)      5.9850   
U98                        0.0324    0.0978      0.130 (25%)     24.9105   
U96                        0.0272    0.0591   8.63e-02 (32%)     10.1461   
U89                        0.0202    0.0102   3.04e-02 (67%)     20.9032   
U86                        0.0198    0.0175   3.73e-02 (53%)     20.1950   
U92                        0.0160 7.845e-03   2.38e-02 (67%)     25.0570   
--------------------------------------------------------------------------------
Totals (59 cells)        352.626uW     N/A         N/A (N/A)      4.499uW
1
