 
****************************************
Report : area
Design : SIPISOALU
Version: F-2011.09-SP3
Date   : Mon May  4 20:44:29 2020
****************************************

Library(s) Used:

    NangateOpenCellLibrary (File: /home/mariagrazia.graziano/do/libnangate/NangateOpenCellLibrary_typical_ecsm.db)

Number of ports:                           11
Number of nets:                            77
Number of cells:                           59
Number of combinational cells:             47
Number of sequential cells:                11
Number of macros:                           0
Number of buf/inv:                          9
Number of references:                      16

Combinational area:        124.754000
Noncombinational area:      85.652003
Net Interconnect area:      undefined  (Wire load has zero net area)

Total cell area:           210.406003
Total area:                 undefined
1
