Information: Updating design information... (UID-85)
 
****************************************
Report : timing
        -path full
        -delay max
        -nworst 10
        -max_paths 10
Design : booth_mul_N8
Version: F-2011.09-SP3
Date   : Sat Apr 11 13:08:27 2020
****************************************

Operating Conditions: typical   Library: NangateOpenCellLibrary
Wire Load Model Mode: top

  Startpoint: B[0] (input port)
  Endpoint: S[12] (output port)
  Path Group: default
  Path Type: max

  Des/Clust/Port     Wire Load Model       Library
  ------------------------------------------------
  booth_mul_N8       5K_hvratio_1_1        NangateOpenCellLibrary

  Point                                                   Incr       Path
  --------------------------------------------------------------------------
  input external delay                                    0.00       0.00 r
  B[0] (in)                                               0.00       0.00 r
  booth_o_0/i[1] (Booth_Encoder_0)                        0.00       0.00 r
  booth_o_0/U6/ZN (INV_X1)                                0.02       0.02 f
  booth_o_0/U7/ZN (NAND2_X1)                              0.02       0.04 r
  booth_o_0/U10/ZN (NAND2_X1)                             0.02       0.07 f
  booth_o_0/U14/ZN (AOI21_X1)                             0.05       0.11 r
  booth_o_0/o[0] (Booth_Encoder_0)                        0.00       0.11 r
  mux_0_0/sel[0] (MUX_booth_N16_0)                        0.00       0.11 r
  mux_0_0/U14/ZN (INV_X1)                                 0.03       0.14 f
  mux_0_0/U10/ZN (NOR2_X1)                                0.04       0.19 r
  mux_0_0/U18/ZN (NAND2_X1)                               0.04       0.22 f
  mux_0_0/U22/ZN (AND4_X2)                                0.06       0.28 f
  mux_0_0/U28/Z (BUF_X2)                                  0.05       0.33 f
  mux_0_0/U76/ZN (AOI222_X1)                              0.09       0.42 r
  mux_0_0/U31/ZN (NAND2_X1)                               0.04       0.46 f
  mux_0_0/Y[3] (MUX_booth_N16_0)                          0.00       0.46 f
  adder_1/B[3] (P4_ADDER_N16_0)                           0.00       0.46 f
  adder_1/CGEN/B[3] (carry_generator_N16_NPB4_0)          0.00       0.46 f
  adder_1/CGEN/U26/Z (XOR2_X1)                            0.08       0.54 f
  adder_1/CGEN/PGJ_0_1_0/P_IK (PG_0)                      0.00       0.54 f
  adder_1/CGEN/PGJ_0_1_0/U3/ZN (AOI21_X1)                 0.05       0.59 r
  adder_1/CGEN/PGJ_0_1_0/U1/ZN (INV_X1)                   0.02       0.61 f
  adder_1/CGEN/PGJ_0_1_0/Gx (PG_0)                        0.00       0.61 f
  adder_1/CGEN/GJ_1_0_0/G_IK (G_14)                       0.00       0.61 f
  adder_1/CGEN/GJ_1_0_0/U2/ZN (AOI21_X1)                  0.05       0.66 r
  adder_1/CGEN/GJ_1_0_0/U1/ZN (INV_X1)                    0.04       0.70 f
  adder_1/CGEN/GJ_1_0_0/Gx (G_14)                         0.00       0.70 f
  adder_1/CGEN/GJ_2_0_0/G_K_1 (G_13)                      0.00       0.70 f
  adder_1/CGEN/GJ_2_0_0/U2/ZN (AOI21_X1)                  0.05       0.75 r
  adder_1/CGEN/GJ_2_0_0/U1/ZN (INV_X1)                    0.03       0.79 f
  adder_1/CGEN/GJ_2_0_0/Gx (G_13)                         0.00       0.79 f
  adder_1/CGEN/Co[1] (carry_generator_N16_NPB4_0)         0.00       0.79 f
  adder_1/SGEN/Ci[2] (sum_generator_N16_NPB4_0)           0.00       0.79 f
  adder_1/SGEN/csbi_2/Ci (carry_select_block_NPB4_10)     0.00       0.79 f
  adder_1/SGEN/csbi_2/mux/sel (MUX21_generic_N4_10)       0.00       0.79 f
  adder_1/SGEN/csbi_2/mux/U2/Z (CLKBUF_X1)                0.05       0.83 f
  adder_1/SGEN/csbi_2/mux/U8/ZN (AOI22_X1)                0.05       0.88 r
  adder_1/SGEN/csbi_2/mux/U5/ZN (INV_X1)                  0.03       0.91 f
  adder_1/SGEN/csbi_2/mux/Y[1] (MUX21_generic_N4_10)      0.00       0.91 f
  adder_1/SGEN/csbi_2/S[1] (carry_select_block_NPB4_10)
                                                          0.00       0.91 f
  adder_1/SGEN/S[9] (sum_generator_N16_NPB4_0)            0.00       0.91 f
  adder_1/S[9] (P4_ADDER_N16_0)                           0.00       0.91 f
  adder_2/B[9] (P4_ADDER_N16_2)                           0.00       0.91 f
  adder_2/U1/Z (BUF_X1)                                   0.05       0.96 f
  adder_2/SGEN/B[9] (sum_generator_N16_NPB4_2)            0.00       0.96 f
  adder_2/SGEN/csbi_2/B[1] (carry_select_block_NPB4_6)
                                                          0.00       0.96 f
  adder_2/SGEN/csbi_2/UADDER2/B[1] (RCA_N4_11)            0.00       0.96 f
  adder_2/SGEN/csbi_2/UADDER2/FAI_2/B (FA_43)             0.00       0.96 f
  adder_2/SGEN/csbi_2/UADDER2/FAI_2/U4/Z (XOR2_X1)        0.08       1.05 f
  adder_2/SGEN/csbi_2/UADDER2/FAI_2/U5/ZN (AOI22_X1)      0.06       1.10 r
  adder_2/SGEN/csbi_2/UADDER2/FAI_2/U2/ZN (INV_X1)        0.03       1.13 f
  adder_2/SGEN/csbi_2/UADDER2/FAI_2/Co (FA_43)            0.00       1.13 f
  adder_2/SGEN/csbi_2/UADDER2/FAI_3/Ci (FA_42)            0.00       1.13 f
  adder_2/SGEN/csbi_2/UADDER2/FAI_3/U2/ZN (AOI22_X1)      0.06       1.19 r
  adder_2/SGEN/csbi_2/UADDER2/FAI_3/U1/ZN (INV_X1)        0.03       1.22 f
  adder_2/SGEN/csbi_2/UADDER2/FAI_3/Co (FA_42)            0.00       1.22 f
  adder_2/SGEN/csbi_2/UADDER2/FAI_4/Ci (FA_41)            0.00       1.22 f
  adder_2/SGEN/csbi_2/UADDER2/FAI_4/U3/Z (XOR2_X1)        0.07       1.29 f
  adder_2/SGEN/csbi_2/UADDER2/FAI_4/S (FA_41)             0.00       1.29 f
  adder_2/SGEN/csbi_2/UADDER2/S[3] (RCA_N4_11)            0.00       1.29 f
  adder_2/SGEN/csbi_2/mux/B[3] (MUX21_generic_N4_6)       0.00       1.29 f
  adder_2/SGEN/csbi_2/mux/U9/ZN (AOI22_X1)                0.06       1.35 r
  adder_2/SGEN/csbi_2/mux/U8/ZN (INV_X1)                  0.03       1.38 f
  adder_2/SGEN/csbi_2/mux/Y[3] (MUX21_generic_N4_6)       0.00       1.38 f
  adder_2/SGEN/csbi_2/S[3] (carry_select_block_NPB4_6)
                                                          0.00       1.38 f
  adder_2/SGEN/S[11] (sum_generator_N16_NPB4_2)           0.00       1.38 f
  adder_2/S[11] (P4_ADDER_N16_2)                          0.00       1.38 f
  adder_3/B[11] (P4_ADDER_N16_1)                          0.00       1.38 f
  adder_3/CGEN/B[11] (carry_generator_N16_NPB4_1)         0.00       1.38 f
  adder_3/CGEN/U1/ZN (NAND2_X1)                           0.03       1.41 r
  adder_3/CGEN/U3/ZN (NAND2_X1)                           0.03       1.44 f
  adder_3/CGEN/PGJ_0_5_0/P_IK (PG_7)                      0.00       1.44 f
  adder_3/CGEN/PGJ_0_5_0/U3/ZN (AOI21_X1)                 0.04       1.48 r
  adder_3/CGEN/PGJ_0_5_0/U1/ZN (INV_X1)                   0.02       1.50 f
  adder_3/CGEN/PGJ_0_5_0/Gx (PG_7)                        0.00       1.50 f
  adder_3/CGEN/PGJ_1_2_0/G_IK (PG_3)                      0.00       1.50 f
  adder_3/CGEN/PGJ_1_2_0/U2/ZN (AOI21_X1)                 0.05       1.56 r
  adder_3/CGEN/PGJ_1_2_0/U3/ZN (INV_X1)                   0.03       1.58 f
  adder_3/CGEN/PGJ_1_2_0/Gx (PG_3)                        0.00       1.58 f
  adder_3/CGEN/GJ_3_0_1/G_IK (G_1)                        0.00       1.58 f
  adder_3/CGEN/GJ_3_0_1/U1/ZN (AOI21_X1)                  0.05       1.64 r
  adder_3/CGEN/GJ_3_0_1/U2/ZN (INV_X1)                    0.04       1.68 f
  adder_3/CGEN/GJ_3_0_1/Gx (G_1)                          0.00       1.68 f
  adder_3/CGEN/Co[2] (carry_generator_N16_NPB4_1)         0.00       1.68 f
  adder_3/SGEN/Ci[3] (sum_generator_N16_NPB4_1)           0.00       1.68 f
  adder_3/SGEN/csbi_3/Ci (carry_select_block_NPB4_1)      0.00       1.68 f
  adder_3/SGEN/csbi_3/mux/sel (MUX21_generic_N4_1)        0.00       1.68 f
  adder_3/SGEN/csbi_3/mux/U1/ZN (INV_X1)                  0.04       1.72 r
  adder_3/SGEN/csbi_3/mux/U7/ZN (AOI22_X1)                0.04       1.75 f
  adder_3/SGEN/csbi_3/mux/U6/ZN (INV_X1)                  0.02       1.78 r
  adder_3/SGEN/csbi_3/mux/Y[0] (MUX21_generic_N4_1)       0.00       1.78 r
  adder_3/SGEN/csbi_3/S[0] (carry_select_block_NPB4_1)
                                                          0.00       1.78 r
  adder_3/SGEN/S[12] (sum_generator_N16_NPB4_1)           0.00       1.78 r
  adder_3/S[12] (P4_ADDER_N16_1)                          0.00       1.78 r
  S[12] (out)                                             0.00       1.78 r
  data arrival time                                                  1.78

  max_delay                                               1.78       1.78
  output external delay                                   0.00       1.78
  data required time                                                 1.78
  --------------------------------------------------------------------------
  data required time                                                 1.78
  data arrival time                                                 -1.78
  --------------------------------------------------------------------------
  slack (MET)                                                        0.00


  Startpoint: B[0] (input port)
  Endpoint: S[15] (output port)
  Path Group: default
  Path Type: max

  Des/Clust/Port     Wire Load Model       Library
  ------------------------------------------------
  booth_mul_N8       5K_hvratio_1_1        NangateOpenCellLibrary

  Point                                                   Incr       Path
  --------------------------------------------------------------------------
  input external delay                                    0.00       0.00 r
  B[0] (in)                                               0.00       0.00 r
  booth_o_0/i[1] (Booth_Encoder_0)                        0.00       0.00 r
  booth_o_0/U6/ZN (INV_X1)                                0.02       0.02 f
  booth_o_0/U7/ZN (NAND2_X1)                              0.02       0.04 r
  booth_o_0/U10/ZN (NAND2_X1)                             0.02       0.07 f
  booth_o_0/U14/ZN (AOI21_X1)                             0.05       0.11 r
  booth_o_0/o[0] (Booth_Encoder_0)                        0.00       0.11 r
  mux_0_0/sel[0] (MUX_booth_N16_0)                        0.00       0.11 r
  mux_0_0/U14/ZN (INV_X1)                                 0.03       0.14 f
  mux_0_0/U10/ZN (NOR2_X1)                                0.04       0.19 r
  mux_0_0/U18/ZN (NAND2_X1)                               0.04       0.22 f
  mux_0_0/U22/ZN (AND4_X2)                                0.06       0.28 f
  mux_0_0/U28/Z (BUF_X2)                                  0.05       0.33 f
  mux_0_0/U76/ZN (AOI222_X1)                              0.09       0.42 r
  mux_0_0/U31/ZN (NAND2_X1)                               0.04       0.46 f
  mux_0_0/Y[3] (MUX_booth_N16_0)                          0.00       0.46 f
  adder_1/B[3] (P4_ADDER_N16_0)                           0.00       0.46 f
  adder_1/CGEN/B[3] (carry_generator_N16_NPB4_0)          0.00       0.46 f
  adder_1/CGEN/U26/Z (XOR2_X1)                            0.08       0.54 f
  adder_1/CGEN/PGJ_0_1_0/P_IK (PG_0)                      0.00       0.54 f
  adder_1/CGEN/PGJ_0_1_0/U3/ZN (AOI21_X1)                 0.05       0.59 r
  adder_1/CGEN/PGJ_0_1_0/U1/ZN (INV_X1)                   0.02       0.61 f
  adder_1/CGEN/PGJ_0_1_0/Gx (PG_0)                        0.00       0.61 f
  adder_1/CGEN/GJ_1_0_0/G_IK (G_14)                       0.00       0.61 f
  adder_1/CGEN/GJ_1_0_0/U2/ZN (AOI21_X1)                  0.05       0.66 r
  adder_1/CGEN/GJ_1_0_0/U1/ZN (INV_X1)                    0.04       0.70 f
  adder_1/CGEN/GJ_1_0_0/Gx (G_14)                         0.00       0.70 f
  adder_1/CGEN/GJ_2_0_0/G_K_1 (G_13)                      0.00       0.70 f
  adder_1/CGEN/GJ_2_0_0/U2/ZN (AOI21_X1)                  0.05       0.75 r
  adder_1/CGEN/GJ_2_0_0/U1/ZN (INV_X1)                    0.03       0.79 f
  adder_1/CGEN/GJ_2_0_0/Gx (G_13)                         0.00       0.79 f
  adder_1/CGEN/Co[1] (carry_generator_N16_NPB4_0)         0.00       0.79 f
  adder_1/SGEN/Ci[2] (sum_generator_N16_NPB4_0)           0.00       0.79 f
  adder_1/SGEN/csbi_2/Ci (carry_select_block_NPB4_10)     0.00       0.79 f
  adder_1/SGEN/csbi_2/mux/sel (MUX21_generic_N4_10)       0.00       0.79 f
  adder_1/SGEN/csbi_2/mux/U2/Z (CLKBUF_X1)                0.05       0.83 f
  adder_1/SGEN/csbi_2/mux/U8/ZN (AOI22_X1)                0.05       0.88 r
  adder_1/SGEN/csbi_2/mux/U5/ZN (INV_X1)                  0.03       0.91 f
  adder_1/SGEN/csbi_2/mux/Y[1] (MUX21_generic_N4_10)      0.00       0.91 f
  adder_1/SGEN/csbi_2/S[1] (carry_select_block_NPB4_10)
                                                          0.00       0.91 f
  adder_1/SGEN/S[9] (sum_generator_N16_NPB4_0)            0.00       0.91 f
  adder_1/S[9] (P4_ADDER_N16_0)                           0.00       0.91 f
  adder_2/B[9] (P4_ADDER_N16_2)                           0.00       0.91 f
  adder_2/U1/Z (BUF_X1)                                   0.05       0.96 f
  adder_2/SGEN/B[9] (sum_generator_N16_NPB4_2)            0.00       0.96 f
  adder_2/SGEN/csbi_2/B[1] (carry_select_block_NPB4_6)
                                                          0.00       0.96 f
  adder_2/SGEN/csbi_2/UADDER2/B[1] (RCA_N4_11)            0.00       0.96 f
  adder_2/SGEN/csbi_2/UADDER2/FAI_2/B (FA_43)             0.00       0.96 f
  adder_2/SGEN/csbi_2/UADDER2/FAI_2/U4/Z (XOR2_X1)        0.08       1.05 f
  adder_2/SGEN/csbi_2/UADDER2/FAI_2/U5/ZN (AOI22_X1)      0.06       1.10 r
  adder_2/SGEN/csbi_2/UADDER2/FAI_2/U2/ZN (INV_X1)        0.03       1.13 f
  adder_2/SGEN/csbi_2/UADDER2/FAI_2/Co (FA_43)            0.00       1.13 f
  adder_2/SGEN/csbi_2/UADDER2/FAI_3/Ci (FA_42)            0.00       1.13 f
  adder_2/SGEN/csbi_2/UADDER2/FAI_3/U2/ZN (AOI22_X1)      0.06       1.19 r
  adder_2/SGEN/csbi_2/UADDER2/FAI_3/U1/ZN (INV_X1)        0.03       1.22 f
  adder_2/SGEN/csbi_2/UADDER2/FAI_3/Co (FA_42)            0.00       1.22 f
  adder_2/SGEN/csbi_2/UADDER2/FAI_4/Ci (FA_41)            0.00       1.22 f
  adder_2/SGEN/csbi_2/UADDER2/FAI_4/U3/Z (XOR2_X1)        0.07       1.29 f
  adder_2/SGEN/csbi_2/UADDER2/FAI_4/S (FA_41)             0.00       1.29 f
  adder_2/SGEN/csbi_2/UADDER2/S[3] (RCA_N4_11)            0.00       1.29 f
  adder_2/SGEN/csbi_2/mux/B[3] (MUX21_generic_N4_6)       0.00       1.29 f
  adder_2/SGEN/csbi_2/mux/U9/ZN (AOI22_X1)                0.06       1.35 r
  adder_2/SGEN/csbi_2/mux/U8/ZN (INV_X1)                  0.03       1.38 f
  adder_2/SGEN/csbi_2/mux/Y[3] (MUX21_generic_N4_6)       0.00       1.38 f
  adder_2/SGEN/csbi_2/S[3] (carry_select_block_NPB4_6)
                                                          0.00       1.38 f
  adder_2/SGEN/S[11] (sum_generator_N16_NPB4_2)           0.00       1.38 f
  adder_2/S[11] (P4_ADDER_N16_2)                          0.00       1.38 f
  adder_3/B[11] (P4_ADDER_N16_1)                          0.00       1.38 f
  adder_3/CGEN/B[11] (carry_generator_N16_NPB4_1)         0.00       1.38 f
  adder_3/CGEN/U1/ZN (NAND2_X1)                           0.03       1.41 r
  adder_3/CGEN/U3/ZN (NAND2_X1)                           0.03       1.44 f
  adder_3/CGEN/PGJ_0_5_0/P_IK (PG_7)                      0.00       1.44 f
  adder_3/CGEN/PGJ_0_5_0/U3/ZN (AOI21_X1)                 0.04       1.48 r
  adder_3/CGEN/PGJ_0_5_0/U1/ZN (INV_X1)                   0.02       1.50 f
  adder_3/CGEN/PGJ_0_5_0/Gx (PG_7)                        0.00       1.50 f
  adder_3/CGEN/PGJ_1_2_0/G_IK (PG_3)                      0.00       1.50 f
  adder_3/CGEN/PGJ_1_2_0/U2/ZN (AOI21_X1)                 0.05       1.56 r
  adder_3/CGEN/PGJ_1_2_0/U3/ZN (INV_X1)                   0.03       1.58 f
  adder_3/CGEN/PGJ_1_2_0/Gx (PG_3)                        0.00       1.58 f
  adder_3/CGEN/GJ_3_0_1/G_IK (G_1)                        0.00       1.58 f
  adder_3/CGEN/GJ_3_0_1/U1/ZN (AOI21_X1)                  0.05       1.64 r
  adder_3/CGEN/GJ_3_0_1/U2/ZN (INV_X1)                    0.04       1.68 f
  adder_3/CGEN/GJ_3_0_1/Gx (G_1)                          0.00       1.68 f
  adder_3/CGEN/Co[2] (carry_generator_N16_NPB4_1)         0.00       1.68 f
  adder_3/SGEN/Ci[3] (sum_generator_N16_NPB4_1)           0.00       1.68 f
  adder_3/SGEN/csbi_3/Ci (carry_select_block_NPB4_1)      0.00       1.68 f
  adder_3/SGEN/csbi_3/mux/sel (MUX21_generic_N4_1)        0.00       1.68 f
  adder_3/SGEN/csbi_3/mux/U4/ZN (INV_X1)                  0.04       1.72 r
  adder_3/SGEN/csbi_3/mux/U10/ZN (AOI22_X1)               0.04       1.75 f
  adder_3/SGEN/csbi_3/mux/U5/ZN (INV_X1)                  0.02       1.78 r
  adder_3/SGEN/csbi_3/mux/Y[3] (MUX21_generic_N4_1)       0.00       1.78 r
  adder_3/SGEN/csbi_3/S[3] (carry_select_block_NPB4_1)
                                                          0.00       1.78 r
  adder_3/SGEN/S[15] (sum_generator_N16_NPB4_1)           0.00       1.78 r
  adder_3/S[15] (P4_ADDER_N16_1)                          0.00       1.78 r
  S[15] (out)                                             0.00       1.78 r
  data arrival time                                                  1.78

  max_delay                                               1.78       1.78
  output external delay                                   0.00       1.78
  data required time                                                 1.78
  --------------------------------------------------------------------------
  data required time                                                 1.78
  data arrival time                                                 -1.78
  --------------------------------------------------------------------------
  slack (MET)                                                        0.00


  Startpoint: B[2] (input port)
  Endpoint: S[15] (output port)
  Path Group: default
  Path Type: max

  Des/Clust/Port     Wire Load Model       Library
  ------------------------------------------------
  booth_mul_N8       5K_hvratio_1_1        NangateOpenCellLibrary

  Point                                                   Incr       Path
  --------------------------------------------------------------------------
  input external delay                                    0.00       0.00 f
  B[2] (in)                                               0.00       0.00 f
  booth_j_1/i[1] (Booth_Encoder_3)                        0.00       0.00 f
  booth_j_1/U6/Z (BUF_X1)                                 0.04       0.04 f
  booth_j_1/U7/ZN (OAI21_X1)                              0.05       0.09 r
  booth_j_1/U10/ZN (AND3_X1)                              0.08       0.16 r
  booth_j_1/o[2] (Booth_Encoder_3)                        0.00       0.16 r
  mux_j_1/sel[2] (MUX_booth_N16_3)                        0.00       0.16 r
  mux_j_1/U33/ZN (NOR3_X1)                                0.04       0.20 f
  mux_j_1/U31/Z (BUF_X1)                                  0.05       0.25 f
  mux_j_1/U62/ZN (AOI22_X1)                               0.06       0.31 r
  mux_j_1/U70/ZN (NAND2_X1)                               0.03       0.34 f
  mux_j_1/U2/ZN (OR2_X1)                                  0.07       0.41 f
  mux_j_1/Y[4] (MUX_booth_N16_3)                          0.00       0.41 f
  adder_1/A[4] (P4_ADDER_N16_0)                           0.00       0.41 f
  adder_1/SGEN/A[4] (sum_generator_N16_NPB4_0)            0.00       0.41 f
  adder_1/SGEN/csbi_1/A[0] (carry_select_block_NPB4_11)
                                                          0.00       0.41 f
  adder_1/SGEN/csbi_1/UADDER1/A[0] (RCA_N4_22)            0.00       0.41 f
  adder_1/SGEN/csbi_1/UADDER1/FAI_1/A (FA_88)             0.00       0.41 f
  adder_1/SGEN/csbi_1/UADDER1/FAI_1/U4/Z (XOR2_X1)        0.08       0.49 f
  adder_1/SGEN/csbi_1/UADDER1/FAI_1/U2/ZN (AOI22_X1)      0.06       0.55 r
  adder_1/SGEN/csbi_1/UADDER1/FAI_1/U5/ZN (INV_X1)        0.03       0.57 f
  adder_1/SGEN/csbi_1/UADDER1/FAI_1/Co (FA_88)            0.00       0.57 f
  adder_1/SGEN/csbi_1/UADDER1/FAI_2/Ci (FA_87)            0.00       0.57 f
  adder_1/SGEN/csbi_1/UADDER1/FAI_2/U2/ZN (AOI22_X1)      0.06       0.63 r
  adder_1/SGEN/csbi_1/UADDER1/FAI_2/U5/ZN (INV_X1)        0.03       0.65 f
  adder_1/SGEN/csbi_1/UADDER1/FAI_2/Co (FA_87)            0.00       0.65 f
  adder_1/SGEN/csbi_1/UADDER1/FAI_3/Ci (FA_86)            0.00       0.65 f
  adder_1/SGEN/csbi_1/UADDER1/FAI_3/U2/ZN (AOI22_X1)      0.06       0.71 r
  adder_1/SGEN/csbi_1/UADDER1/FAI_3/U5/ZN (INV_X1)        0.03       0.74 f
  adder_1/SGEN/csbi_1/UADDER1/FAI_3/Co (FA_86)            0.00       0.74 f
  adder_1/SGEN/csbi_1/UADDER1/FAI_4/Ci (FA_85)            0.00       0.74 f
  adder_1/SGEN/csbi_1/UADDER1/FAI_4/U3/Z (XOR2_X1)        0.07       0.81 f
  adder_1/SGEN/csbi_1/UADDER1/FAI_4/S (FA_85)             0.00       0.81 f
  adder_1/SGEN/csbi_1/UADDER1/S[3] (RCA_N4_22)            0.00       0.81 f
  adder_1/SGEN/csbi_1/mux/A[3] (MUX21_generic_N4_11)      0.00       0.81 f
  adder_1/SGEN/csbi_1/mux/U9/ZN (AOI22_X1)                0.05       0.85 r
  adder_1/SGEN/csbi_1/mux/U8/ZN (INV_X1)                  0.03       0.88 f
  adder_1/SGEN/csbi_1/mux/Y[3] (MUX21_generic_N4_11)      0.00       0.88 f
  adder_1/SGEN/csbi_1/S[3] (carry_select_block_NPB4_11)
                                                          0.00       0.88 f
  adder_1/SGEN/S[7] (sum_generator_N16_NPB4_0)            0.00       0.88 f
  adder_1/S[7] (P4_ADDER_N16_0)                           0.00       0.88 f
  adder_2/B[7] (P4_ADDER_N16_2)                           0.00       0.88 f
  adder_2/CGEN/B[7] (carry_generator_N16_NPB4_2)          0.00       0.88 f
  adder_2/CGEN/U22/Z (XOR2_X1)                            0.07       0.95 f
  adder_2/CGEN/PGJ_0_3_0/P_IK (PG_20)                     0.00       0.95 f
  adder_2/CGEN/PGJ_0_3_0/U1/ZN (AND2_X1)                  0.04       1.00 f
  adder_2/CGEN/PGJ_0_3_0/Px (PG_20)                       0.00       1.00 f
  adder_2/CGEN/PGJ_1_1_0/P_IK (PG_15)                     0.00       1.00 f
  adder_2/CGEN/PGJ_1_1_0/U2/ZN (AND2_X1)                  0.04       1.03 f
  adder_2/CGEN/PGJ_1_1_0/U1/ZN (OR2_X1)                   0.05       1.08 f
  adder_2/CGEN/PGJ_1_1_0/Gx (PG_15)                       0.00       1.08 f
  adder_2/CGEN/GJ_2_0_0/G_IK (G_8)                        0.00       1.08 f
  adder_2/CGEN/GJ_2_0_0/U1/ZN (OR2_X2)                    0.07       1.15 f
  adder_2/CGEN/GJ_2_0_0/Gx (G_8)                          0.00       1.15 f
  adder_2/CGEN/GJ_3_0_1/G_K_1 (G_6)                       0.00       1.15 f
  adder_2/CGEN/GJ_3_0_1/U2/ZN (AOI21_X1)                  0.05       1.20 r
  adder_2/CGEN/GJ_3_0_1/U1/ZN (INV_X1)                    0.03       1.23 f
  adder_2/CGEN/GJ_3_0_1/Gx (G_6)                          0.00       1.23 f
  adder_2/CGEN/Co[2] (carry_generator_N16_NPB4_2)         0.00       1.23 f
  adder_2/SGEN/Ci[3] (sum_generator_N16_NPB4_2)           0.00       1.23 f
  adder_2/SGEN/csbi_3/Ci (carry_select_block_NPB4_5)      0.00       1.23 f
  adder_2/SGEN/csbi_3/mux/sel (MUX21_generic_N4_5)        0.00       1.23 f
  adder_2/SGEN/csbi_3/mux/U12/ZN (AOI22_X1)               0.05       1.28 r
  adder_2/SGEN/csbi_3/mux/U3/ZN (INV_X1)                  0.04       1.32 f
  adder_2/SGEN/csbi_3/mux/Y[0] (MUX21_generic_N4_5)       0.00       1.32 f
  adder_2/SGEN/csbi_3/S[0] (carry_select_block_NPB4_5)
                                                          0.00       1.32 f
  adder_2/SGEN/S[12] (sum_generator_N16_NPB4_2)           0.00       1.32 f
  adder_2/S[12] (P4_ADDER_N16_2)                          0.00       1.32 f
  adder_3/B[12] (P4_ADDER_N16_1)                          0.00       1.32 f
  adder_3/SGEN/B[12] (sum_generator_N16_NPB4_1)           0.00       1.32 f
  adder_3/SGEN/csbi_3/B[0] (carry_select_block_NPB4_1)
                                                          0.00       1.32 f
  adder_3/SGEN/csbi_3/UADDER1/B[0] (RCA_N4_2)             0.00       1.32 f
  adder_3/SGEN/csbi_3/UADDER1/FAI_1/B (FA_8)              0.00       1.32 f
  adder_3/SGEN/csbi_3/UADDER1/FAI_1/U4/Z (XOR2_X1)        0.08       1.40 f
  adder_3/SGEN/csbi_3/UADDER1/FAI_1/U5/ZN (AOI22_X1)      0.06       1.46 r
  adder_3/SGEN/csbi_3/UADDER1/FAI_1/U6/ZN (INV_X1)        0.03       1.48 f
  adder_3/SGEN/csbi_3/UADDER1/FAI_1/Co (FA_8)             0.00       1.48 f
  adder_3/SGEN/csbi_3/UADDER1/FAI_2/Ci (FA_7)             0.00       1.48 f
  adder_3/SGEN/csbi_3/UADDER1/FAI_2/U2/ZN (AOI22_X1)      0.06       1.54 r
  adder_3/SGEN/csbi_3/UADDER1/FAI_2/U5/ZN (INV_X1)        0.03       1.56 f
  adder_3/SGEN/csbi_3/UADDER1/FAI_2/Co (FA_7)             0.00       1.56 f
  adder_3/SGEN/csbi_3/UADDER1/FAI_3/Ci (FA_6)             0.00       1.56 f
  adder_3/SGEN/csbi_3/UADDER1/FAI_3/U2/ZN (AOI22_X1)      0.06       1.62 r
  adder_3/SGEN/csbi_3/UADDER1/FAI_3/U5/ZN (INV_X1)        0.03       1.64 f
  adder_3/SGEN/csbi_3/UADDER1/FAI_3/Co (FA_6)             0.00       1.64 f
  adder_3/SGEN/csbi_3/UADDER1/FAI_4/Ci (FA_5)             0.00       1.64 f
  adder_3/SGEN/csbi_3/UADDER1/FAI_4/U3/Z (XOR2_X1)        0.07       1.71 f
  adder_3/SGEN/csbi_3/UADDER1/FAI_4/S (FA_5)              0.00       1.71 f
  adder_3/SGEN/csbi_3/UADDER1/S[3] (RCA_N4_2)             0.00       1.71 f
  adder_3/SGEN/csbi_3/mux/A[3] (MUX21_generic_N4_1)       0.00       1.71 f
  adder_3/SGEN/csbi_3/mux/U10/ZN (AOI22_X1)               0.05       1.76 r
  adder_3/SGEN/csbi_3/mux/U5/ZN (INV_X1)                  0.02       1.78 f
  adder_3/SGEN/csbi_3/mux/Y[3] (MUX21_generic_N4_1)       0.00       1.78 f
  adder_3/SGEN/csbi_3/S[3] (carry_select_block_NPB4_1)
                                                          0.00       1.78 f
  adder_3/SGEN/S[15] (sum_generator_N16_NPB4_1)           0.00       1.78 f
  adder_3/S[15] (P4_ADDER_N16_1)                          0.00       1.78 f
  S[15] (out)                                             0.00       1.78 f
  data arrival time                                                  1.78

  max_delay                                               1.78       1.78
  output external delay                                   0.00       1.78
  data required time                                                 1.78
  --------------------------------------------------------------------------
  data required time                                                 1.78
  data arrival time                                                 -1.78
  --------------------------------------------------------------------------
  slack (MET)                                                        0.00


  Startpoint: B[2] (input port)
  Endpoint: S[15] (output port)
  Path Group: default
  Path Type: max

  Des/Clust/Port     Wire Load Model       Library
  ------------------------------------------------
  booth_mul_N8       5K_hvratio_1_1        NangateOpenCellLibrary

  Point                                                   Incr       Path
  --------------------------------------------------------------------------
  input external delay                                    0.00       0.00 f
  B[2] (in)                                               0.00       0.00 f
  booth_j_1/i[1] (Booth_Encoder_3)                        0.00       0.00 f
  booth_j_1/U6/Z (BUF_X1)                                 0.04       0.04 f
  booth_j_1/U7/ZN (OAI21_X1)                              0.05       0.09 r
  booth_j_1/U9/ZN (AOI21_X1)                              0.04       0.12 f
  booth_j_1/o[0] (Booth_Encoder_3)                        0.00       0.12 f
  mux_j_1/sel[0] (MUX_booth_N16_3)                        0.00       0.12 f
  mux_j_1/U15/Z (BUF_X1)                                  0.04       0.16 f
  mux_j_1/U33/ZN (NOR3_X1)                                0.09       0.26 r
  mux_j_1/U34/ZN (NOR4_X1)                                0.05       0.30 f
  mux_j_1/U71/ZN (AOI222_X1)                              0.10       0.40 r
  mux_j_1/U5/ZN (NAND2_X1)                                0.06       0.46 f
  mux_j_1/Y[5] (MUX_booth_N16_3)                          0.00       0.46 f
  adder_1/A[5] (P4_ADDER_N16_0)                           0.00       0.46 f
  adder_1/SGEN/A[5] (sum_generator_N16_NPB4_0)            0.00       0.46 f
  adder_1/SGEN/csbi_1/A[1] (carry_select_block_NPB4_11)
                                                          0.00       0.46 f
  adder_1/SGEN/csbi_1/UADDER2/A[1] (RCA_N4_21)            0.00       0.46 f
  adder_1/SGEN/csbi_1/UADDER2/FAI_2/A (FA_83)             0.00       0.46 f
  adder_1/SGEN/csbi_1/UADDER2/FAI_2/U4/Z (XOR2_X1)        0.09       0.55 f
  adder_1/SGEN/csbi_1/UADDER2/FAI_2/U2/ZN (AOI22_X1)      0.06       0.61 r
  adder_1/SGEN/csbi_1/UADDER2/FAI_2/U1/ZN (INV_X1)        0.03       0.64 f
  adder_1/SGEN/csbi_1/UADDER2/FAI_2/Co (FA_83)            0.00       0.64 f
  adder_1/SGEN/csbi_1/UADDER2/FAI_3/Ci (FA_82)            0.00       0.64 f
  adder_1/SGEN/csbi_1/UADDER2/FAI_3/U2/ZN (AOI22_X1)      0.06       0.70 r
  adder_1/SGEN/csbi_1/UADDER2/FAI_3/U1/ZN (INV_X1)        0.03       0.73 f
  adder_1/SGEN/csbi_1/UADDER2/FAI_3/Co (FA_82)            0.00       0.73 f
  adder_1/SGEN/csbi_1/UADDER2/FAI_4/Ci (FA_81)            0.00       0.73 f
  adder_1/SGEN/csbi_1/UADDER2/FAI_4/U3/Z (XOR2_X1)        0.07       0.80 f
  adder_1/SGEN/csbi_1/UADDER2/FAI_4/S (FA_81)             0.00       0.80 f
  adder_1/SGEN/csbi_1/UADDER2/S[3] (RCA_N4_21)            0.00       0.80 f
  adder_1/SGEN/csbi_1/mux/B[3] (MUX21_generic_N4_11)      0.00       0.80 f
  adder_1/SGEN/csbi_1/mux/U9/ZN (AOI22_X1)                0.06       0.85 r
  adder_1/SGEN/csbi_1/mux/U8/ZN (INV_X1)                  0.03       0.88 f
  adder_1/SGEN/csbi_1/mux/Y[3] (MUX21_generic_N4_11)      0.00       0.88 f
  adder_1/SGEN/csbi_1/S[3] (carry_select_block_NPB4_11)
                                                          0.00       0.88 f
  adder_1/SGEN/S[7] (sum_generator_N16_NPB4_0)            0.00       0.88 f
  adder_1/S[7] (P4_ADDER_N16_0)                           0.00       0.88 f
  adder_2/B[7] (P4_ADDER_N16_2)                           0.00       0.88 f
  adder_2/CGEN/B[7] (carry_generator_N16_NPB4_2)          0.00       0.88 f
  adder_2/CGEN/U22/Z (XOR2_X1)                            0.07       0.95 f
  adder_2/CGEN/PGJ_0_3_0/P_IK (PG_20)                     0.00       0.95 f
  adder_2/CGEN/PGJ_0_3_0/U1/ZN (AND2_X1)                  0.04       1.00 f
  adder_2/CGEN/PGJ_0_3_0/Px (PG_20)                       0.00       1.00 f
  adder_2/CGEN/PGJ_1_1_0/P_IK (PG_15)                     0.00       1.00 f
  adder_2/CGEN/PGJ_1_1_0/U2/ZN (AND2_X1)                  0.04       1.03 f
  adder_2/CGEN/PGJ_1_1_0/U1/ZN (OR2_X1)                   0.05       1.08 f
  adder_2/CGEN/PGJ_1_1_0/Gx (PG_15)                       0.00       1.08 f
  adder_2/CGEN/GJ_2_0_0/G_IK (G_8)                        0.00       1.08 f
  adder_2/CGEN/GJ_2_0_0/U1/ZN (OR2_X2)                    0.07       1.15 f
  adder_2/CGEN/GJ_2_0_0/Gx (G_8)                          0.00       1.15 f
  adder_2/CGEN/GJ_3_0_1/G_K_1 (G_6)                       0.00       1.15 f
  adder_2/CGEN/GJ_3_0_1/U2/ZN (AOI21_X1)                  0.05       1.20 r
  adder_2/CGEN/GJ_3_0_1/U1/ZN (INV_X1)                    0.03       1.23 f
  adder_2/CGEN/GJ_3_0_1/Gx (G_6)                          0.00       1.23 f
  adder_2/CGEN/Co[2] (carry_generator_N16_NPB4_2)         0.00       1.23 f
  adder_2/SGEN/Ci[3] (sum_generator_N16_NPB4_2)           0.00       1.23 f
  adder_2/SGEN/csbi_3/Ci (carry_select_block_NPB4_5)      0.00       1.23 f
  adder_2/SGEN/csbi_3/mux/sel (MUX21_generic_N4_5)        0.00       1.23 f
  adder_2/SGEN/csbi_3/mux/U12/ZN (AOI22_X1)               0.05       1.28 r
  adder_2/SGEN/csbi_3/mux/U3/ZN (INV_X1)                  0.04       1.32 f
  adder_2/SGEN/csbi_3/mux/Y[0] (MUX21_generic_N4_5)       0.00       1.32 f
  adder_2/SGEN/csbi_3/S[0] (carry_select_block_NPB4_5)
                                                          0.00       1.32 f
  adder_2/SGEN/S[12] (sum_generator_N16_NPB4_2)           0.00       1.32 f
  adder_2/S[12] (P4_ADDER_N16_2)                          0.00       1.32 f
  adder_3/B[12] (P4_ADDER_N16_1)                          0.00       1.32 f
  adder_3/SGEN/B[12] (sum_generator_N16_NPB4_1)           0.00       1.32 f
  adder_3/SGEN/csbi_3/B[0] (carry_select_block_NPB4_1)
                                                          0.00       1.32 f
  adder_3/SGEN/csbi_3/UADDER1/B[0] (RCA_N4_2)             0.00       1.32 f
  adder_3/SGEN/csbi_3/UADDER1/FAI_1/B (FA_8)              0.00       1.32 f
  adder_3/SGEN/csbi_3/UADDER1/FAI_1/U4/Z (XOR2_X1)        0.08       1.40 f
  adder_3/SGEN/csbi_3/UADDER1/FAI_1/U5/ZN (AOI22_X1)      0.06       1.46 r
  adder_3/SGEN/csbi_3/UADDER1/FAI_1/U6/ZN (INV_X1)        0.03       1.48 f
  adder_3/SGEN/csbi_3/UADDER1/FAI_1/Co (FA_8)             0.00       1.48 f
  adder_3/SGEN/csbi_3/UADDER1/FAI_2/Ci (FA_7)             0.00       1.48 f
  adder_3/SGEN/csbi_3/UADDER1/FAI_2/U2/ZN (AOI22_X1)      0.06       1.54 r
  adder_3/SGEN/csbi_3/UADDER1/FAI_2/U5/ZN (INV_X1)        0.03       1.56 f
  adder_3/SGEN/csbi_3/UADDER1/FAI_2/Co (FA_7)             0.00       1.56 f
  adder_3/SGEN/csbi_3/UADDER1/FAI_3/Ci (FA_6)             0.00       1.56 f
  adder_3/SGEN/csbi_3/UADDER1/FAI_3/U2/ZN (AOI22_X1)      0.06       1.62 r
  adder_3/SGEN/csbi_3/UADDER1/FAI_3/U5/ZN (INV_X1)        0.03       1.64 f
  adder_3/SGEN/csbi_3/UADDER1/FAI_3/Co (FA_6)             0.00       1.64 f
  adder_3/SGEN/csbi_3/UADDER1/FAI_4/Ci (FA_5)             0.00       1.64 f
  adder_3/SGEN/csbi_3/UADDER1/FAI_4/U3/Z (XOR2_X1)        0.07       1.71 f
  adder_3/SGEN/csbi_3/UADDER1/FAI_4/S (FA_5)              0.00       1.71 f
  adder_3/SGEN/csbi_3/UADDER1/S[3] (RCA_N4_2)             0.00       1.71 f
  adder_3/SGEN/csbi_3/mux/A[3] (MUX21_generic_N4_1)       0.00       1.71 f
  adder_3/SGEN/csbi_3/mux/U10/ZN (AOI22_X1)               0.05       1.76 r
  adder_3/SGEN/csbi_3/mux/U5/ZN (INV_X1)                  0.02       1.78 f
  adder_3/SGEN/csbi_3/mux/Y[3] (MUX21_generic_N4_1)       0.00       1.78 f
  adder_3/SGEN/csbi_3/S[3] (carry_select_block_NPB4_1)
                                                          0.00       1.78 f
  adder_3/SGEN/S[15] (sum_generator_N16_NPB4_1)           0.00       1.78 f
  adder_3/S[15] (P4_ADDER_N16_1)                          0.00       1.78 f
  S[15] (out)                                             0.00       1.78 f
  data arrival time                                                  1.78

  max_delay                                               1.78       1.78
  output external delay                                   0.00       1.78
  data required time                                                 1.78
  --------------------------------------------------------------------------
  data required time                                                 1.78
  data arrival time                                                 -1.78
  --------------------------------------------------------------------------
  slack (MET)                                                        0.00


  Startpoint: B[0] (input port)
  Endpoint: S[13] (output port)
  Path Group: default
  Path Type: max

  Des/Clust/Port     Wire Load Model       Library
  ------------------------------------------------
  booth_mul_N8       5K_hvratio_1_1        NangateOpenCellLibrary

  Point                                                   Incr       Path
  --------------------------------------------------------------------------
  input external delay                                    0.00       0.00 r
  B[0] (in)                                               0.00       0.00 r
  booth_o_0/i[1] (Booth_Encoder_0)                        0.00       0.00 r
  booth_o_0/U6/ZN (INV_X1)                                0.02       0.02 f
  booth_o_0/U7/ZN (NAND2_X1)                              0.02       0.04 r
  booth_o_0/U10/ZN (NAND2_X1)                             0.02       0.07 f
  booth_o_0/U14/ZN (AOI21_X1)                             0.05       0.11 r
  booth_o_0/o[0] (Booth_Encoder_0)                        0.00       0.11 r
  mux_0_0/sel[0] (MUX_booth_N16_0)                        0.00       0.11 r
  mux_0_0/U14/ZN (INV_X1)                                 0.03       0.14 f
  mux_0_0/U10/ZN (NOR2_X1)                                0.04       0.19 r
  mux_0_0/U18/ZN (NAND2_X1)                               0.04       0.22 f
  mux_0_0/U22/ZN (AND4_X2)                                0.06       0.28 f
  mux_0_0/U28/Z (BUF_X2)                                  0.05       0.33 f
  mux_0_0/U76/ZN (AOI222_X1)                              0.09       0.42 r
  mux_0_0/U31/ZN (NAND2_X1)                               0.04       0.46 f
  mux_0_0/Y[3] (MUX_booth_N16_0)                          0.00       0.46 f
  adder_1/B[3] (P4_ADDER_N16_0)                           0.00       0.46 f
  adder_1/CGEN/B[3] (carry_generator_N16_NPB4_0)          0.00       0.46 f
  adder_1/CGEN/U26/Z (XOR2_X1)                            0.08       0.54 f
  adder_1/CGEN/PGJ_0_1_0/P_IK (PG_0)                      0.00       0.54 f
  adder_1/CGEN/PGJ_0_1_0/U3/ZN (AOI21_X1)                 0.05       0.59 r
  adder_1/CGEN/PGJ_0_1_0/U1/ZN (INV_X1)                   0.02       0.61 f
  adder_1/CGEN/PGJ_0_1_0/Gx (PG_0)                        0.00       0.61 f
  adder_1/CGEN/GJ_1_0_0/G_IK (G_14)                       0.00       0.61 f
  adder_1/CGEN/GJ_1_0_0/U2/ZN (AOI21_X1)                  0.05       0.66 r
  adder_1/CGEN/GJ_1_0_0/U1/ZN (INV_X1)                    0.04       0.70 f
  adder_1/CGEN/GJ_1_0_0/Gx (G_14)                         0.00       0.70 f
  adder_1/CGEN/GJ_2_0_0/G_K_1 (G_13)                      0.00       0.70 f
  adder_1/CGEN/GJ_2_0_0/U2/ZN (AOI21_X1)                  0.05       0.75 r
  adder_1/CGEN/GJ_2_0_0/U1/ZN (INV_X1)                    0.03       0.79 f
  adder_1/CGEN/GJ_2_0_0/Gx (G_13)                         0.00       0.79 f
  adder_1/CGEN/Co[1] (carry_generator_N16_NPB4_0)         0.00       0.79 f
  adder_1/SGEN/Ci[2] (sum_generator_N16_NPB4_0)           0.00       0.79 f
  adder_1/SGEN/csbi_2/Ci (carry_select_block_NPB4_10)     0.00       0.79 f
  adder_1/SGEN/csbi_2/mux/sel (MUX21_generic_N4_10)       0.00       0.79 f
  adder_1/SGEN/csbi_2/mux/U2/Z (CLKBUF_X1)                0.05       0.83 f
  adder_1/SGEN/csbi_2/mux/U8/ZN (AOI22_X1)                0.05       0.88 r
  adder_1/SGEN/csbi_2/mux/U5/ZN (INV_X1)                  0.03       0.91 f
  adder_1/SGEN/csbi_2/mux/Y[1] (MUX21_generic_N4_10)      0.00       0.91 f
  adder_1/SGEN/csbi_2/S[1] (carry_select_block_NPB4_10)
                                                          0.00       0.91 f
  adder_1/SGEN/S[9] (sum_generator_N16_NPB4_0)            0.00       0.91 f
  adder_1/S[9] (P4_ADDER_N16_0)                           0.00       0.91 f
  adder_2/B[9] (P4_ADDER_N16_2)                           0.00       0.91 f
  adder_2/U1/Z (BUF_X1)                                   0.05       0.96 f
  adder_2/SGEN/B[9] (sum_generator_N16_NPB4_2)            0.00       0.96 f
  adder_2/SGEN/csbi_2/B[1] (carry_select_block_NPB4_6)
                                                          0.00       0.96 f
  adder_2/SGEN/csbi_2/UADDER2/B[1] (RCA_N4_11)            0.00       0.96 f
  adder_2/SGEN/csbi_2/UADDER2/FAI_2/B (FA_43)             0.00       0.96 f
  adder_2/SGEN/csbi_2/UADDER2/FAI_2/U4/Z (XOR2_X1)        0.08       1.05 f
  adder_2/SGEN/csbi_2/UADDER2/FAI_2/U5/ZN (AOI22_X1)      0.06       1.10 r
  adder_2/SGEN/csbi_2/UADDER2/FAI_2/U2/ZN (INV_X1)        0.03       1.13 f
  adder_2/SGEN/csbi_2/UADDER2/FAI_2/Co (FA_43)            0.00       1.13 f
  adder_2/SGEN/csbi_2/UADDER2/FAI_3/Ci (FA_42)            0.00       1.13 f
  adder_2/SGEN/csbi_2/UADDER2/FAI_3/U2/ZN (AOI22_X1)      0.06       1.19 r
  adder_2/SGEN/csbi_2/UADDER2/FAI_3/U1/ZN (INV_X1)        0.03       1.22 f
  adder_2/SGEN/csbi_2/UADDER2/FAI_3/Co (FA_42)            0.00       1.22 f
  adder_2/SGEN/csbi_2/UADDER2/FAI_4/Ci (FA_41)            0.00       1.22 f
  adder_2/SGEN/csbi_2/UADDER2/FAI_4/U3/Z (XOR2_X1)        0.07       1.29 f
  adder_2/SGEN/csbi_2/UADDER2/FAI_4/S (FA_41)             0.00       1.29 f
  adder_2/SGEN/csbi_2/UADDER2/S[3] (RCA_N4_11)            0.00       1.29 f
  adder_2/SGEN/csbi_2/mux/B[3] (MUX21_generic_N4_6)       0.00       1.29 f
  adder_2/SGEN/csbi_2/mux/U9/ZN (AOI22_X1)                0.06       1.35 r
  adder_2/SGEN/csbi_2/mux/U8/ZN (INV_X1)                  0.03       1.38 f
  adder_2/SGEN/csbi_2/mux/Y[3] (MUX21_generic_N4_6)       0.00       1.38 f
  adder_2/SGEN/csbi_2/S[3] (carry_select_block_NPB4_6)
                                                          0.00       1.38 f
  adder_2/SGEN/S[11] (sum_generator_N16_NPB4_2)           0.00       1.38 f
  adder_2/S[11] (P4_ADDER_N16_2)                          0.00       1.38 f
  adder_3/B[11] (P4_ADDER_N16_1)                          0.00       1.38 f
  adder_3/CGEN/B[11] (carry_generator_N16_NPB4_1)         0.00       1.38 f
  adder_3/CGEN/U1/ZN (NAND2_X1)                           0.03       1.41 r
  adder_3/CGEN/U3/ZN (NAND2_X1)                           0.03       1.44 f
  adder_3/CGEN/PGJ_0_5_0/P_IK (PG_7)                      0.00       1.44 f
  adder_3/CGEN/PGJ_0_5_0/U3/ZN (AOI21_X1)                 0.04       1.48 r
  adder_3/CGEN/PGJ_0_5_0/U1/ZN (INV_X1)                   0.02       1.50 f
  adder_3/CGEN/PGJ_0_5_0/Gx (PG_7)                        0.00       1.50 f
  adder_3/CGEN/PGJ_1_2_0/G_IK (PG_3)                      0.00       1.50 f
  adder_3/CGEN/PGJ_1_2_0/U2/ZN (AOI21_X1)                 0.05       1.56 r
  adder_3/CGEN/PGJ_1_2_0/U3/ZN (INV_X1)                   0.03       1.58 f
  adder_3/CGEN/PGJ_1_2_0/Gx (PG_3)                        0.00       1.58 f
  adder_3/CGEN/GJ_3_0_1/G_IK (G_1)                        0.00       1.58 f
  adder_3/CGEN/GJ_3_0_1/U1/ZN (AOI21_X1)                  0.05       1.64 r
  adder_3/CGEN/GJ_3_0_1/U2/ZN (INV_X1)                    0.04       1.68 f
  adder_3/CGEN/GJ_3_0_1/Gx (G_1)                          0.00       1.68 f
  adder_3/CGEN/Co[2] (carry_generator_N16_NPB4_1)         0.00       1.68 f
  adder_3/SGEN/Ci[3] (sum_generator_N16_NPB4_1)           0.00       1.68 f
  adder_3/SGEN/csbi_3/Ci (carry_select_block_NPB4_1)      0.00       1.68 f
  adder_3/SGEN/csbi_3/mux/sel (MUX21_generic_N4_1)        0.00       1.68 f
  adder_3/SGEN/csbi_3/mux/U4/ZN (INV_X1)                  0.04       1.72 r
  adder_3/SGEN/csbi_3/mux/U3/ZN (AOI22_X1)                0.03       1.75 f
  adder_3/SGEN/csbi_3/mux/U8/ZN (INV_X1)                  0.02       1.78 r
  adder_3/SGEN/csbi_3/mux/Y[1] (MUX21_generic_N4_1)       0.00       1.78 r
  adder_3/SGEN/csbi_3/S[1] (carry_select_block_NPB4_1)
                                                          0.00       1.78 r
  adder_3/SGEN/S[13] (sum_generator_N16_NPB4_1)           0.00       1.78 r
  adder_3/S[13] (P4_ADDER_N16_1)                          0.00       1.78 r
  S[13] (out)                                             0.00       1.78 r
  data arrival time                                                  1.78

  max_delay                                               1.78       1.78
  output external delay                                   0.00       1.78
  data required time                                                 1.78
  --------------------------------------------------------------------------
  data required time                                                 1.78
  data arrival time                                                 -1.78
  --------------------------------------------------------------------------
  slack (MET)                                                        0.00


  Startpoint: B[0] (input port)
  Endpoint: S[14] (output port)
  Path Group: default
  Path Type: max

  Des/Clust/Port     Wire Load Model       Library
  ------------------------------------------------
  booth_mul_N8       5K_hvratio_1_1        NangateOpenCellLibrary

  Point                                                   Incr       Path
  --------------------------------------------------------------------------
  input external delay                                    0.00       0.00 r
  B[0] (in)                                               0.00       0.00 r
  booth_o_0/i[1] (Booth_Encoder_0)                        0.00       0.00 r
  booth_o_0/U6/ZN (INV_X1)                                0.02       0.02 f
  booth_o_0/U7/ZN (NAND2_X1)                              0.02       0.04 r
  booth_o_0/U10/ZN (NAND2_X1)                             0.02       0.07 f
  booth_o_0/U14/ZN (AOI21_X1)                             0.05       0.11 r
  booth_o_0/o[0] (Booth_Encoder_0)                        0.00       0.11 r
  mux_0_0/sel[0] (MUX_booth_N16_0)                        0.00       0.11 r
  mux_0_0/U14/ZN (INV_X1)                                 0.03       0.14 f
  mux_0_0/U10/ZN (NOR2_X1)                                0.04       0.19 r
  mux_0_0/U18/ZN (NAND2_X1)                               0.04       0.22 f
  mux_0_0/U22/ZN (AND4_X2)                                0.06       0.28 f
  mux_0_0/U28/Z (BUF_X2)                                  0.05       0.33 f
  mux_0_0/U76/ZN (AOI222_X1)                              0.09       0.42 r
  mux_0_0/U31/ZN (NAND2_X1)                               0.04       0.46 f
  mux_0_0/Y[3] (MUX_booth_N16_0)                          0.00       0.46 f
  adder_1/B[3] (P4_ADDER_N16_0)                           0.00       0.46 f
  adder_1/CGEN/B[3] (carry_generator_N16_NPB4_0)          0.00       0.46 f
  adder_1/CGEN/U26/Z (XOR2_X1)                            0.08       0.54 f
  adder_1/CGEN/PGJ_0_1_0/P_IK (PG_0)                      0.00       0.54 f
  adder_1/CGEN/PGJ_0_1_0/U3/ZN (AOI21_X1)                 0.05       0.59 r
  adder_1/CGEN/PGJ_0_1_0/U1/ZN (INV_X1)                   0.02       0.61 f
  adder_1/CGEN/PGJ_0_1_0/Gx (PG_0)                        0.00       0.61 f
  adder_1/CGEN/GJ_1_0_0/G_IK (G_14)                       0.00       0.61 f
  adder_1/CGEN/GJ_1_0_0/U2/ZN (AOI21_X1)                  0.05       0.66 r
  adder_1/CGEN/GJ_1_0_0/U1/ZN (INV_X1)                    0.04       0.70 f
  adder_1/CGEN/GJ_1_0_0/Gx (G_14)                         0.00       0.70 f
  adder_1/CGEN/GJ_2_0_0/G_K_1 (G_13)                      0.00       0.70 f
  adder_1/CGEN/GJ_2_0_0/U2/ZN (AOI21_X1)                  0.05       0.75 r
  adder_1/CGEN/GJ_2_0_0/U1/ZN (INV_X1)                    0.03       0.79 f
  adder_1/CGEN/GJ_2_0_0/Gx (G_13)                         0.00       0.79 f
  adder_1/CGEN/Co[1] (carry_generator_N16_NPB4_0)         0.00       0.79 f
  adder_1/SGEN/Ci[2] (sum_generator_N16_NPB4_0)           0.00       0.79 f
  adder_1/SGEN/csbi_2/Ci (carry_select_block_NPB4_10)     0.00       0.79 f
  adder_1/SGEN/csbi_2/mux/sel (MUX21_generic_N4_10)       0.00       0.79 f
  adder_1/SGEN/csbi_2/mux/U2/Z (CLKBUF_X1)                0.05       0.83 f
  adder_1/SGEN/csbi_2/mux/U8/ZN (AOI22_X1)                0.05       0.88 r
  adder_1/SGEN/csbi_2/mux/U5/ZN (INV_X1)                  0.03       0.91 f
  adder_1/SGEN/csbi_2/mux/Y[1] (MUX21_generic_N4_10)      0.00       0.91 f
  adder_1/SGEN/csbi_2/S[1] (carry_select_block_NPB4_10)
                                                          0.00       0.91 f
  adder_1/SGEN/S[9] (sum_generator_N16_NPB4_0)            0.00       0.91 f
  adder_1/S[9] (P4_ADDER_N16_0)                           0.00       0.91 f
  adder_2/B[9] (P4_ADDER_N16_2)                           0.00       0.91 f
  adder_2/U1/Z (BUF_X1)                                   0.05       0.96 f
  adder_2/SGEN/B[9] (sum_generator_N16_NPB4_2)            0.00       0.96 f
  adder_2/SGEN/csbi_2/B[1] (carry_select_block_NPB4_6)
                                                          0.00       0.96 f
  adder_2/SGEN/csbi_2/UADDER2/B[1] (RCA_N4_11)            0.00       0.96 f
  adder_2/SGEN/csbi_2/UADDER2/FAI_2/B (FA_43)             0.00       0.96 f
  adder_2/SGEN/csbi_2/UADDER2/FAI_2/U4/Z (XOR2_X1)        0.08       1.05 f
  adder_2/SGEN/csbi_2/UADDER2/FAI_2/U5/ZN (AOI22_X1)      0.06       1.10 r
  adder_2/SGEN/csbi_2/UADDER2/FAI_2/U2/ZN (INV_X1)        0.03       1.13 f
  adder_2/SGEN/csbi_2/UADDER2/FAI_2/Co (FA_43)            0.00       1.13 f
  adder_2/SGEN/csbi_2/UADDER2/FAI_3/Ci (FA_42)            0.00       1.13 f
  adder_2/SGEN/csbi_2/UADDER2/FAI_3/U2/ZN (AOI22_X1)      0.06       1.19 r
  adder_2/SGEN/csbi_2/UADDER2/FAI_3/U1/ZN (INV_X1)        0.03       1.22 f
  adder_2/SGEN/csbi_2/UADDER2/FAI_3/Co (FA_42)            0.00       1.22 f
  adder_2/SGEN/csbi_2/UADDER2/FAI_4/Ci (FA_41)            0.00       1.22 f
  adder_2/SGEN/csbi_2/UADDER2/FAI_4/U3/Z (XOR2_X1)        0.07       1.29 f
  adder_2/SGEN/csbi_2/UADDER2/FAI_4/S (FA_41)             0.00       1.29 f
  adder_2/SGEN/csbi_2/UADDER2/S[3] (RCA_N4_11)            0.00       1.29 f
  adder_2/SGEN/csbi_2/mux/B[3] (MUX21_generic_N4_6)       0.00       1.29 f
  adder_2/SGEN/csbi_2/mux/U9/ZN (AOI22_X1)                0.06       1.35 r
  adder_2/SGEN/csbi_2/mux/U8/ZN (INV_X1)                  0.03       1.38 f
  adder_2/SGEN/csbi_2/mux/Y[3] (MUX21_generic_N4_6)       0.00       1.38 f
  adder_2/SGEN/csbi_2/S[3] (carry_select_block_NPB4_6)
                                                          0.00       1.38 f
  adder_2/SGEN/S[11] (sum_generator_N16_NPB4_2)           0.00       1.38 f
  adder_2/S[11] (P4_ADDER_N16_2)                          0.00       1.38 f
  adder_3/B[11] (P4_ADDER_N16_1)                          0.00       1.38 f
  adder_3/CGEN/B[11] (carry_generator_N16_NPB4_1)         0.00       1.38 f
  adder_3/CGEN/U1/ZN (NAND2_X1)                           0.03       1.41 r
  adder_3/CGEN/U3/ZN (NAND2_X1)                           0.03       1.44 f
  adder_3/CGEN/PGJ_0_5_0/P_IK (PG_7)                      0.00       1.44 f
  adder_3/CGEN/PGJ_0_5_0/U3/ZN (AOI21_X1)                 0.04       1.48 r
  adder_3/CGEN/PGJ_0_5_0/U1/ZN (INV_X1)                   0.02       1.50 f
  adder_3/CGEN/PGJ_0_5_0/Gx (PG_7)                        0.00       1.50 f
  adder_3/CGEN/PGJ_1_2_0/G_IK (PG_3)                      0.00       1.50 f
  adder_3/CGEN/PGJ_1_2_0/U2/ZN (AOI21_X1)                 0.05       1.56 r
  adder_3/CGEN/PGJ_1_2_0/U3/ZN (INV_X1)                   0.03       1.58 f
  adder_3/CGEN/PGJ_1_2_0/Gx (PG_3)                        0.00       1.58 f
  adder_3/CGEN/GJ_3_0_1/G_IK (G_1)                        0.00       1.58 f
  adder_3/CGEN/GJ_3_0_1/U1/ZN (AOI21_X1)                  0.05       1.64 r
  adder_3/CGEN/GJ_3_0_1/U2/ZN (INV_X1)                    0.04       1.68 f
  adder_3/CGEN/GJ_3_0_1/Gx (G_1)                          0.00       1.68 f
  adder_3/CGEN/Co[2] (carry_generator_N16_NPB4_1)         0.00       1.68 f
  adder_3/SGEN/Ci[3] (sum_generator_N16_NPB4_1)           0.00       1.68 f
  adder_3/SGEN/csbi_3/Ci (carry_select_block_NPB4_1)      0.00       1.68 f
  adder_3/SGEN/csbi_3/mux/sel (MUX21_generic_N4_1)        0.00       1.68 f
  adder_3/SGEN/csbi_3/mux/U1/ZN (INV_X1)                  0.04       1.72 r
  adder_3/SGEN/csbi_3/mux/U9/ZN (AOI22_X1)                0.03       1.75 f
  adder_3/SGEN/csbi_3/mux/U2/ZN (INV_X1)                  0.02       1.78 r
  adder_3/SGEN/csbi_3/mux/Y[2] (MUX21_generic_N4_1)       0.00       1.78 r
  adder_3/SGEN/csbi_3/S[2] (carry_select_block_NPB4_1)
                                                          0.00       1.78 r
  adder_3/SGEN/S[14] (sum_generator_N16_NPB4_1)           0.00       1.78 r
  adder_3/S[14] (P4_ADDER_N16_1)                          0.00       1.78 r
  S[14] (out)                                             0.00       1.78 r
  data arrival time                                                  1.78

  max_delay                                               1.78       1.78
  output external delay                                   0.00       1.78
  data required time                                                 1.78
  --------------------------------------------------------------------------
  data required time                                                 1.78
  data arrival time                                                 -1.78
  --------------------------------------------------------------------------
  slack (MET)                                                        0.00


  Startpoint: B[2] (input port)
  Endpoint: S[15] (output port)
  Path Group: default
  Path Type: max

  Des/Clust/Port     Wire Load Model       Library
  ------------------------------------------------
  booth_mul_N8       5K_hvratio_1_1        NangateOpenCellLibrary

  Point                                                   Incr       Path
  --------------------------------------------------------------------------
  input external delay                                    0.00       0.00 f
  B[2] (in)                                               0.00       0.00 f
  booth_j_1/i[1] (Booth_Encoder_3)                        0.00       0.00 f
  booth_j_1/U6/Z (BUF_X1)                                 0.04       0.04 f
  booth_j_1/U7/ZN (OAI21_X1)                              0.05       0.09 r
  booth_j_1/U9/ZN (AOI21_X1)                              0.04       0.12 f
  booth_j_1/o[0] (Booth_Encoder_3)                        0.00       0.12 f
  mux_j_1/sel[0] (MUX_booth_N16_3)                        0.00       0.12 f
  mux_j_1/U15/Z (BUF_X1)                                  0.04       0.16 f
  mux_j_1/U33/ZN (NOR3_X1)                                0.09       0.26 r
  mux_j_1/U67/ZN (NOR4_X1)                                0.04       0.30 f
  mux_j_1/U69/ZN (AND2_X1)                                0.04       0.34 f
  mux_j_1/U2/ZN (OR2_X1)                                  0.07       0.41 f
  mux_j_1/Y[4] (MUX_booth_N16_3)                          0.00       0.41 f
  adder_1/A[4] (P4_ADDER_N16_0)                           0.00       0.41 f
  adder_1/SGEN/A[4] (sum_generator_N16_NPB4_0)            0.00       0.41 f
  adder_1/SGEN/csbi_1/A[0] (carry_select_block_NPB4_11)
                                                          0.00       0.41 f
  adder_1/SGEN/csbi_1/UADDER1/A[0] (RCA_N4_22)            0.00       0.41 f
  adder_1/SGEN/csbi_1/UADDER1/FAI_1/A (FA_88)             0.00       0.41 f
  adder_1/SGEN/csbi_1/UADDER1/FAI_1/U4/Z (XOR2_X1)        0.08       0.49 f
  adder_1/SGEN/csbi_1/UADDER1/FAI_1/U2/ZN (AOI22_X1)      0.06       0.55 r
  adder_1/SGEN/csbi_1/UADDER1/FAI_1/U5/ZN (INV_X1)        0.03       0.57 f
  adder_1/SGEN/csbi_1/UADDER1/FAI_1/Co (FA_88)            0.00       0.57 f
  adder_1/SGEN/csbi_1/UADDER1/FAI_2/Ci (FA_87)            0.00       0.57 f
  adder_1/SGEN/csbi_1/UADDER1/FAI_2/U2/ZN (AOI22_X1)      0.06       0.63 r
  adder_1/SGEN/csbi_1/UADDER1/FAI_2/U5/ZN (INV_X1)        0.03       0.65 f
  adder_1/SGEN/csbi_1/UADDER1/FAI_2/Co (FA_87)            0.00       0.65 f
  adder_1/SGEN/csbi_1/UADDER1/FAI_3/Ci (FA_86)            0.00       0.65 f
  adder_1/SGEN/csbi_1/UADDER1/FAI_3/U2/ZN (AOI22_X1)      0.06       0.71 r
  adder_1/SGEN/csbi_1/UADDER1/FAI_3/U5/ZN (INV_X1)        0.03       0.74 f
  adder_1/SGEN/csbi_1/UADDER1/FAI_3/Co (FA_86)            0.00       0.74 f
  adder_1/SGEN/csbi_1/UADDER1/FAI_4/Ci (FA_85)            0.00       0.74 f
  adder_1/SGEN/csbi_1/UADDER1/FAI_4/U3/Z (XOR2_X1)        0.07       0.81 f
  adder_1/SGEN/csbi_1/UADDER1/FAI_4/S (FA_85)             0.00       0.81 f
  adder_1/SGEN/csbi_1/UADDER1/S[3] (RCA_N4_22)            0.00       0.81 f
  adder_1/SGEN/csbi_1/mux/A[3] (MUX21_generic_N4_11)      0.00       0.81 f
  adder_1/SGEN/csbi_1/mux/U9/ZN (AOI22_X1)                0.05       0.85 r
  adder_1/SGEN/csbi_1/mux/U8/ZN (INV_X1)                  0.03       0.88 f
  adder_1/SGEN/csbi_1/mux/Y[3] (MUX21_generic_N4_11)      0.00       0.88 f
  adder_1/SGEN/csbi_1/S[3] (carry_select_block_NPB4_11)
                                                          0.00       0.88 f
  adder_1/SGEN/S[7] (sum_generator_N16_NPB4_0)            0.00       0.88 f
  adder_1/S[7] (P4_ADDER_N16_0)                           0.00       0.88 f
  adder_2/B[7] (P4_ADDER_N16_2)                           0.00       0.88 f
  adder_2/CGEN/B[7] (carry_generator_N16_NPB4_2)          0.00       0.88 f
  adder_2/CGEN/U22/Z (XOR2_X1)                            0.07       0.95 f
  adder_2/CGEN/PGJ_0_3_0/P_IK (PG_20)                     0.00       0.95 f
  adder_2/CGEN/PGJ_0_3_0/U1/ZN (AND2_X1)                  0.04       1.00 f
  adder_2/CGEN/PGJ_0_3_0/Px (PG_20)                       0.00       1.00 f
  adder_2/CGEN/PGJ_1_1_0/P_IK (PG_15)                     0.00       1.00 f
  adder_2/CGEN/PGJ_1_1_0/U2/ZN (AND2_X1)                  0.04       1.03 f
  adder_2/CGEN/PGJ_1_1_0/U1/ZN (OR2_X1)                   0.05       1.08 f
  adder_2/CGEN/PGJ_1_1_0/Gx (PG_15)                       0.00       1.08 f
  adder_2/CGEN/GJ_2_0_0/G_IK (G_8)                        0.00       1.08 f
  adder_2/CGEN/GJ_2_0_0/U1/ZN (OR2_X2)                    0.07       1.15 f
  adder_2/CGEN/GJ_2_0_0/Gx (G_8)                          0.00       1.15 f
  adder_2/CGEN/GJ_3_0_1/G_K_1 (G_6)                       0.00       1.15 f
  adder_2/CGEN/GJ_3_0_1/U2/ZN (AOI21_X1)                  0.05       1.20 r
  adder_2/CGEN/GJ_3_0_1/U1/ZN (INV_X1)                    0.03       1.23 f
  adder_2/CGEN/GJ_3_0_1/Gx (G_6)                          0.00       1.23 f
  adder_2/CGEN/Co[2] (carry_generator_N16_NPB4_2)         0.00       1.23 f
  adder_2/SGEN/Ci[3] (sum_generator_N16_NPB4_2)           0.00       1.23 f
  adder_2/SGEN/csbi_3/Ci (carry_select_block_NPB4_5)      0.00       1.23 f
  adder_2/SGEN/csbi_3/mux/sel (MUX21_generic_N4_5)        0.00       1.23 f
  adder_2/SGEN/csbi_3/mux/U12/ZN (AOI22_X1)               0.05       1.28 r
  adder_2/SGEN/csbi_3/mux/U3/ZN (INV_X1)                  0.04       1.32 f
  adder_2/SGEN/csbi_3/mux/Y[0] (MUX21_generic_N4_5)       0.00       1.32 f
  adder_2/SGEN/csbi_3/S[0] (carry_select_block_NPB4_5)
                                                          0.00       1.32 f
  adder_2/SGEN/S[12] (sum_generator_N16_NPB4_2)           0.00       1.32 f
  adder_2/S[12] (P4_ADDER_N16_2)                          0.00       1.32 f
  adder_3/B[12] (P4_ADDER_N16_1)                          0.00       1.32 f
  adder_3/SGEN/B[12] (sum_generator_N16_NPB4_1)           0.00       1.32 f
  adder_3/SGEN/csbi_3/B[0] (carry_select_block_NPB4_1)
                                                          0.00       1.32 f
  adder_3/SGEN/csbi_3/UADDER1/B[0] (RCA_N4_2)             0.00       1.32 f
  adder_3/SGEN/csbi_3/UADDER1/FAI_1/B (FA_8)              0.00       1.32 f
  adder_3/SGEN/csbi_3/UADDER1/FAI_1/U4/Z (XOR2_X1)        0.08       1.40 f
  adder_3/SGEN/csbi_3/UADDER1/FAI_1/U5/ZN (AOI22_X1)      0.06       1.46 r
  adder_3/SGEN/csbi_3/UADDER1/FAI_1/U6/ZN (INV_X1)        0.03       1.48 f
  adder_3/SGEN/csbi_3/UADDER1/FAI_1/Co (FA_8)             0.00       1.48 f
  adder_3/SGEN/csbi_3/UADDER1/FAI_2/Ci (FA_7)             0.00       1.48 f
  adder_3/SGEN/csbi_3/UADDER1/FAI_2/U2/ZN (AOI22_X1)      0.06       1.54 r
  adder_3/SGEN/csbi_3/UADDER1/FAI_2/U5/ZN (INV_X1)        0.03       1.56 f
  adder_3/SGEN/csbi_3/UADDER1/FAI_2/Co (FA_7)             0.00       1.56 f
  adder_3/SGEN/csbi_3/UADDER1/FAI_3/Ci (FA_6)             0.00       1.56 f
  adder_3/SGEN/csbi_3/UADDER1/FAI_3/U2/ZN (AOI22_X1)      0.06       1.62 r
  adder_3/SGEN/csbi_3/UADDER1/FAI_3/U5/ZN (INV_X1)        0.03       1.64 f
  adder_3/SGEN/csbi_3/UADDER1/FAI_3/Co (FA_6)             0.00       1.64 f
  adder_3/SGEN/csbi_3/UADDER1/FAI_4/Ci (FA_5)             0.00       1.64 f
  adder_3/SGEN/csbi_3/UADDER1/FAI_4/U3/Z (XOR2_X1)        0.07       1.71 f
  adder_3/SGEN/csbi_3/UADDER1/FAI_4/S (FA_5)              0.00       1.71 f
  adder_3/SGEN/csbi_3/UADDER1/S[3] (RCA_N4_2)             0.00       1.71 f
  adder_3/SGEN/csbi_3/mux/A[3] (MUX21_generic_N4_1)       0.00       1.71 f
  adder_3/SGEN/csbi_3/mux/U10/ZN (AOI22_X1)               0.05       1.76 r
  adder_3/SGEN/csbi_3/mux/U5/ZN (INV_X1)                  0.02       1.78 f
  adder_3/SGEN/csbi_3/mux/Y[3] (MUX21_generic_N4_1)       0.00       1.78 f
  adder_3/SGEN/csbi_3/S[3] (carry_select_block_NPB4_1)
                                                          0.00       1.78 f
  adder_3/SGEN/S[15] (sum_generator_N16_NPB4_1)           0.00       1.78 f
  adder_3/S[15] (P4_ADDER_N16_1)                          0.00       1.78 f
  S[15] (out)                                             0.00       1.78 f
  data arrival time                                                  1.78

  max_delay                                               1.78       1.78
  output external delay                                   0.00       1.78
  data required time                                                 1.78
  --------------------------------------------------------------------------
  data required time                                                 1.78
  data arrival time                                                 -1.78
  --------------------------------------------------------------------------
  slack (MET)                                                        0.00


  Startpoint: B[2] (input port)
  Endpoint: S[15] (output port)
  Path Group: default
  Path Type: max

  Des/Clust/Port     Wire Load Model       Library
  ------------------------------------------------
  booth_mul_N8       5K_hvratio_1_1        NangateOpenCellLibrary

  Point                                                   Incr       Path
  --------------------------------------------------------------------------
  input external delay                                    0.00       0.00 f
  B[2] (in)                                               0.00       0.00 f
  booth_j_1/i[1] (Booth_Encoder_3)                        0.00       0.00 f
  booth_j_1/U6/Z (BUF_X1)                                 0.04       0.04 f
  booth_j_1/U7/ZN (OAI21_X1)                              0.05       0.09 r
  booth_j_1/U10/ZN (AND3_X1)                              0.08       0.16 r
  booth_j_1/o[2] (Booth_Encoder_3)                        0.00       0.16 r
  mux_j_1/sel[2] (MUX_booth_N16_3)                        0.00       0.16 r
  mux_j_1/U33/ZN (NOR3_X1)                                0.04       0.20 f
  mux_j_1/U31/Z (BUF_X1)                                  0.05       0.25 f
  mux_j_1/U62/ZN (AOI22_X1)                               0.06       0.31 r
  mux_j_1/U70/ZN (NAND2_X1)                               0.03       0.34 f
  mux_j_1/U2/ZN (OR2_X1)                                  0.07       0.41 f
  mux_j_1/Y[4] (MUX_booth_N16_3)                          0.00       0.41 f
  adder_1/A[4] (P4_ADDER_N16_0)                           0.00       0.41 f
  adder_1/SGEN/A[4] (sum_generator_N16_NPB4_0)            0.00       0.41 f
  adder_1/SGEN/csbi_1/A[0] (carry_select_block_NPB4_11)
                                                          0.00       0.41 f
  adder_1/SGEN/csbi_1/UADDER1/A[0] (RCA_N4_22)            0.00       0.41 f
  adder_1/SGEN/csbi_1/UADDER1/FAI_1/A (FA_88)             0.00       0.41 f
  adder_1/SGEN/csbi_1/UADDER1/FAI_1/U4/Z (XOR2_X1)        0.08       0.49 f
  adder_1/SGEN/csbi_1/UADDER1/FAI_1/U2/ZN (AOI22_X1)      0.06       0.55 r
  adder_1/SGEN/csbi_1/UADDER1/FAI_1/U5/ZN (INV_X1)        0.03       0.57 f
  adder_1/SGEN/csbi_1/UADDER1/FAI_1/Co (FA_88)            0.00       0.57 f
  adder_1/SGEN/csbi_1/UADDER1/FAI_2/Ci (FA_87)            0.00       0.57 f
  adder_1/SGEN/csbi_1/UADDER1/FAI_2/U2/ZN (AOI22_X1)      0.06       0.63 r
  adder_1/SGEN/csbi_1/UADDER1/FAI_2/U5/ZN (INV_X1)        0.03       0.65 f
  adder_1/SGEN/csbi_1/UADDER1/FAI_2/Co (FA_87)            0.00       0.65 f
  adder_1/SGEN/csbi_1/UADDER1/FAI_3/Ci (FA_86)            0.00       0.65 f
  adder_1/SGEN/csbi_1/UADDER1/FAI_3/U2/ZN (AOI22_X1)      0.06       0.71 r
  adder_1/SGEN/csbi_1/UADDER1/FAI_3/U5/ZN (INV_X1)        0.03       0.74 f
  adder_1/SGEN/csbi_1/UADDER1/FAI_3/Co (FA_86)            0.00       0.74 f
  adder_1/SGEN/csbi_1/UADDER1/FAI_4/Ci (FA_85)            0.00       0.74 f
  adder_1/SGEN/csbi_1/UADDER1/FAI_4/U3/Z (XOR2_X1)        0.07       0.81 f
  adder_1/SGEN/csbi_1/UADDER1/FAI_4/S (FA_85)             0.00       0.81 f
  adder_1/SGEN/csbi_1/UADDER1/S[3] (RCA_N4_22)            0.00       0.81 f
  adder_1/SGEN/csbi_1/mux/A[3] (MUX21_generic_N4_11)      0.00       0.81 f
  adder_1/SGEN/csbi_1/mux/U9/ZN (AOI22_X1)                0.05       0.85 r
  adder_1/SGEN/csbi_1/mux/U8/ZN (INV_X1)                  0.03       0.88 f
  adder_1/SGEN/csbi_1/mux/Y[3] (MUX21_generic_N4_11)      0.00       0.88 f
  adder_1/SGEN/csbi_1/S[3] (carry_select_block_NPB4_11)
                                                          0.00       0.88 f
  adder_1/SGEN/S[7] (sum_generator_N16_NPB4_0)            0.00       0.88 f
  adder_1/S[7] (P4_ADDER_N16_0)                           0.00       0.88 f
  adder_2/B[7] (P4_ADDER_N16_2)                           0.00       0.88 f
  adder_2/CGEN/B[7] (carry_generator_N16_NPB4_2)          0.00       0.88 f
  adder_2/CGEN/U22/Z (XOR2_X1)                            0.07       0.95 f
  adder_2/CGEN/PGJ_0_3_0/P_IK (PG_20)                     0.00       0.95 f
  adder_2/CGEN/PGJ_0_3_0/U1/ZN (AND2_X1)                  0.04       1.00 f
  adder_2/CGEN/PGJ_0_3_0/Px (PG_20)                       0.00       1.00 f
  adder_2/CGEN/PGJ_1_1_0/P_IK (PG_15)                     0.00       1.00 f
  adder_2/CGEN/PGJ_1_1_0/U2/ZN (AND2_X1)                  0.04       1.03 f
  adder_2/CGEN/PGJ_1_1_0/U1/ZN (OR2_X1)                   0.05       1.08 f
  adder_2/CGEN/PGJ_1_1_0/Gx (PG_15)                       0.00       1.08 f
  adder_2/CGEN/GJ_2_0_0/G_IK (G_8)                        0.00       1.08 f
  adder_2/CGEN/GJ_2_0_0/U1/ZN (OR2_X2)                    0.07       1.15 f
  adder_2/CGEN/GJ_2_0_0/Gx (G_8)                          0.00       1.15 f
  adder_2/CGEN/GJ_3_0_1/G_K_1 (G_6)                       0.00       1.15 f
  adder_2/CGEN/GJ_3_0_1/U2/ZN (AOI21_X1)                  0.05       1.20 r
  adder_2/CGEN/GJ_3_0_1/U1/ZN (INV_X1)                    0.03       1.23 f
  adder_2/CGEN/GJ_3_0_1/Gx (G_6)                          0.00       1.23 f
  adder_2/CGEN/Co[2] (carry_generator_N16_NPB4_2)         0.00       1.23 f
  adder_2/SGEN/Ci[3] (sum_generator_N16_NPB4_2)           0.00       1.23 f
  adder_2/SGEN/csbi_3/Ci (carry_select_block_NPB4_5)      0.00       1.23 f
  adder_2/SGEN/csbi_3/mux/sel (MUX21_generic_N4_5)        0.00       1.23 f
  adder_2/SGEN/csbi_3/mux/U1/Z (CLKBUF_X1)                0.04       1.28 f
  adder_2/SGEN/csbi_3/mux/U11/ZN (AOI22_X1)               0.05       1.33 r
  adder_2/SGEN/csbi_3/mux/U5/ZN (INV_X1)                  0.04       1.37 f
  adder_2/SGEN/csbi_3/mux/Y[1] (MUX21_generic_N4_5)       0.00       1.37 f
  adder_2/SGEN/csbi_3/S[1] (carry_select_block_NPB4_5)
                                                          0.00       1.37 f
  adder_2/SGEN/S[13] (sum_generator_N16_NPB4_2)           0.00       1.37 f
  adder_2/S[13] (P4_ADDER_N16_2)                          0.00       1.37 f
  adder_3/B[13] (P4_ADDER_N16_1)                          0.00       1.37 f
  adder_3/SGEN/B[13] (sum_generator_N16_NPB4_1)           0.00       1.37 f
  adder_3/SGEN/csbi_3/B[1] (carry_select_block_NPB4_1)
                                                          0.00       1.37 f
  adder_3/SGEN/csbi_3/UADDER2/B[1] (RCA_N4_1)             0.00       1.37 f
  adder_3/SGEN/csbi_3/UADDER2/FAI_2/B (FA_3)              0.00       1.37 f
  adder_3/SGEN/csbi_3/UADDER2/FAI_2/U4/Z (XOR2_X1)        0.09       1.46 f
  adder_3/SGEN/csbi_3/UADDER2/FAI_2/U2/ZN (AOI22_X1)      0.06       1.52 r
  adder_3/SGEN/csbi_3/UADDER2/FAI_2/U1/ZN (INV_X1)        0.03       1.54 f
  adder_3/SGEN/csbi_3/UADDER2/FAI_2/Co (FA_3)             0.00       1.54 f
  adder_3/SGEN/csbi_3/UADDER2/FAI_3/Ci (FA_2)             0.00       1.54 f
  adder_3/SGEN/csbi_3/UADDER2/FAI_3/U2/ZN (AOI22_X1)      0.06       1.61 r
  adder_3/SGEN/csbi_3/UADDER2/FAI_3/U1/ZN (INV_X1)        0.03       1.63 f
  adder_3/SGEN/csbi_3/UADDER2/FAI_3/Co (FA_2)             0.00       1.63 f
  adder_3/SGEN/csbi_3/UADDER2/FAI_4/Ci (FA_1)             0.00       1.63 f
  adder_3/SGEN/csbi_3/UADDER2/FAI_4/U3/Z (XOR2_X1)        0.07       1.70 f
  adder_3/SGEN/csbi_3/UADDER2/FAI_4/S (FA_1)              0.00       1.70 f
  adder_3/SGEN/csbi_3/UADDER2/S[3] (RCA_N4_1)             0.00       1.70 f
  adder_3/SGEN/csbi_3/mux/B[3] (MUX21_generic_N4_1)       0.00       1.70 f
  adder_3/SGEN/csbi_3/mux/U10/ZN (AOI22_X1)               0.06       1.76 r
  adder_3/SGEN/csbi_3/mux/U5/ZN (INV_X1)                  0.02       1.78 f
  adder_3/SGEN/csbi_3/mux/Y[3] (MUX21_generic_N4_1)       0.00       1.78 f
  adder_3/SGEN/csbi_3/S[3] (carry_select_block_NPB4_1)
                                                          0.00       1.78 f
  adder_3/SGEN/S[15] (sum_generator_N16_NPB4_1)           0.00       1.78 f
  adder_3/S[15] (P4_ADDER_N16_1)                          0.00       1.78 f
  S[15] (out)                                             0.00       1.78 f
  data arrival time                                                  1.78

  max_delay                                               1.78       1.78
  output external delay                                   0.00       1.78
  data required time                                                 1.78
  --------------------------------------------------------------------------
  data required time                                                 1.78
  data arrival time                                                 -1.78
  --------------------------------------------------------------------------
  slack (MET)                                                        0.00


  Startpoint: B[2] (input port)
  Endpoint: S[15] (output port)
  Path Group: default
  Path Type: max

  Des/Clust/Port     Wire Load Model       Library
  ------------------------------------------------
  booth_mul_N8       5K_hvratio_1_1        NangateOpenCellLibrary

  Point                                                   Incr       Path
  --------------------------------------------------------------------------
  input external delay                                    0.00       0.00 f
  B[2] (in)                                               0.00       0.00 f
  booth_j_1/i[1] (Booth_Encoder_3)                        0.00       0.00 f
  booth_j_1/U6/Z (BUF_X1)                                 0.04       0.04 f
  booth_j_1/U7/ZN (OAI21_X1)                              0.05       0.09 r
  booth_j_1/U10/ZN (AND3_X1)                              0.08       0.16 r
  booth_j_1/o[2] (Booth_Encoder_3)                        0.00       0.16 r
  mux_j_1/sel[2] (MUX_booth_N16_3)                        0.00       0.16 r
  mux_j_1/U33/ZN (NOR3_X1)                                0.04       0.20 f
  mux_j_1/U67/ZN (NOR4_X1)                                0.13       0.34 r
  mux_j_1/U69/ZN (AND2_X1)                                0.05       0.39 r
  mux_j_1/U2/ZN (OR2_X1)                                  0.05       0.44 r
  mux_j_1/Y[4] (MUX_booth_N16_3)                          0.00       0.44 r
  adder_1/A[4] (P4_ADDER_N16_0)                           0.00       0.44 r
  adder_1/SGEN/A[4] (sum_generator_N16_NPB4_0)            0.00       0.44 r
  adder_1/SGEN/csbi_1/A[0] (carry_select_block_NPB4_11)
                                                          0.00       0.44 r
  adder_1/SGEN/csbi_1/UADDER1/A[0] (RCA_N4_22)            0.00       0.44 r
  adder_1/SGEN/csbi_1/UADDER1/FAI_1/A (FA_88)             0.00       0.44 r
  adder_1/SGEN/csbi_1/UADDER1/FAI_1/U4/Z (XOR2_X1)        0.04       0.49 f
  adder_1/SGEN/csbi_1/UADDER1/FAI_1/U2/ZN (AOI22_X1)      0.06       0.55 r
  adder_1/SGEN/csbi_1/UADDER1/FAI_1/U5/ZN (INV_X1)        0.03       0.57 f
  adder_1/SGEN/csbi_1/UADDER1/FAI_1/Co (FA_88)            0.00       0.57 f
  adder_1/SGEN/csbi_1/UADDER1/FAI_2/Ci (FA_87)            0.00       0.57 f
  adder_1/SGEN/csbi_1/UADDER1/FAI_2/U2/ZN (AOI22_X1)      0.06       0.63 r
  adder_1/SGEN/csbi_1/UADDER1/FAI_2/U5/ZN (INV_X1)        0.03       0.65 f
  adder_1/SGEN/csbi_1/UADDER1/FAI_2/Co (FA_87)            0.00       0.65 f
  adder_1/SGEN/csbi_1/UADDER1/FAI_3/Ci (FA_86)            0.00       0.65 f
  adder_1/SGEN/csbi_1/UADDER1/FAI_3/U2/ZN (AOI22_X1)      0.06       0.71 r
  adder_1/SGEN/csbi_1/UADDER1/FAI_3/U5/ZN (INV_X1)        0.03       0.74 f
  adder_1/SGEN/csbi_1/UADDER1/FAI_3/Co (FA_86)            0.00       0.74 f
  adder_1/SGEN/csbi_1/UADDER1/FAI_4/Ci (FA_85)            0.00       0.74 f
  adder_1/SGEN/csbi_1/UADDER1/FAI_4/U3/Z (XOR2_X1)        0.07       0.80 f
  adder_1/SGEN/csbi_1/UADDER1/FAI_4/S (FA_85)             0.00       0.80 f
  adder_1/SGEN/csbi_1/UADDER1/S[3] (RCA_N4_22)            0.00       0.80 f
  adder_1/SGEN/csbi_1/mux/A[3] (MUX21_generic_N4_11)      0.00       0.80 f
  adder_1/SGEN/csbi_1/mux/U9/ZN (AOI22_X1)                0.05       0.85 r
  adder_1/SGEN/csbi_1/mux/U8/ZN (INV_X1)                  0.03       0.88 f
  adder_1/SGEN/csbi_1/mux/Y[3] (MUX21_generic_N4_11)      0.00       0.88 f
  adder_1/SGEN/csbi_1/S[3] (carry_select_block_NPB4_11)
                                                          0.00       0.88 f
  adder_1/SGEN/S[7] (sum_generator_N16_NPB4_0)            0.00       0.88 f
  adder_1/S[7] (P4_ADDER_N16_0)                           0.00       0.88 f
  adder_2/B[7] (P4_ADDER_N16_2)                           0.00       0.88 f
  adder_2/CGEN/B[7] (carry_generator_N16_NPB4_2)          0.00       0.88 f
  adder_2/CGEN/U22/Z (XOR2_X1)                            0.07       0.95 f
  adder_2/CGEN/PGJ_0_3_0/P_IK (PG_20)                     0.00       0.95 f
  adder_2/CGEN/PGJ_0_3_0/U1/ZN (AND2_X1)                  0.04       1.00 f
  adder_2/CGEN/PGJ_0_3_0/Px (PG_20)                       0.00       1.00 f
  adder_2/CGEN/PGJ_1_1_0/P_IK (PG_15)                     0.00       1.00 f
  adder_2/CGEN/PGJ_1_1_0/U2/ZN (AND2_X1)                  0.04       1.03 f
  adder_2/CGEN/PGJ_1_1_0/U1/ZN (OR2_X1)                   0.05       1.08 f
  adder_2/CGEN/PGJ_1_1_0/Gx (PG_15)                       0.00       1.08 f
  adder_2/CGEN/GJ_2_0_0/G_IK (G_8)                        0.00       1.08 f
  adder_2/CGEN/GJ_2_0_0/U1/ZN (OR2_X2)                    0.07       1.15 f
  adder_2/CGEN/GJ_2_0_0/Gx (G_8)                          0.00       1.15 f
  adder_2/CGEN/GJ_3_0_1/G_K_1 (G_6)                       0.00       1.15 f
  adder_2/CGEN/GJ_3_0_1/U2/ZN (AOI21_X1)                  0.05       1.20 r
  adder_2/CGEN/GJ_3_0_1/U1/ZN (INV_X1)                    0.03       1.23 f
  adder_2/CGEN/GJ_3_0_1/Gx (G_6)                          0.00       1.23 f
  adder_2/CGEN/Co[2] (carry_generator_N16_NPB4_2)         0.00       1.23 f
  adder_2/SGEN/Ci[3] (sum_generator_N16_NPB4_2)           0.00       1.23 f
  adder_2/SGEN/csbi_3/Ci (carry_select_block_NPB4_5)      0.00       1.23 f
  adder_2/SGEN/csbi_3/mux/sel (MUX21_generic_N4_5)        0.00       1.23 f
  adder_2/SGEN/csbi_3/mux/U12/ZN (AOI22_X1)               0.05       1.28 r
  adder_2/SGEN/csbi_3/mux/U3/ZN (INV_X1)                  0.04       1.32 f
  adder_2/SGEN/csbi_3/mux/Y[0] (MUX21_generic_N4_5)       0.00       1.32 f
  adder_2/SGEN/csbi_3/S[0] (carry_select_block_NPB4_5)
                                                          0.00       1.32 f
  adder_2/SGEN/S[12] (sum_generator_N16_NPB4_2)           0.00       1.32 f
  adder_2/S[12] (P4_ADDER_N16_2)                          0.00       1.32 f
  adder_3/B[12] (P4_ADDER_N16_1)                          0.00       1.32 f
  adder_3/SGEN/B[12] (sum_generator_N16_NPB4_1)           0.00       1.32 f
  adder_3/SGEN/csbi_3/B[0] (carry_select_block_NPB4_1)
                                                          0.00       1.32 f
  adder_3/SGEN/csbi_3/UADDER1/B[0] (RCA_N4_2)             0.00       1.32 f
  adder_3/SGEN/csbi_3/UADDER1/FAI_1/B (FA_8)              0.00       1.32 f
  adder_3/SGEN/csbi_3/UADDER1/FAI_1/U4/Z (XOR2_X1)        0.08       1.40 f
  adder_3/SGEN/csbi_3/UADDER1/FAI_1/U5/ZN (AOI22_X1)      0.06       1.45 r
  adder_3/SGEN/csbi_3/UADDER1/FAI_1/U6/ZN (INV_X1)        0.03       1.48 f
  adder_3/SGEN/csbi_3/UADDER1/FAI_1/Co (FA_8)             0.00       1.48 f
  adder_3/SGEN/csbi_3/UADDER1/FAI_2/Ci (FA_7)             0.00       1.48 f
  adder_3/SGEN/csbi_3/UADDER1/FAI_2/U2/ZN (AOI22_X1)      0.06       1.54 r
  adder_3/SGEN/csbi_3/UADDER1/FAI_2/U5/ZN (INV_X1)        0.03       1.56 f
  adder_3/SGEN/csbi_3/UADDER1/FAI_2/Co (FA_7)             0.00       1.56 f
  adder_3/SGEN/csbi_3/UADDER1/FAI_3/Ci (FA_6)             0.00       1.56 f
  adder_3/SGEN/csbi_3/UADDER1/FAI_3/U2/ZN (AOI22_X1)      0.06       1.62 r
  adder_3/SGEN/csbi_3/UADDER1/FAI_3/U5/ZN (INV_X1)        0.03       1.64 f
  adder_3/SGEN/csbi_3/UADDER1/FAI_3/Co (FA_6)             0.00       1.64 f
  adder_3/SGEN/csbi_3/UADDER1/FAI_4/Ci (FA_5)             0.00       1.64 f
  adder_3/SGEN/csbi_3/UADDER1/FAI_4/U3/Z (XOR2_X1)        0.07       1.71 f
  adder_3/SGEN/csbi_3/UADDER1/FAI_4/S (FA_5)              0.00       1.71 f
  adder_3/SGEN/csbi_3/UADDER1/S[3] (RCA_N4_2)             0.00       1.71 f
  adder_3/SGEN/csbi_3/mux/A[3] (MUX21_generic_N4_1)       0.00       1.71 f
  adder_3/SGEN/csbi_3/mux/U10/ZN (AOI22_X1)               0.05       1.76 r
  adder_3/SGEN/csbi_3/mux/U5/ZN (INV_X1)                  0.02       1.78 f
  adder_3/SGEN/csbi_3/mux/Y[3] (MUX21_generic_N4_1)       0.00       1.78 f
  adder_3/SGEN/csbi_3/S[3] (carry_select_block_NPB4_1)
                                                          0.00       1.78 f
  adder_3/SGEN/S[15] (sum_generator_N16_NPB4_1)           0.00       1.78 f
  adder_3/S[15] (P4_ADDER_N16_1)                          0.00       1.78 f
  S[15] (out)                                             0.00       1.78 f
  data arrival time                                                  1.78

  max_delay                                               1.78       1.78
  output external delay                                   0.00       1.78
  data required time                                                 1.78
  --------------------------------------------------------------------------
  data required time                                                 1.78
  data arrival time                                                 -1.78
  --------------------------------------------------------------------------
  slack (MET)                                                        0.00


  Startpoint: B[2] (input port)
  Endpoint: S[15] (output port)
  Path Group: default
  Path Type: max

  Des/Clust/Port     Wire Load Model       Library
  ------------------------------------------------
  booth_mul_N8       5K_hvratio_1_1        NangateOpenCellLibrary

  Point                                                   Incr       Path
  --------------------------------------------------------------------------
  input external delay                                    0.00       0.00 f
  B[2] (in)                                               0.00       0.00 f
  booth_j_1/i[1] (Booth_Encoder_3)                        0.00       0.00 f
  booth_j_1/U6/Z (BUF_X1)                                 0.04       0.04 f
  booth_j_1/U7/ZN (OAI21_X1)                              0.05       0.09 r
  booth_j_1/U9/ZN (AOI21_X1)                              0.04       0.12 f
  booth_j_1/o[0] (Booth_Encoder_3)                        0.00       0.12 f
  mux_j_1/sel[0] (MUX_booth_N16_3)                        0.00       0.12 f
  mux_j_1/U15/Z (BUF_X1)                                  0.04       0.16 f
  mux_j_1/U33/ZN (NOR3_X1)                                0.09       0.26 r
  mux_j_1/U34/ZN (NOR4_X1)                                0.05       0.30 f
  mux_j_1/U71/ZN (AOI222_X1)                              0.10       0.40 r
  mux_j_1/U5/ZN (NAND2_X1)                                0.06       0.46 f
  mux_j_1/Y[5] (MUX_booth_N16_3)                          0.00       0.46 f
  adder_1/A[5] (P4_ADDER_N16_0)                           0.00       0.46 f
  adder_1/SGEN/A[5] (sum_generator_N16_NPB4_0)            0.00       0.46 f
  adder_1/SGEN/csbi_1/A[1] (carry_select_block_NPB4_11)
                                                          0.00       0.46 f
  adder_1/SGEN/csbi_1/UADDER2/A[1] (RCA_N4_21)            0.00       0.46 f
  adder_1/SGEN/csbi_1/UADDER2/FAI_2/A (FA_83)             0.00       0.46 f
  adder_1/SGEN/csbi_1/UADDER2/FAI_2/U4/Z (XOR2_X1)        0.09       0.55 f
  adder_1/SGEN/csbi_1/UADDER2/FAI_2/U2/ZN (AOI22_X1)      0.06       0.61 r
  adder_1/SGEN/csbi_1/UADDER2/FAI_2/U1/ZN (INV_X1)        0.03       0.64 f
  adder_1/SGEN/csbi_1/UADDER2/FAI_2/Co (FA_83)            0.00       0.64 f
  adder_1/SGEN/csbi_1/UADDER2/FAI_3/Ci (FA_82)            0.00       0.64 f
  adder_1/SGEN/csbi_1/UADDER2/FAI_3/U2/ZN (AOI22_X1)      0.06       0.70 r
  adder_1/SGEN/csbi_1/UADDER2/FAI_3/U1/ZN (INV_X1)        0.03       0.73 f
  adder_1/SGEN/csbi_1/UADDER2/FAI_3/Co (FA_82)            0.00       0.73 f
  adder_1/SGEN/csbi_1/UADDER2/FAI_4/Ci (FA_81)            0.00       0.73 f
  adder_1/SGEN/csbi_1/UADDER2/FAI_4/U3/Z (XOR2_X1)        0.07       0.80 f
  adder_1/SGEN/csbi_1/UADDER2/FAI_4/S (FA_81)             0.00       0.80 f
  adder_1/SGEN/csbi_1/UADDER2/S[3] (RCA_N4_21)            0.00       0.80 f
  adder_1/SGEN/csbi_1/mux/B[3] (MUX21_generic_N4_11)      0.00       0.80 f
  adder_1/SGEN/csbi_1/mux/U9/ZN (AOI22_X1)                0.06       0.85 r
  adder_1/SGEN/csbi_1/mux/U8/ZN (INV_X1)                  0.03       0.88 f
  adder_1/SGEN/csbi_1/mux/Y[3] (MUX21_generic_N4_11)      0.00       0.88 f
  adder_1/SGEN/csbi_1/S[3] (carry_select_block_NPB4_11)
                                                          0.00       0.88 f
  adder_1/SGEN/S[7] (sum_generator_N16_NPB4_0)            0.00       0.88 f
  adder_1/S[7] (P4_ADDER_N16_0)                           0.00       0.88 f
  adder_2/B[7] (P4_ADDER_N16_2)                           0.00       0.88 f
  adder_2/CGEN/B[7] (carry_generator_N16_NPB4_2)          0.00       0.88 f
  adder_2/CGEN/U22/Z (XOR2_X1)                            0.07       0.95 f
  adder_2/CGEN/PGJ_0_3_0/P_IK (PG_20)                     0.00       0.95 f
  adder_2/CGEN/PGJ_0_3_0/U1/ZN (AND2_X1)                  0.04       1.00 f
  adder_2/CGEN/PGJ_0_3_0/Px (PG_20)                       0.00       1.00 f
  adder_2/CGEN/PGJ_1_1_0/P_IK (PG_15)                     0.00       1.00 f
  adder_2/CGEN/PGJ_1_1_0/U2/ZN (AND2_X1)                  0.04       1.03 f
  adder_2/CGEN/PGJ_1_1_0/U1/ZN (OR2_X1)                   0.05       1.08 f
  adder_2/CGEN/PGJ_1_1_0/Gx (PG_15)                       0.00       1.08 f
  adder_2/CGEN/GJ_2_0_0/G_IK (G_8)                        0.00       1.08 f
  adder_2/CGEN/GJ_2_0_0/U1/ZN (OR2_X2)                    0.07       1.15 f
  adder_2/CGEN/GJ_2_0_0/Gx (G_8)                          0.00       1.15 f
  adder_2/CGEN/GJ_3_0_1/G_K_1 (G_6)                       0.00       1.15 f
  adder_2/CGEN/GJ_3_0_1/U2/ZN (AOI21_X1)                  0.05       1.20 r
  adder_2/CGEN/GJ_3_0_1/U1/ZN (INV_X1)                    0.03       1.23 f
  adder_2/CGEN/GJ_3_0_1/Gx (G_6)                          0.00       1.23 f
  adder_2/CGEN/Co[2] (carry_generator_N16_NPB4_2)         0.00       1.23 f
  adder_2/SGEN/Ci[3] (sum_generator_N16_NPB4_2)           0.00       1.23 f
  adder_2/SGEN/csbi_3/Ci (carry_select_block_NPB4_5)      0.00       1.23 f
  adder_2/SGEN/csbi_3/mux/sel (MUX21_generic_N4_5)        0.00       1.23 f
  adder_2/SGEN/csbi_3/mux/U1/Z (CLKBUF_X1)                0.04       1.28 f
  adder_2/SGEN/csbi_3/mux/U11/ZN (AOI22_X1)               0.05       1.33 r
  adder_2/SGEN/csbi_3/mux/U5/ZN (INV_X1)                  0.04       1.37 f
  adder_2/SGEN/csbi_3/mux/Y[1] (MUX21_generic_N4_5)       0.00       1.37 f
  adder_2/SGEN/csbi_3/S[1] (carry_select_block_NPB4_5)
                                                          0.00       1.37 f
  adder_2/SGEN/S[13] (sum_generator_N16_NPB4_2)           0.00       1.37 f
  adder_2/S[13] (P4_ADDER_N16_2)                          0.00       1.37 f
  adder_3/B[13] (P4_ADDER_N16_1)                          0.00       1.37 f
  adder_3/SGEN/B[13] (sum_generator_N16_NPB4_1)           0.00       1.37 f
  adder_3/SGEN/csbi_3/B[1] (carry_select_block_NPB4_1)
                                                          0.00       1.37 f
  adder_3/SGEN/csbi_3/UADDER2/B[1] (RCA_N4_1)             0.00       1.37 f
  adder_3/SGEN/csbi_3/UADDER2/FAI_2/B (FA_3)              0.00       1.37 f
  adder_3/SGEN/csbi_3/UADDER2/FAI_2/U4/Z (XOR2_X1)        0.09       1.46 f
  adder_3/SGEN/csbi_3/UADDER2/FAI_2/U2/ZN (AOI22_X1)      0.06       1.52 r
  adder_3/SGEN/csbi_3/UADDER2/FAI_2/U1/ZN (INV_X1)        0.03       1.54 f
  adder_3/SGEN/csbi_3/UADDER2/FAI_2/Co (FA_3)             0.00       1.54 f
  adder_3/SGEN/csbi_3/UADDER2/FAI_3/Ci (FA_2)             0.00       1.54 f
  adder_3/SGEN/csbi_3/UADDER2/FAI_3/U2/ZN (AOI22_X1)      0.06       1.61 r
  adder_3/SGEN/csbi_3/UADDER2/FAI_3/U1/ZN (INV_X1)        0.03       1.63 f
  adder_3/SGEN/csbi_3/UADDER2/FAI_3/Co (FA_2)             0.00       1.63 f
  adder_3/SGEN/csbi_3/UADDER2/FAI_4/Ci (FA_1)             0.00       1.63 f
  adder_3/SGEN/csbi_3/UADDER2/FAI_4/U3/Z (XOR2_X1)        0.07       1.70 f
  adder_3/SGEN/csbi_3/UADDER2/FAI_4/S (FA_1)              0.00       1.70 f
  adder_3/SGEN/csbi_3/UADDER2/S[3] (RCA_N4_1)             0.00       1.70 f
  adder_3/SGEN/csbi_3/mux/B[3] (MUX21_generic_N4_1)       0.00       1.70 f
  adder_3/SGEN/csbi_3/mux/U10/ZN (AOI22_X1)               0.06       1.76 r
  adder_3/SGEN/csbi_3/mux/U5/ZN (INV_X1)                  0.02       1.78 f
  adder_3/SGEN/csbi_3/mux/Y[3] (MUX21_generic_N4_1)       0.00       1.78 f
  adder_3/SGEN/csbi_3/S[3] (carry_select_block_NPB4_1)
                                                          0.00       1.78 f
  adder_3/SGEN/S[15] (sum_generator_N16_NPB4_1)           0.00       1.78 f
  adder_3/S[15] (P4_ADDER_N16_1)                          0.00       1.78 f
  S[15] (out)                                             0.00       1.78 f
  data arrival time                                                  1.78

  max_delay                                               1.78       1.78
  output external delay                                   0.00       1.78
  data required time                                                 1.78
  --------------------------------------------------------------------------
  data required time                                                 1.78
  data arrival time                                                 -1.78
  --------------------------------------------------------------------------
  slack (MET)                                                        0.00


1
