 
****************************************
Report : area
Design : booth_mul_N32
Version: F-2011.09-SP3
Date   : Sat Apr 11 17:44:52 2020
****************************************

Library(s) Used:

    NangateOpenCellLibrary (File: /home/mariagrazia.graziano/do/libnangate/NangateOpenCellLibrary_typical_ecsm.db)

Number of ports:                          128
Number of nets:                          2486
Number of cells:                          402
Number of combinational cells:            354
Number of sequential cells:                 0
Number of macros:                           0
Number of buf/inv:                        354
Number of references:                      53

Combinational area:       24564.833971
Noncombinational area:       0.000000
Net Interconnect area:      undefined  (Wire load has zero net area)

Total cell area:          24564.833971
Total area:                 undefined
1
