 
****************************************
Report : area
Design : register_file_NBIT64_NREG32
Version: F-2011.09-SP3
Date   : Tue May  5 00:31:28 2020
****************************************

Library(s) Used:

    NangateOpenCellLibrary (File: /home/mariagrazia.graziano/do/libnangate/NangateOpenCellLibrary_typical_ecsm.db)

Number of ports:                          213
Number of nets:                          7834
Number of cells:                         7045
Number of combinational cells:           4869
Number of sequential cells:              2176
Number of macros:                           0
Number of buf/inv:                        220
Number of references:                      22

Combinational area:       6692.294128
Noncombinational area:    9839.871643
Net Interconnect area:      undefined  (Wire load has zero net area)

Total cell area:          16532.165771
Total area:                 undefined
1
