 
****************************************
Report : area
Design : register_file_NBIT64_NREG32
Version: F-2011.09-SP3
Date   : Tue May  5 00:32:19 2020
****************************************

Library(s) Used:

    NangateOpenCellLibrary (File: /home/mariagrazia.graziano/do/libnangate/NangateOpenCellLibrary_typical_ecsm.db)

Number of ports:                          213
Number of nets:                          8999
Number of cells:                         7890
Number of combinational cells:           5714
Number of sequential cells:              2176
Number of macros:                           0
Number of buf/inv:                       1066
Number of references:                      15

Combinational area:       7255.416071
Noncombinational area:    9839.871643
Net Interconnect area:      undefined  (Wire load has zero net area)

Total cell area:          17095.287714
Total area:                 undefined
1
