 
****************************************
Report : area
Design : booth_mul_N32
Version: F-2011.09-SP3
Date   : Sat Apr 11 15:03:04 2020
****************************************

Library(s) Used:

    NangateOpenCellLibrary (File: /home/mariagrazia.graziano/do/libnangate/NangateOpenCellLibrary_typical_ecsm.db)

Number of ports:                          128
Number of nets:                          2184
Number of cells:                          100
Number of combinational cells:             52
Number of sequential cells:                 0
Number of macros:                           0
Number of buf/inv:                         52
Number of references:                      50

Combinational area:       21856.155957
Noncombinational area:       0.000000
Net Interconnect area:      undefined  (Wire load has zero net area)

Total cell area:          21856.155957
Total area:                 undefined
1
