/software/synopsys/syn_current_64.11/auxx/gui/dv/dv_setup.tcl
/software/synopsys/syn_current_64.11/auxx/gui/syn/snpsSynProcs.tcl
/software/synopsys/syn_current_64.11/auxx/tcllib/lib/tcl8.4/package.tcl
/software/synopsys/syn_current_64.11/auxx/gui/syn/layout/pkgIndex.tcl
/software/synopsys/syn_current_64.11/auxx/gui/common/histogram/pkgIndex.tcl
/software/synopsys/syn_current_64.11/auxx/gui/common/misc/pkgIndex.tcl
/software/synopsys/syn_current_64.11/auxx/gui/common/view/pkgIndex.tcl
/software/synopsys/syn_current_64.11/auxx/gui/common/tcl-dp/pkgIndex.tcl
/software/synopsys/syn_current_64.11/auxx/gui/common/fanoutviewer/pkgIndex.tcl
/software/synopsys/syn_current_64.11/auxx/gui/common/setup/pkgIndex.tcl
/software/synopsys/syn_current_64.11/auxx/gui/common/WindowFrameWork/pkgIndex.tcl
/software/synopsys/syn_current_64.11/auxx/gui/common/hierarchy/pkgIndex.tcl
/software/synopsys/syn_current_64.11/auxx/gui/common/profiler/pkgIndex.tcl
/software/synopsys/syn_current_64.11/auxx/gui/common/strokes/pkgIndex.tcl
/software/synopsys/syn_current_64.11/auxx/gui/common/timing/pkgIndex.tcl
/software/synopsys/syn_current_64.11/auxx/gui/common/dialogs/pkgIndex.tcl
/software/synopsys/syn_current_64.11/auxx/gui/common/regressionToolkit/pkgIndex.tcl
/software/synopsys/syn_current_64.11/auxx/gui/common/qtcl/pkgIndex.tcl
/software/synopsys/syn_current_64.11/auxx/gui/common/docBrowser/pkgIndex.tcl
/software/synopsys/syn_current_64.11/auxx/gui/common/highlight/pkgIndex.tcl
/software/synopsys/syn_current_64.11/auxx/gui/common/layout/pkgIndex.tcl
/software/synopsys/syn_current_64.11/auxx/gui/common/table/pkgIndex.tcl
/software/synopsys/syn_current_64.11/auxx/gui/common/schematic/pkgIndex.tcl
/software/synopsys/syn_current_64.11/auxx/gui/common/opdlg/pkgIndex.tcl
/software/synopsys/syn_current_64.11/auxx/gui/common/select/pkgIndex.tcl
/software/synopsys/syn_current_64.11/auxx/gui/common/menus/pkgIndex.tcl
/software/synopsys/syn_current_64.11/auxx/gui/common/pathinspector/pkgIndex.tcl
/software/synopsys/syn_current_64.11/auxx/gui/common/libviewer/pkgIndex.tcl
/software/synopsys/syn_current_64.11/auxx/tcllib/snps_tcl/snpsUtils/pkgIndex.tcl
/software/synopsys/syn_current_64.11/auxx/tcllib/snps_tcl/snpsTest/pkgIndex.tcl
/software/synopsys/syn_current_64.11/auxx/tcllib/snps_tcl/snpsTclPro/pkgIndex.tcl
/software/synopsys/syn_current_64.11/auxx/tcllib/snps_tcl/pkgIndex.tcl
/software/synopsys/syn_current_64.11/auxx/tcllib/lib/tcl8.4/dde/pkgIndex.tcl
/software/synopsys/syn_current_64.11/auxx/tcllib/lib/tcl8.4/tcltest/pkgIndex.tcl
/software/synopsys/syn_current_64.11/auxx/tcllib/lib/tcl8.4/http/pkgIndex.tcl
/software/synopsys/syn_current_64.11/auxx/tcllib/lib/tcl8.4/opt/pkgIndex.tcl
/software/synopsys/syn_current_64.11/auxx/tcllib/lib/tcl8.4/msgcat/pkgIndex.tcl
/software/synopsys/syn_current_64.11/auxx/tcllib/lib/tcl8.4/reg/pkgIndex.tcl
/software/synopsys/syn_current_64.11/auxx/tcllib/lib/tcl8.4/http1.0/pkgIndex.tcl
/software/synopsys/syn_current_64.11/auxx/gui/common/setup/snpsCommonSetup.tcl
/software/synopsys/syn_current_64.11/auxx/gui/common/setup/snpsCustomize.tcl
/software/synopsys/syn_current_64.11/auxx/gui/common/setup/snpsProcheck.tcl
/software/synopsys/syn_current_64.11/auxx/gui/common/qtcl/.synopsys_qtcl.tcl
/software/synopsys/syn_current_64.11/auxx/gui/common/highlight/highlight.tcl
/software/synopsys/syn_current_64.11/auxx/gui/common/misc/base.tcl
/software/synopsys/syn_current_64.11/auxx/gui/common/misc/timing.tcl
/software/synopsys/syn_current_64.11/auxx/gui/common/misc/setting.tcl
/software/synopsys/syn_current_64.11/auxx/gui/common/docBrowser/docBrowser.tcl
/software/synopsys/syn_current_64.11/auxx/tcllib/snps_tcl/snpsUtils/snpsUtils.tcl
/software/synopsys/syn_current_64.11/auxx/gui/common/WindowFrameWork/windowFrameWork.tcl
/software/synopsys/syn_current_64.11/auxx/gui/common/WindowFrameWork/skipBusyCursorCmdList.tcl
/software/synopsys/syn_current_64.11/auxx/gui/common/dialogs/ObjectChooser.tcl
/software/synopsys/syn_current_64.11/auxx/gui/common/misc/DialogObjectChooser.tcl
/software/synopsys/syn_current_64.11/auxx/gui/common/dialogs/HistBinInformation.tcl
/software/synopsys/syn_current_64.11/auxx/gui/common/dialogs/HistBin1Information.tcl
/software/synopsys/syn_current_64.11/auxx/gui/common/dialogs/BinsOnlyInformation.tcl
/software/synopsys/syn_current_64.11/auxx/gui/common/dialogs/FileChooser.tcl
/software/synopsys/syn_current_64.11/auxx/gui/common/dialogs/PathPinSimpleInfo.tcl
/software/synopsys/syn_current_64.11/auxx/gui/common/dialogs/PathsBasicInfo.tcl
/software/synopsys/syn_current_64.11/auxx/gui/common/dialogs/PathsBasicSimpleInfo.tcl
/software/synopsys/syn_current_64.11/auxx/gui/common/dialogs/SlctOperationInfo.tcl
/software/synopsys/syn_current_64.11/auxx/gui/common/dialogs/ObjectListInfo.tcl
/software/synopsys/syn_current_64.11/auxx/gui/common/dialogs/FanInOutInfo.tcl
/software/synopsys/syn_current_64.11/auxx/gui/common/dialogs/NumberOfLevelsChooser.tcl
/software/synopsys/syn_current_64.11/auxx/gui/common/dialogs/WindowReuseInfo.tcl
/software/synopsys/syn_current_64.11/auxx/gui/common/dialogs/ReportOutputOptionInfo.tcl
/software/synopsys/syn_current_64.11/auxx/gui/common/setup/snpsCollections.tcl
/software/synopsys/syn_current_64.11/auxx/gui/common/dialogs/CompileLinkDesign.tcl
/software/synopsys/syn_current_64.11/auxx/gui/common/histogram/DialogEndpointSlack.tcl
/software/synopsys/syn_current_64.11/auxx/gui/common/histogram/DialogPathsSlack.tcl
/software/synopsys/syn_current_64.11/auxx/gui/common/histogram/DialogNetCapacitance.tcl
/software/synopsys/syn_current_64.11/auxx/gui/common/schematic/DialogPathSchematicFanInOut.tcl
/software/synopsys/syn_current_64.11/auxx/gui/common/schematic/DialogPathSchematicAddPaths.tcl
/home/ms21.60/Desktop/MS_laboratories/DLX/Files/DLX_syn_ultra_gating/syn.tcl
/home/ms21.60/Desktop/MS_laboratories/DLX/Files/DLX_syn_ultra_gating/rtl/globals/000-globals.vhd
/home/mariagrazia.graziano/do/libnangate/NangateOpenCellLibrary_typical_ecsm.db
/home/ms21.60/Desktop/MS_laboratories/DLX/Files/DLX_syn_ultra_gating/rtl/a.b-DataPath.core/a.b.a-Fetch.core/register_n.vhd
/home/ms21.60/Desktop/MS_laboratories/DLX/Files/DLX_syn_ultra_gating/rtl/a.b-DataPath.core/a.b.a-Fetch.core/instruction_register.vhd
/home/ms21.60/Desktop/MS_laboratories/DLX/Files/DLX_syn_ultra_gating/rtl/a.b-DataPath.core/a.b.a-Fetch.core/adder_pc.vhd
/home/ms21.60/Desktop/MS_laboratories/DLX/Files/DLX_syn_ultra_gating/rtl/a.b-DataPath.core/a.b.a-Fetch.core/a.b-fetch.vhd
/home/ms21.60/Desktop/MS_laboratories/DLX/Files/DLX_syn_ultra_gating/rtl/a.b-DataPath.core/a.b.b-Decode.core/p4_adder/sum_generator.vhd
/home/ms21.60/Desktop/MS_laboratories/DLX/Files/DLX_syn_ultra_gating/rtl/a.b-DataPath.core/a.b.b-Decode.core/p4_adder/rca.vhd
/home/ms21.60/Desktop/MS_laboratories/DLX/Files/DLX_syn_ultra_gating/rtl/a.b-DataPath.core/a.b.b-Decode.core/p4_adder/p4_adder.vhd
/home/ms21.60/Desktop/MS_laboratories/DLX/Files/DLX_syn_ultra_gating/rtl/a.b-DataPath.core/a.b.b-Decode.core/p4_adder/mux21_generic.vhd
/home/ms21.60/Desktop/MS_laboratories/DLX/Files/DLX_syn_ultra_gating/rtl/a.b-DataPath.core/a.b.b-Decode.core/p4_adder/fa.vhd
/home/ms21.60/Desktop/MS_laboratories/DLX/Files/DLX_syn_ultra_gating/rtl/a.b-DataPath.core/a.b.b-Decode.core/p4_adder/carry_select_block.vhd
/home/ms21.60/Desktop/MS_laboratories/DLX/Files/DLX_syn_ultra_gating/rtl/a.b-DataPath.core/a.b.b-Decode.core/p4_adder/carry_generator.vhd
/home/ms21.60/Desktop/MS_laboratories/DLX/Files/DLX_syn_ultra_gating/rtl/a.b-DataPath.core/a.b.b-Decode.core/p4_adder/PG.vhd
/home/ms21.60/Desktop/MS_laboratories/DLX/Files/DLX_syn_ultra_gating/rtl/a.b-DataPath.core/a.b.b-Decode.core/p4_adder/G.vhd
/home/ms21.60/Desktop/MS_laboratories/DLX/Files/DLX_syn_ultra_gating/rtl/a.b-DataPath.core/a.b.b-Decode.core/sign_ext_n.vhd
/home/ms21.60/Desktop/MS_laboratories/DLX/Files/DLX_syn_ultra_gating/rtl/a.b-DataPath.core/a.b.b-Decode.core/registerfile.vhd
/home/ms21.60/Desktop/MS_laboratories/DLX/Files/DLX_syn_ultra_gating/rtl/a.b-DataPath.core/a.b.b-Decode.core/register_n_zero_en.vhd
/home/ms21.60/Desktop/MS_laboratories/DLX/Files/DLX_syn_ultra_gating/rtl/a.b-DataPath.core/a.b.b-Decode.core/register_n.vhd
/home/ms21.60/Desktop/MS_laboratories/DLX/Files/DLX_syn_ultra_gating/rtl/a.b-DataPath.core/a.b.b-Decode.core/mux42_input1.vhd
/home/ms21.60/Desktop/MS_laboratories/DLX/Files/DLX_syn_ultra_gating/rtl/a.b-DataPath.core/a.b.b-Decode.core/mux21_generic.vhd
/home/ms21.60/Desktop/MS_laboratories/DLX/Files/DLX_syn_ultra_gating/rtl/a.b-DataPath.core/a.b.b-Decode.core/instruction_decoder.vhd
/home/ms21.60/Desktop/MS_laboratories/DLX/Files/DLX_syn_ultra_gating/rtl/a.b-DataPath.core/a.b.b-Decode.core/hazard_unit.vhd
/home/ms21.60/Desktop/MS_laboratories/DLX/Files/DLX_syn_ultra_gating/rtl/a.b-DataPath.core/a.b.b-Decode.core/demux21.vhd
/home/ms21.60/Desktop/MS_laboratories/DLX/Files/DLX_syn_ultra_gating/rtl/a.b-DataPath.core/a.b.b-Decode.core/branch_cond.vhd
/home/ms21.60/Desktop/MS_laboratories/DLX/Files/DLX_syn_ultra_gating/rtl/a.b-DataPath.core/a.b.b-Decode.core/a.b.b-decode.vhd
/home/ms21.60/Desktop/MS_laboratories/DLX/Files/DLX_syn_ultra_gating/rtl/a.b-DataPath.core/a.b.c-Execute.core/booth_mul/sum_generator.vhd
/home/ms21.60/Desktop/MS_laboratories/DLX/Files/DLX_syn_ultra_gating/rtl/a.b-DataPath.core/a.b.c-Execute.core/booth_mul/register_n.vhd
/home/ms21.60/Desktop/MS_laboratories/DLX/Files/DLX_syn_ultra_gating/rtl/a.b-DataPath.core/a.b.c-Execute.core/booth_mul/rca.vhd
/home/ms21.60/Desktop/MS_laboratories/DLX/Files/DLX_syn_ultra_gating/rtl/a.b-DataPath.core/a.b.c-Execute.core/booth_mul/p4_adder.vhd
/home/ms21.60/Desktop/MS_laboratories/DLX/Files/DLX_syn_ultra_gating/rtl/a.b-DataPath.core/a.b.c-Execute.core/booth_mul/mux_booth.vhd
/home/ms21.60/Desktop/MS_laboratories/DLX/Files/DLX_syn_ultra_gating/rtl/a.b-DataPath.core/a.b.c-Execute.core/booth_mul/mux21_generic.vhd
/home/ms21.60/Desktop/MS_laboratories/DLX/Files/DLX_syn_ultra_gating/rtl/a.b-DataPath.core/a.b.c-Execute.core/booth_mul/fa.vhd
/home/ms21.60/Desktop/MS_laboratories/DLX/Files/DLX_syn_ultra_gating/rtl/a.b-DataPath.core/a.b.c-Execute.core/booth_mul/carry_select_block.vhd
/home/ms21.60/Desktop/MS_laboratories/DLX/Files/DLX_syn_ultra_gating/rtl/a.b-DataPath.core/a.b.c-Execute.core/booth_mul/carry_generator.vhd
/home/ms21.60/Desktop/MS_laboratories/DLX/Files/DLX_syn_ultra_gating/rtl/a.b-DataPath.core/a.b.c-Execute.core/booth_mul/booth_mul.vhd
/home/ms21.60/Desktop/MS_laboratories/DLX/Files/DLX_syn_ultra_gating/rtl/a.b-DataPath.core/a.b.c-Execute.core/booth_mul/PG.vhd
/home/ms21.60/Desktop/MS_laboratories/DLX/Files/DLX_syn_ultra_gating/rtl/a.b-DataPath.core/a.b.c-Execute.core/booth_mul/G.vhd
/home/ms21.60/Desktop/MS_laboratories/DLX/Files/DLX_syn_ultra_gating/rtl/a.b-DataPath.core/a.b.c-Execute.core/booth_mul/Booth_Encoder.vhd
/home/ms21.60/Desktop/MS_laboratories/DLX/Files/DLX_syn_ultra_gating/rtl/a.b-DataPath.core/a.b.c-Execute.core/struct_hazard_unit.vhd
/home/ms21.60/Desktop/MS_laboratories/DLX/Files/DLX_syn_ultra_gating/rtl/a.b-DataPath.core/a.b.c-Execute.core/register_n.vhd
/home/ms21.60/Desktop/MS_laboratories/DLX/Files/DLX_syn_ultra_gating/rtl/a.b-DataPath.core/a.b.c-Execute.core/mux42_input1.vhd
/home/ms21.60/Desktop/MS_laboratories/DLX/Files/DLX_syn_ultra_gating/rtl/a.b-DataPath.core/a.b.c-Execute.core/mux21_generic.vhd
/home/ms21.60/Desktop/MS_laboratories/DLX/Files/DLX_syn_ultra_gating/rtl/a.b-DataPath.core/a.b.c-Execute.core/forwarding_unit.vhd
/home/ms21.60/Desktop/MS_laboratories/DLX/Files/DLX_syn_ultra_gating/rtl/a.b-DataPath.core/a.b.c-Execute.core/condition_br.vhd
/home/ms21.60/Desktop/MS_laboratories/DLX/Files/DLX_syn_ultra_gating/rtl/a.b-DataPath.core/a.b.c-Execute.core/comparator.vhd
/home/ms21.60/Desktop/MS_laboratories/DLX/Files/DLX_syn_ultra_gating/rtl/a.b-DataPath.core/a.b.c-Execute.core/alu.vhd
/home/ms21.60/Desktop/MS_laboratories/DLX/Files/DLX_syn_ultra_gating/rtl/a.b-DataPath.core/a.b.c-Execute.core/a.b.c-execute.vhd
/home/ms21.60/Desktop/MS_laboratories/DLX/Files/DLX_syn_ultra_gating/rtl/a.b-DataPath.core/a.b.d-Memory.core/register_n.vhd
/home/ms21.60/Desktop/MS_laboratories/DLX/Files/DLX_syn_ultra_gating/rtl/a.b-DataPath.core/a.b.d-Memory.core/mux21_generic.vhd
/home/ms21.60/Desktop/MS_laboratories/DLX/Files/DLX_syn_ultra_gating/rtl/a.b-DataPath.core/a.b.d-Memory.core/a.b.d-memory_unit.vhd
/home/ms21.60/Desktop/MS_laboratories/DLX/Files/DLX_syn_ultra_gating
/home/ms21.60/Desktop/MS_laboratories/DLX/Files/DLX_syn_ultra_gating/rtl/a.b-DataPath.core/a.b.e-WB.core/mux21_generic.vhd
/home/ms21.60/Desktop/MS_laboratories/DLX/Files/DLX_syn_ultra_gating/rtl/a.b-DataPath.core/a.b.e-WB.core/a.b.e-WB_unit.vhd
/home/ms21.60/Desktop/MS_laboratories/DLX/Files/DLX_syn_ultra_gating/rtl/a.a-control_unit/register_n.vhd
/home/ms21.60/Desktop/MS_laboratories/DLX/Files/DLX_syn_ultra_gating/rtl/a.a-control_unit/mux21_generic.vhd
/home/ms21.60/Desktop/MS_laboratories/DLX/Files/DLX_syn_ultra_gating/rtl/a.a-control_unit/lookup_table.vhd
/home/ms21.60/Desktop/MS_laboratories/DLX/Files/DLX_syn_ultra_gating/rtl/a.a-control_unit/demux21.vhd
/home/ms21.60/Desktop/MS_laboratories/DLX/Files/DLX_syn_ultra_gating/rtl/a.a-control_unit/a.a-CU_HW.vhd
/home/ms21.60/Desktop/MS_laboratories/DLX/Files/DLX_syn_ultra_gating/rtl/a.e-BranchPredictor/up_down_counter.vhd
/home/ms21.60/Desktop/MS_laboratories/DLX/Files/DLX_syn_ultra_gating/rtl/a.e-BranchPredictor/register_n.vhd
/home/ms21.60/Desktop/MS_laboratories/DLX/Files/DLX_syn_ultra_gating/rtl/a.e-BranchPredictor/ram_target.vhd
/home/ms21.60/Desktop/MS_laboratories/DLX/Files/DLX_syn_ultra_gating/rtl/a.e-BranchPredictor/priority_encoder.vhd
/home/ms21.60/Desktop/MS_laboratories/DLX/Files/DLX_syn_ultra_gating/rtl/a.e-BranchPredictor/mux21_generic.vhd
/home/ms21.60/Desktop/MS_laboratories/DLX/Files/DLX_syn_ultra_gating/rtl/a.e-BranchPredictor/ff.vhd
/home/ms21.60/Desktop/MS_laboratories/DLX/Files/DLX_syn_ultra_gating/rtl/a.e-BranchPredictor/cam.vhd
/home/ms21.60/Desktop/MS_laboratories/DLX/Files/DLX_syn_ultra_gating/rtl/a.e-BranchPredictor/branch_target_buffer.vhd
/home/ms21.60/Desktop/MS_laboratories/DLX/Files/DLX_syn_ultra_gating/rtl/a.e-BranchPredictor/branch_history_table.vhd
/home/ms21.60/Desktop/MS_laboratories/DLX/Files/DLX_syn_ultra_gating/rtl/a.e-BranchPredictor/branch_predictor.vhd
/home/ms21.60/Desktop/MS_laboratories/DLX/Files/DLX_syn_ultra_gating/rtl/mux42_input1.vhd
/home/ms21.60/Desktop/MS_laboratories/DLX/Files/DLX_syn_ultra_gating/rtl/a.b-DataPath.vhd
/home/ms21.60/Desktop/MS_laboratories/DLX/Files/DLX_syn_ultra_gating/rtl/a-DLX.vhd
/software/synopsys/syn_current_64.11/libraries/syn/gtech.db
/software/synopsys/syn_current_64.11/libraries/syn/standard.sldb
/home/ms21.60/synopsys_cache_F-2011.09-SP3/DW01/DW01_MUX/str/NangateOpenCellLibrary_typical_ecsm_7321_8167_4702/element.ddc
/home/ms21.60/synopsys_cache_F-2011.09-SP3/DW01/DW01_mmux/str/2/NangateOpenCellLibrary_typical_ecsm_7321_8167_4702/element.ddc
/home/ms21.60/synopsys_cache_F-2011.09-SP3/DW01/DW01_mmux/str/3/NangateOpenCellLibrary_typical_ecsm_7321_8167_4702/element.ddc
/home/ms21.60/synopsys_cache_F-2011.09-SP3/DW01/DW01_mmux/str/4/NangateOpenCellLibrary_typical_ecsm_7321_8167_4702/element.ddc
/home/ms21.60/synopsys_cache_F-2011.09-SP3/DW01/DW01_mmux/str/5/NangateOpenCellLibrary_typical_ecsm_7321_8167_4702/element.ddc
/home/ms21.60/synopsys_cache_F-2011.09-SP3/DW01/DW01_NOT/str/NangateOpenCellLibrary_typical_ecsm_7321_8167_4702/element.ddc
/home/ms21.60/synopsys_cache_F-2011.09-SP3/DW01/DW01_cmp6/rpl/5/NangateOpenCellLibrary_typical_ecsm_7321_8167_4702/element.ddc
/home/ms21.60/synopsys_cache_F-2011.09-SP3/DW01/DW01_cmp2/rpl/5/NangateOpenCellLibrary_typical_ecsm_7321_8167_4702/element.ddc
/home/ms21.60/synopsys_cache_F-2011.09-SP3/DW01/DW01_sub/rpl/64/NangateOpenCellLibrary_typical_ecsm_7321_8167_4702/element.ddc
/home/ms21.60/synopsys_cache_F-2011.09-SP3/DW01/DW01_sub/cla/64/NangateOpenCellLibrary_typical_ecsm_7321_8167_4702/element.ddc
/home/ms21.60/synopsys_cache_F-2011.09-SP3/DW01/DW01_cmp6/rpl/32/NangateOpenCellLibrary_typical_ecsm_7321_8167_4702/element.ddc
/home/ms21.60/synopsys_cache_F-2011.09-SP3/DW01/DW01_cmp2/rpl/32/NangateOpenCellLibrary_typical_ecsm_7321_8167_4702/element.ddc
/home/ms21.60/synopsys_cache_F-2011.09-SP3/DW01/DW_lbsh/mx2/32/31/NangateOpenCellLibrary_typical_ecsm_7321_8167_4702/element.ddc
/home/ms21.60/synopsys_cache_F-2011.09-SP3/DW01/DW_rbsh/mx2/32/31/NangateOpenCellLibrary_typical_ecsm_7321_8167_4702/element.ddc
/home/ms21.60/synopsys_cache_F-2011.09-SP3/DW01/DW_sra/mx2/32/31/NangateOpenCellLibrary_typical_ecsm_7321_8167_4702/element.ddc
/home/ms21.60/synopsys_cache_F-2011.09-SP3/DW01/DW01_add/rpl/32/NangateOpenCellLibrary_typical_ecsm_7321_8167_4702/element.ddc
/home/ms21.60/synopsys_cache_F-2011.09-SP3/DW01/DW01_add/cla/32/NangateOpenCellLibrary_typical_ecsm_7321_8167_4702/element.ddc
/home/ms21.60/synopsys_cache_F-2011.09-SP3/DW01/DW01_cmp2/rpl/5/NangateOpenCellLibrary_typical_ecsm_7321/element.ddc
/home/ms21.60/synopsys_cache_F-2011.09-SP3/DW01/DW01_cmp6/rpl/5/NangateOpenCellLibrary_typical_ecsm_7321/element.ddc
/home/ms21.60/synopsys_cache_F-2011.09-SP3/DW01/DW01_sub/rpl/64/NangateOpenCellLibrary_typical_ecsm_7321/element.ddc
/home/ms21.60/synopsys_cache_F-2011.09-SP3/DW01/DW01_cmp6/rpl/32/NangateOpenCellLibrary_typical_ecsm_7321/element.ddc
/home/ms21.60/synopsys_cache_F-2011.09-SP3/DW01/DW_sra/mx2/32/31/NangateOpenCellLibrary_typical_ecsm_7321/element.ddc
/home/ms21.60/synopsys_cache_F-2011.09-SP3/DW01/DW_rbsh/mx2/32/31/NangateOpenCellLibrary_typical_ecsm_7321/element.ddc
/home/ms21.60/synopsys_cache_F-2011.09-SP3/DW01/DW_lbsh/mx2/32/31/NangateOpenCellLibrary_typical_ecsm_7321/element.ddc
/home/ms21.60/synopsys_cache_F-2011.09-SP3/DW01/DW01_add/rpl/32/NangateOpenCellLibrary_typical_ecsm_7321/element.ddc
/home/mariagrazia.graziano/do/libnangate/NangateOpenCellLibrary_typical_ecsm.db
/home/mariagrazia.graziano/do/libnangate/NangateOpenCellLibrary_typical_ecsm.db
/home/mariagrazia.graziano/do/libnangate/NangateOpenCellLibrary_typical_ecsm.db
/home/ms21.60/Desktop/MS_laboratories/DLX/Files/DLX_syn_ultra_gating/alib-52/NangateOpenCellLibrary_typical_ecsm.db.alib
/software/synopsys/syn_current_64.11/libraries/syn/dw_foundation.sldb
/home/mariagrazia.graziano/do/libnangate/NangateOpenCellLibrary_typical_ecsm.db
/home/ms21.60/Desktop/MS_laboratories/DLX/Files/DLX_syn_ultra_gating/alib-52/NangateOpenCellLibrary_typical_ecsm.db.alib
/home/ms21.60/synopsys_cache_F-2011.09-SP3/DW01/DW01_NAND2/str/NangateOpenCellLibrary_typical_ecsm_7321_8167_4702/element.ddc
/home/mariagrazia.graziano/do/libnangate/NangateOpenCellLibrary_typical_ecsm.db
/home/ms21.60/Desktop/MS_laboratories/DLX/Files/DLX_syn_ultra_gating/alib-52/NangateOpenCellLibrary_typical_ecsm.db.alib
/home/mariagrazia.graziano/do/libnangate/NangateOpenCellLibrary_typical_ecsm.db
/home/mariagrazia.graziano/do/libnangate/NangateOpenCellLibrary_typical_ecsm.db
