 
****************************************
Report : area
Design : windowed_register_file_M8_N4_N_bit64_W2
Version: F-2011.09-SP3
Date   : Tue May  5 00:53:46 2020
****************************************

Library(s) Used:

    NangateOpenCellLibrary (File: /home/mariagrazia.graziano/do/libnangate/NangateOpenCellLibrary_typical_ecsm.db)

Number of ports:                          275
Number of nets:                           733
Number of cells:                          272
Number of combinational cells:            191
Number of sequential cells:                76
Number of macros:                           0
Number of buf/inv:                         43
Number of references:                      28

Combinational area:       8676.919993
Noncombinational area:    10246.053630
Net Interconnect area:      undefined  (Wire load has zero net area)

Total cell area:          18922.973623
Total area:                 undefined
1
