 
****************************************
Report : power
        -net
        -analysis_effort low
        -sort_mode net_switching_power
Design : SIPISOALU
Version: F-2011.09-SP3
Date   : Mon May  4 20:44:31 2020
****************************************


Library(s) Used:

    NangateOpenCellLibrary (File: /home/mariagrazia.graziano/do/libnangate/NangateOpenCellLibrary_typical_ecsm.db)


Operating Conditions: typical   Library: NangateOpenCellLibrary
Wire Load Model Mode: top

Design        Wire Load Model            Library
------------------------------------------------
SIPISOALU              5K_hvratio_1_1    NangateOpenCellLibrary


Global Operating Voltage = 1.1  
Power-specific unit information :
    Voltage Units = 1V
    Capacitance Units = 1.000000ff
    Time Units = 1ns
    Dynamic Power Units = 1uW    (derived from V,C,T units)
    Leakage Power Units = 1nW



  Attributes
  ----------
      a  -  Switching activity information annotated on net
      d  -  Default switching activity information on net

                             Total      Static   Toggle   Switching
Net                          Net Load   Prob.    Rate     Power      Attrs
--------------------------------------------------------------------------------
n93                           25.056    0.500    0.2778      4.2108  d
LDB                           16.991    0.112    0.1698      1.7455  
n94                            7.614    0.500    0.2778      1.2795  d
EA                             8.151    0.150    0.1812      0.8938  
n84                            5.931    0.850    0.1812      0.6503  
n121                           6.721    0.878    0.1025      0.4167  
n117                           6.894    0.887    0.0891      0.3716  
n116                           6.705    0.888    0.0841      0.3411  
n137                           6.042    0.889    0.0899      0.3285  
n138                           6.681    0.054    0.0758      0.3063  
n111                           2.721    0.812    0.1757      0.2893  
n107                           2.721    0.177    0.1593      0.2622  
n135                           2.883    0.834    0.1494      0.2606  
n80                            4.682    0.111    0.0907      0.2569  
n110                           1.904    0.815    0.2113      0.2435  
n114                           4.938    0.900    0.0789      0.2358  
n113                           4.594    0.886    0.0846      0.2351  
n134                           1.284    0.450    0.2884      0.2241  
n105                           1.904    0.824    0.1920      0.2212  
n140                           4.075    0.891    0.0892      0.2199  
n100                           1.975    0.834    0.1744      0.2084  
n120                           3.355    0.891    0.0892      0.1810  
n123                           3.310    0.113    0.0899      0.1801  
n144                           3.843    0.946    0.0760      0.1766  
n127                           1.974    0.136    0.1250      0.1493  
n109                           3.141    0.054    0.0758      0.1440  
n128                           8.083    0.018    0.0292      0.1430  
n97                            1.980    0.943    0.1146      0.1373  
n98                            1.980    0.946    0.1128      0.1352  
n96                            1.980    0.943    0.1090      0.1306  
n103                           3.240    0.051    0.0665      0.1303  
n95                            1.980    0.944    0.1081      0.1295  
n136                           1.980    0.122    0.1013      0.1214  
n124                           1.909    0.126    0.0960      0.1108  
LDC                            6.143    0.005    0.0292      0.1087  
n139                           2.010    0.109    0.0878      0.1068  
n143                           5.915    0.995    0.0292      0.1047  
n85                            2.542    0.949    0.0665      0.1022  
n54                            1.438    0.134    0.1137      0.0989  
n130                           6.037    0.987    0.0268      0.0978  
n49                            1.438    0.124    0.1036      0.0901  
n48                            1.438    0.121    0.1016      0.0884  
n53                            1.438    0.125    0.1005      0.0874  
n50                            1.438    0.124    0.0984      0.0856  
n51                            1.438    0.126    0.0964      0.0839  
n126                           2.542    0.950    0.0532      0.0818  
n142                           2.010    0.051    0.0665      0.0808  
n52                            1.438    0.110    0.0852      0.0741  
n108                           3.149    0.967    0.0337      0.0643  
n129                           3.338    0.995    0.0292      0.0591  
n133                           1.284    0.055    0.0747      0.0580  
n92                            3.875    0.990    0.0236      0.0553  
n91                            3.890    0.992    0.0205      0.0483  
SHIFTC                         2.588    0.013    0.0268      0.0419  
n141                           1.980    0.967    0.0337      0.0404  
n90                            3.903    0.994    0.0159      0.0376  
n99                            1.909    0.018    0.0292      0.0338  
n125                           1.909    0.972    0.0285      0.0329  
n32                            1.879    0.975    0.0288      0.0328  
STARTC                         1.617    0.005    0.0292      0.0286  
n44                            1.438    0.028    0.0317      0.0276  
n45                            1.438    0.011    0.0276      0.0240  
n46                            1.438    0.009    0.0229      0.0199  
n122                           1.940    0.998    0.0149      0.0175  
n47                            1.438    0.006    0.0170      0.0148  
n131                           2.024    0.001    0.0083      0.0102  
n132                           1.961    0.001    0.0066      0.0078  
C                              0.310    0.025    0.0297      0.0056  
--------------------------------------------------------------------------------
Total (68 nets)                                             17.0219 uW
1
