Information: Updating design information... (UID-85)
 
****************************************
Report : timing
        -path full
        -delay max
        -nworst 10
        -max_paths 10
Design : booth_mul_N8
Version: F-2011.09-SP3
Date   : Sat Apr 11 13:08:02 2020
****************************************

Operating Conditions: typical   Library: NangateOpenCellLibrary
Wire Load Model Mode: top

  Startpoint: B[1] (input port)
  Endpoint: S[15] (output port)
  Path Group: (none)
  Path Type: max

  Des/Clust/Port     Wire Load Model       Library
  ------------------------------------------------
  booth_mul_N8       5K_hvratio_1_1        NangateOpenCellLibrary

  Point                                                   Incr       Path
  --------------------------------------------------------------------------
  input external delay                                    0.00       0.00 f
  B[1] (in)                                               0.00       0.00 f
  booth_j_1/i[0] (Booth_Encoder_3)                        0.00       0.00 f
  booth_j_1/U8/ZN (XNOR2_X1)                              0.06       0.06 f
  booth_j_1/U5/Z (MUX2_X1)                                0.07       0.13 f
  booth_j_1/U4/ZN (INV_X1)                                0.06       0.19 r
  booth_j_1/o[1] (Booth_Encoder_3)                        0.00       0.19 r
  mux_j_1/sel[1] (MUX_booth_N16_3)                        0.00       0.19 r
  mux_j_1/U55/ZN (INV_X1)                                 0.05       0.24 f
  mux_j_1/U4/ZN (NOR3_X4)                                 0.17       0.42 r
  mux_j_1/U3/ZN (NOR4_X4)                                 0.12       0.54 f
  mux_j_1/U22/ZN (AOI222_X1)                              0.11       0.65 r
  mux_j_1/U21/ZN (NAND2_X1)                               0.06       0.71 f
  mux_j_1/Y[4] (MUX_booth_N16_3)                          0.00       0.71 f
  adder_1/A[4] (P4_ADDER_N16_0)                           0.00       0.71 f
  adder_1/SGEN/A[4] (sum_generator_N16_NPB4_0)            0.00       0.71 f
  adder_1/SGEN/csbi_1/A[0] (carry_select_block_NPB4_11)
                                                          0.00       0.71 f
  adder_1/SGEN/csbi_1/UADDER1/A[0] (RCA_N4_22)            0.00       0.71 f
  adder_1/SGEN/csbi_1/UADDER1/FAI_1/A (FA_88)             0.00       0.71 f
  adder_1/SGEN/csbi_1/UADDER1/FAI_1/U4/Z (XOR2_X1)        0.09       0.80 f
  adder_1/SGEN/csbi_1/UADDER1/FAI_1/U2/ZN (AOI22_X1)      0.06       0.86 r
  adder_1/SGEN/csbi_1/UADDER1/FAI_1/U1/ZN (INV_X1)        0.03       0.89 f
  adder_1/SGEN/csbi_1/UADDER1/FAI_1/Co (FA_88)            0.00       0.89 f
  adder_1/SGEN/csbi_1/UADDER1/FAI_2/Ci (FA_87)            0.00       0.89 f
  adder_1/SGEN/csbi_1/UADDER1/FAI_2/U2/ZN (AOI22_X1)      0.06       0.95 r
  adder_1/SGEN/csbi_1/UADDER1/FAI_2/U1/ZN (INV_X1)        0.03       0.98 f
  adder_1/SGEN/csbi_1/UADDER1/FAI_2/Co (FA_87)            0.00       0.98 f
  adder_1/SGEN/csbi_1/UADDER1/FAI_3/Ci (FA_86)            0.00       0.98 f
  adder_1/SGEN/csbi_1/UADDER1/FAI_3/U2/ZN (AOI22_X1)      0.06       1.04 r
  adder_1/SGEN/csbi_1/UADDER1/FAI_3/U1/ZN (INV_X1)        0.03       1.07 f
  adder_1/SGEN/csbi_1/UADDER1/FAI_3/Co (FA_86)            0.00       1.07 f
  adder_1/SGEN/csbi_1/UADDER1/FAI_4/Ci (FA_85)            0.00       1.07 f
  adder_1/SGEN/csbi_1/UADDER1/FAI_4/U3/Z (XOR2_X1)        0.07       1.13 f
  adder_1/SGEN/csbi_1/UADDER1/FAI_4/S (FA_85)             0.00       1.13 f
  adder_1/SGEN/csbi_1/UADDER1/S[3] (RCA_N4_22)            0.00       1.13 f
  adder_1/SGEN/csbi_1/mux/A[3] (MUX21_generic_N4_11)      0.00       1.13 f
  adder_1/SGEN/csbi_1/mux/U1/Z (MUX2_X1)                  0.09       1.23 f
  adder_1/SGEN/csbi_1/mux/Y[3] (MUX21_generic_N4_11)      0.00       1.23 f
  adder_1/SGEN/csbi_1/S[3] (carry_select_block_NPB4_11)
                                                          0.00       1.23 f
  adder_1/SGEN/S[7] (sum_generator_N16_NPB4_0)            0.00       1.23 f
  adder_1/S[7] (P4_ADDER_N16_0)                           0.00       1.23 f
  adder_2/B[7] (P4_ADDER_N16_2)                           0.00       1.23 f
  adder_2/CGEN/B[7] (carry_generator_N16_NPB4_2)          0.00       1.23 f
  adder_2/CGEN/U22/Z (XOR2_X1)                            0.08       1.31 f
  adder_2/CGEN/PGJ_0_3_0/P_IK (PG_20)                     0.00       1.31 f
  adder_2/CGEN/PGJ_0_3_0/U2/ZN (AOI21_X1)                 0.04       1.35 r
  adder_2/CGEN/PGJ_0_3_0/U1/ZN (INV_X1)                   0.02       1.37 f
  adder_2/CGEN/PGJ_0_3_0/Gx (PG_20)                       0.00       1.37 f
  adder_2/CGEN/PGJ_1_1_0/G_IK (PG_15)                     0.00       1.37 f
  adder_2/CGEN/PGJ_1_1_0/U2/ZN (AOI21_X1)                 0.05       1.43 r
  adder_2/CGEN/PGJ_1_1_0/U1/ZN (INV_X1)                   0.02       1.45 f
  adder_2/CGEN/PGJ_1_1_0/Gx (PG_15)                       0.00       1.45 f
  adder_2/CGEN/GJ_2_0_0/G_IK (G_8)                        0.00       1.45 f
  adder_2/CGEN/GJ_2_0_0/U2/ZN (AOI21_X1)                  0.05       1.50 r
  adder_2/CGEN/GJ_2_0_0/U1/ZN (INV_X1)                    0.04       1.54 f
  adder_2/CGEN/GJ_2_0_0/Gx (G_8)                          0.00       1.54 f
  adder_2/CGEN/GJ_3_0_1/G_K_1 (G_6)                       0.00       1.54 f
  adder_2/CGEN/GJ_3_0_1/U2/ZN (AOI21_X1)                  0.05       1.60 r
  adder_2/CGEN/GJ_3_0_1/U1/ZN (INV_X1)                    0.04       1.63 f
  adder_2/CGEN/GJ_3_0_1/Gx (G_6)                          0.00       1.63 f
  adder_2/CGEN/Co[2] (carry_generator_N16_NPB4_2)         0.00       1.63 f
  adder_2/SGEN/Ci[3] (sum_generator_N16_NPB4_2)           0.00       1.63 f
  adder_2/SGEN/csbi_3/Ci (carry_select_block_NPB4_5)      0.00       1.63 f
  adder_2/SGEN/csbi_3/mux/sel (MUX21_generic_N4_5)        0.00       1.63 f
  adder_2/SGEN/csbi_3/mux/U4/Z (MUX2_X1)                  0.09       1.72 f
  adder_2/SGEN/csbi_3/mux/Y[0] (MUX21_generic_N4_5)       0.00       1.72 f
  adder_2/SGEN/csbi_3/S[0] (carry_select_block_NPB4_5)
                                                          0.00       1.72 f
  adder_2/SGEN/S[12] (sum_generator_N16_NPB4_2)           0.00       1.72 f
  adder_2/S[12] (P4_ADDER_N16_2)                          0.00       1.72 f
  adder_3/B[12] (P4_ADDER_N16_1)                          0.00       1.72 f
  adder_3/SGEN/B[12] (sum_generator_N16_NPB4_1)           0.00       1.72 f
  adder_3/SGEN/csbi_3/B[0] (carry_select_block_NPB4_1)
                                                          0.00       1.72 f
  adder_3/SGEN/csbi_3/UADDER1/B[0] (RCA_N4_2)             0.00       1.72 f
  adder_3/SGEN/csbi_3/UADDER1/FAI_1/B (FA_8)              0.00       1.72 f
  adder_3/SGEN/csbi_3/UADDER1/FAI_1/U4/Z (XOR2_X1)        0.09       1.82 f
  adder_3/SGEN/csbi_3/UADDER1/FAI_1/U2/ZN (AOI22_X1)      0.06       1.88 r
  adder_3/SGEN/csbi_3/UADDER1/FAI_1/U1/ZN (INV_X1)        0.03       1.90 f
  adder_3/SGEN/csbi_3/UADDER1/FAI_1/Co (FA_8)             0.00       1.90 f
  adder_3/SGEN/csbi_3/UADDER1/FAI_2/Ci (FA_7)             0.00       1.90 f
  adder_3/SGEN/csbi_3/UADDER1/FAI_2/U2/ZN (AOI22_X1)      0.06       1.96 r
  adder_3/SGEN/csbi_3/UADDER1/FAI_2/U1/ZN (INV_X1)        0.03       1.99 f
  adder_3/SGEN/csbi_3/UADDER1/FAI_2/Co (FA_7)             0.00       1.99 f
  adder_3/SGEN/csbi_3/UADDER1/FAI_3/Ci (FA_6)             0.00       1.99 f
  adder_3/SGEN/csbi_3/UADDER1/FAI_3/U2/ZN (AOI22_X1)      0.06       2.05 r
  adder_3/SGEN/csbi_3/UADDER1/FAI_3/U1/ZN (INV_X1)        0.03       2.08 f
  adder_3/SGEN/csbi_3/UADDER1/FAI_3/Co (FA_6)             0.00       2.08 f
  adder_3/SGEN/csbi_3/UADDER1/FAI_4/Ci (FA_5)             0.00       2.08 f
  adder_3/SGEN/csbi_3/UADDER1/FAI_4/U3/Z (XOR2_X1)        0.07       2.15 f
  adder_3/SGEN/csbi_3/UADDER1/FAI_4/S (FA_5)              0.00       2.15 f
  adder_3/SGEN/csbi_3/UADDER1/S[3] (RCA_N4_2)             0.00       2.15 f
  adder_3/SGEN/csbi_3/mux/A[3] (MUX21_generic_N4_1)       0.00       2.15 f
  adder_3/SGEN/csbi_3/mux/U1/Z (MUX2_X1)                  0.06       2.21 f
  adder_3/SGEN/csbi_3/mux/Y[3] (MUX21_generic_N4_1)       0.00       2.21 f
  adder_3/SGEN/csbi_3/S[3] (carry_select_block_NPB4_1)
                                                          0.00       2.21 f
  adder_3/SGEN/S[15] (sum_generator_N16_NPB4_1)           0.00       2.21 f
  adder_3/S[15] (P4_ADDER_N16_1)                          0.00       2.21 f
  S[15] (out)                                             0.00       2.22 f
  data arrival time                                                  2.22
  --------------------------------------------------------------------------
  (Path is unconstrained)


  Startpoint: B[1] (input port)
  Endpoint: S[15] (output port)
  Path Group: (none)
  Path Type: max

  Des/Clust/Port     Wire Load Model       Library
  ------------------------------------------------
  booth_mul_N8       5K_hvratio_1_1        NangateOpenCellLibrary

  Point                                                   Incr       Path
  --------------------------------------------------------------------------
  input external delay                                    0.00       0.00 f
  B[1] (in)                                               0.00       0.00 f
  booth_j_1/i[0] (Booth_Encoder_3)                        0.00       0.00 f
  booth_j_1/U8/ZN (XNOR2_X1)                              0.06       0.06 f
  booth_j_1/U5/Z (MUX2_X1)                                0.07       0.13 f
  booth_j_1/U4/ZN (INV_X1)                                0.06       0.19 r
  booth_j_1/o[1] (Booth_Encoder_3)                        0.00       0.19 r
  mux_j_1/sel[1] (MUX_booth_N16_3)                        0.00       0.19 r
  mux_j_1/U55/ZN (INV_X1)                                 0.05       0.24 f
  mux_j_1/U4/ZN (NOR3_X4)                                 0.17       0.42 r
  mux_j_1/U3/ZN (NOR4_X4)                                 0.12       0.54 f
  mux_j_1/U22/ZN (AOI222_X1)                              0.11       0.65 r
  mux_j_1/U21/ZN (NAND2_X1)                               0.06       0.71 f
  mux_j_1/Y[4] (MUX_booth_N16_3)                          0.00       0.71 f
  adder_1/A[4] (P4_ADDER_N16_0)                           0.00       0.71 f
  adder_1/SGEN/A[4] (sum_generator_N16_NPB4_0)            0.00       0.71 f
  adder_1/SGEN/csbi_1/A[0] (carry_select_block_NPB4_11)
                                                          0.00       0.71 f
  adder_1/SGEN/csbi_1/UADDER1/A[0] (RCA_N4_22)            0.00       0.71 f
  adder_1/SGEN/csbi_1/UADDER1/FAI_1/A (FA_88)             0.00       0.71 f
  adder_1/SGEN/csbi_1/UADDER1/FAI_1/U4/Z (XOR2_X1)        0.09       0.80 f
  adder_1/SGEN/csbi_1/UADDER1/FAI_1/U2/ZN (AOI22_X1)      0.06       0.86 r
  adder_1/SGEN/csbi_1/UADDER1/FAI_1/U1/ZN (INV_X1)        0.03       0.89 f
  adder_1/SGEN/csbi_1/UADDER1/FAI_1/Co (FA_88)            0.00       0.89 f
  adder_1/SGEN/csbi_1/UADDER1/FAI_2/Ci (FA_87)            0.00       0.89 f
  adder_1/SGEN/csbi_1/UADDER1/FAI_2/U2/ZN (AOI22_X1)      0.06       0.95 r
  adder_1/SGEN/csbi_1/UADDER1/FAI_2/U1/ZN (INV_X1)        0.03       0.98 f
  adder_1/SGEN/csbi_1/UADDER1/FAI_2/Co (FA_87)            0.00       0.98 f
  adder_1/SGEN/csbi_1/UADDER1/FAI_3/Ci (FA_86)            0.00       0.98 f
  adder_1/SGEN/csbi_1/UADDER1/FAI_3/U2/ZN (AOI22_X1)      0.06       1.04 r
  adder_1/SGEN/csbi_1/UADDER1/FAI_3/U1/ZN (INV_X1)        0.03       1.07 f
  adder_1/SGEN/csbi_1/UADDER1/FAI_3/Co (FA_86)            0.00       1.07 f
  adder_1/SGEN/csbi_1/UADDER1/FAI_4/Ci (FA_85)            0.00       1.07 f
  adder_1/SGEN/csbi_1/UADDER1/FAI_4/U3/Z (XOR2_X1)        0.07       1.13 f
  adder_1/SGEN/csbi_1/UADDER1/FAI_4/S (FA_85)             0.00       1.13 f
  adder_1/SGEN/csbi_1/UADDER1/S[3] (RCA_N4_22)            0.00       1.13 f
  adder_1/SGEN/csbi_1/mux/A[3] (MUX21_generic_N4_11)      0.00       1.13 f
  adder_1/SGEN/csbi_1/mux/U1/Z (MUX2_X1)                  0.09       1.23 f
  adder_1/SGEN/csbi_1/mux/Y[3] (MUX21_generic_N4_11)      0.00       1.23 f
  adder_1/SGEN/csbi_1/S[3] (carry_select_block_NPB4_11)
                                                          0.00       1.23 f
  adder_1/SGEN/S[7] (sum_generator_N16_NPB4_0)            0.00       1.23 f
  adder_1/S[7] (P4_ADDER_N16_0)                           0.00       1.23 f
  adder_2/B[7] (P4_ADDER_N16_2)                           0.00       1.23 f
  adder_2/CGEN/B[7] (carry_generator_N16_NPB4_2)          0.00       1.23 f
  adder_2/CGEN/U22/Z (XOR2_X1)                            0.08       1.31 f
  adder_2/CGEN/PGJ_0_3_0/P_IK (PG_20)                     0.00       1.31 f
  adder_2/CGEN/PGJ_0_3_0/U2/ZN (AOI21_X1)                 0.04       1.35 r
  adder_2/CGEN/PGJ_0_3_0/U1/ZN (INV_X1)                   0.02       1.37 f
  adder_2/CGEN/PGJ_0_3_0/Gx (PG_20)                       0.00       1.37 f
  adder_2/CGEN/PGJ_1_1_0/G_IK (PG_15)                     0.00       1.37 f
  adder_2/CGEN/PGJ_1_1_0/U2/ZN (AOI21_X1)                 0.05       1.43 r
  adder_2/CGEN/PGJ_1_1_0/U1/ZN (INV_X1)                   0.02       1.45 f
  adder_2/CGEN/PGJ_1_1_0/Gx (PG_15)                       0.00       1.45 f
  adder_2/CGEN/GJ_2_0_0/G_IK (G_8)                        0.00       1.45 f
  adder_2/CGEN/GJ_2_0_0/U2/ZN (AOI21_X1)                  0.05       1.50 r
  adder_2/CGEN/GJ_2_0_0/U1/ZN (INV_X1)                    0.04       1.54 f
  adder_2/CGEN/GJ_2_0_0/Gx (G_8)                          0.00       1.54 f
  adder_2/CGEN/GJ_3_0_1/G_K_1 (G_6)                       0.00       1.54 f
  adder_2/CGEN/GJ_3_0_1/U2/ZN (AOI21_X1)                  0.05       1.60 r
  adder_2/CGEN/GJ_3_0_1/U1/ZN (INV_X1)                    0.04       1.63 f
  adder_2/CGEN/GJ_3_0_1/Gx (G_6)                          0.00       1.63 f
  adder_2/CGEN/Co[2] (carry_generator_N16_NPB4_2)         0.00       1.63 f
  adder_2/SGEN/Ci[3] (sum_generator_N16_NPB4_2)           0.00       1.63 f
  adder_2/SGEN/csbi_3/Ci (carry_select_block_NPB4_5)      0.00       1.63 f
  adder_2/SGEN/csbi_3/mux/sel (MUX21_generic_N4_5)        0.00       1.63 f
  adder_2/SGEN/csbi_3/mux/U4/Z (MUX2_X1)                  0.09       1.72 f
  adder_2/SGEN/csbi_3/mux/Y[0] (MUX21_generic_N4_5)       0.00       1.72 f
  adder_2/SGEN/csbi_3/S[0] (carry_select_block_NPB4_5)
                                                          0.00       1.72 f
  adder_2/SGEN/S[12] (sum_generator_N16_NPB4_2)           0.00       1.72 f
  adder_2/S[12] (P4_ADDER_N16_2)                          0.00       1.72 f
  adder_3/B[12] (P4_ADDER_N16_1)                          0.00       1.72 f
  adder_3/SGEN/B[12] (sum_generator_N16_NPB4_1)           0.00       1.72 f
  adder_3/SGEN/csbi_3/B[0] (carry_select_block_NPB4_1)
                                                          0.00       1.72 f
  adder_3/SGEN/csbi_3/UADDER1/B[0] (RCA_N4_2)             0.00       1.72 f
  adder_3/SGEN/csbi_3/UADDER1/FAI_1/B (FA_8)              0.00       1.72 f
  adder_3/SGEN/csbi_3/UADDER1/FAI_1/U4/Z (XOR2_X1)        0.09       1.82 f
  adder_3/SGEN/csbi_3/UADDER1/FAI_1/U2/ZN (AOI22_X1)      0.06       1.88 r
  adder_3/SGEN/csbi_3/UADDER1/FAI_1/U1/ZN (INV_X1)        0.03       1.90 f
  adder_3/SGEN/csbi_3/UADDER1/FAI_1/Co (FA_8)             0.00       1.90 f
  adder_3/SGEN/csbi_3/UADDER1/FAI_2/Ci (FA_7)             0.00       1.90 f
  adder_3/SGEN/csbi_3/UADDER1/FAI_2/U2/ZN (AOI22_X1)      0.06       1.96 r
  adder_3/SGEN/csbi_3/UADDER1/FAI_2/U1/ZN (INV_X1)        0.03       1.99 f
  adder_3/SGEN/csbi_3/UADDER1/FAI_2/Co (FA_7)             0.00       1.99 f
  adder_3/SGEN/csbi_3/UADDER1/FAI_3/Ci (FA_6)             0.00       1.99 f
  adder_3/SGEN/csbi_3/UADDER1/FAI_3/U2/ZN (AOI22_X1)      0.06       2.05 r
  adder_3/SGEN/csbi_3/UADDER1/FAI_3/U1/ZN (INV_X1)        0.03       2.08 f
  adder_3/SGEN/csbi_3/UADDER1/FAI_3/Co (FA_6)             0.00       2.08 f
  adder_3/SGEN/csbi_3/UADDER1/FAI_4/Ci (FA_5)             0.00       2.08 f
  adder_3/SGEN/csbi_3/UADDER1/FAI_4/U3/Z (XOR2_X1)        0.07       2.15 f
  adder_3/SGEN/csbi_3/UADDER1/FAI_4/S (FA_5)              0.00       2.15 f
  adder_3/SGEN/csbi_3/UADDER1/S[3] (RCA_N4_2)             0.00       2.15 f
  adder_3/SGEN/csbi_3/mux/A[3] (MUX21_generic_N4_1)       0.00       2.15 f
  adder_3/SGEN/csbi_3/mux/U1/Z (MUX2_X1)                  0.06       2.21 f
  adder_3/SGEN/csbi_3/mux/Y[3] (MUX21_generic_N4_1)       0.00       2.21 f
  adder_3/SGEN/csbi_3/S[3] (carry_select_block_NPB4_1)
                                                          0.00       2.21 f
  adder_3/SGEN/S[15] (sum_generator_N16_NPB4_1)           0.00       2.21 f
  adder_3/S[15] (P4_ADDER_N16_1)                          0.00       2.21 f
  S[15] (out)                                             0.00       2.22 f
  data arrival time                                                  2.22
  --------------------------------------------------------------------------
  (Path is unconstrained)


  Startpoint: B[1] (input port)
  Endpoint: S[15] (output port)
  Path Group: (none)
  Path Type: max

  Des/Clust/Port     Wire Load Model       Library
  ------------------------------------------------
  booth_mul_N8       5K_hvratio_1_1        NangateOpenCellLibrary

  Point                                                   Incr       Path
  --------------------------------------------------------------------------
  input external delay                                    0.00       0.00 f
  B[1] (in)                                               0.00       0.00 f
  booth_j_1/i[0] (Booth_Encoder_3)                        0.00       0.00 f
  booth_j_1/U8/ZN (XNOR2_X1)                              0.06       0.06 f
  booth_j_1/U5/Z (MUX2_X1)                                0.07       0.13 f
  booth_j_1/U4/ZN (INV_X1)                                0.06       0.19 r
  booth_j_1/o[1] (Booth_Encoder_3)                        0.00       0.19 r
  mux_j_1/sel[1] (MUX_booth_N16_3)                        0.00       0.19 r
  mux_j_1/U55/ZN (INV_X1)                                 0.05       0.24 f
  mux_j_1/U4/ZN (NOR3_X4)                                 0.17       0.42 r
  mux_j_1/U3/ZN (NOR4_X4)                                 0.12       0.54 f
  mux_j_1/U22/ZN (AOI222_X1)                              0.11       0.65 r
  mux_j_1/U21/ZN (NAND2_X1)                               0.06       0.71 f
  mux_j_1/Y[4] (MUX_booth_N16_3)                          0.00       0.71 f
  adder_1/A[4] (P4_ADDER_N16_0)                           0.00       0.71 f
  adder_1/SGEN/A[4] (sum_generator_N16_NPB4_0)            0.00       0.71 f
  adder_1/SGEN/csbi_1/A[0] (carry_select_block_NPB4_11)
                                                          0.00       0.71 f
  adder_1/SGEN/csbi_1/UADDER1/A[0] (RCA_N4_22)            0.00       0.71 f
  adder_1/SGEN/csbi_1/UADDER1/FAI_1/A (FA_88)             0.00       0.71 f
  adder_1/SGEN/csbi_1/UADDER1/FAI_1/U4/Z (XOR2_X1)        0.09       0.80 f
  adder_1/SGEN/csbi_1/UADDER1/FAI_1/U2/ZN (AOI22_X1)      0.06       0.86 r
  adder_1/SGEN/csbi_1/UADDER1/FAI_1/U1/ZN (INV_X1)        0.03       0.89 f
  adder_1/SGEN/csbi_1/UADDER1/FAI_1/Co (FA_88)            0.00       0.89 f
  adder_1/SGEN/csbi_1/UADDER1/FAI_2/Ci (FA_87)            0.00       0.89 f
  adder_1/SGEN/csbi_1/UADDER1/FAI_2/U2/ZN (AOI22_X1)      0.06       0.95 r
  adder_1/SGEN/csbi_1/UADDER1/FAI_2/U1/ZN (INV_X1)        0.03       0.98 f
  adder_1/SGEN/csbi_1/UADDER1/FAI_2/Co (FA_87)            0.00       0.98 f
  adder_1/SGEN/csbi_1/UADDER1/FAI_3/Ci (FA_86)            0.00       0.98 f
  adder_1/SGEN/csbi_1/UADDER1/FAI_3/U2/ZN (AOI22_X1)      0.06       1.04 r
  adder_1/SGEN/csbi_1/UADDER1/FAI_3/U1/ZN (INV_X1)        0.03       1.07 f
  adder_1/SGEN/csbi_1/UADDER1/FAI_3/Co (FA_86)            0.00       1.07 f
  adder_1/SGEN/csbi_1/UADDER1/FAI_4/Ci (FA_85)            0.00       1.07 f
  adder_1/SGEN/csbi_1/UADDER1/FAI_4/U3/Z (XOR2_X1)        0.07       1.13 f
  adder_1/SGEN/csbi_1/UADDER1/FAI_4/S (FA_85)             0.00       1.13 f
  adder_1/SGEN/csbi_1/UADDER1/S[3] (RCA_N4_22)            0.00       1.13 f
  adder_1/SGEN/csbi_1/mux/A[3] (MUX21_generic_N4_11)      0.00       1.13 f
  adder_1/SGEN/csbi_1/mux/U1/Z (MUX2_X1)                  0.09       1.23 f
  adder_1/SGEN/csbi_1/mux/Y[3] (MUX21_generic_N4_11)      0.00       1.23 f
  adder_1/SGEN/csbi_1/S[3] (carry_select_block_NPB4_11)
                                                          0.00       1.23 f
  adder_1/SGEN/S[7] (sum_generator_N16_NPB4_0)            0.00       1.23 f
  adder_1/S[7] (P4_ADDER_N16_0)                           0.00       1.23 f
  adder_2/B[7] (P4_ADDER_N16_2)                           0.00       1.23 f
  adder_2/CGEN/B[7] (carry_generator_N16_NPB4_2)          0.00       1.23 f
  adder_2/CGEN/U22/Z (XOR2_X1)                            0.08       1.31 f
  adder_2/CGEN/PGJ_0_3_0/P_IK (PG_20)                     0.00       1.31 f
  adder_2/CGEN/PGJ_0_3_0/U2/ZN (AOI21_X1)                 0.04       1.35 r
  adder_2/CGEN/PGJ_0_3_0/U1/ZN (INV_X1)                   0.02       1.37 f
  adder_2/CGEN/PGJ_0_3_0/Gx (PG_20)                       0.00       1.37 f
  adder_2/CGEN/PGJ_1_1_0/G_IK (PG_15)                     0.00       1.37 f
  adder_2/CGEN/PGJ_1_1_0/U2/ZN (AOI21_X1)                 0.05       1.43 r
  adder_2/CGEN/PGJ_1_1_0/U1/ZN (INV_X1)                   0.02       1.45 f
  adder_2/CGEN/PGJ_1_1_0/Gx (PG_15)                       0.00       1.45 f
  adder_2/CGEN/GJ_2_0_0/G_IK (G_8)                        0.00       1.45 f
  adder_2/CGEN/GJ_2_0_0/U2/ZN (AOI21_X1)                  0.05       1.50 r
  adder_2/CGEN/GJ_2_0_0/U1/ZN (INV_X1)                    0.04       1.54 f
  adder_2/CGEN/GJ_2_0_0/Gx (G_8)                          0.00       1.54 f
  adder_2/CGEN/GJ_3_0_1/G_K_1 (G_6)                       0.00       1.54 f
  adder_2/CGEN/GJ_3_0_1/U2/ZN (AOI21_X1)                  0.05       1.60 r
  adder_2/CGEN/GJ_3_0_1/U1/ZN (INV_X1)                    0.04       1.63 f
  adder_2/CGEN/GJ_3_0_1/Gx (G_6)                          0.00       1.63 f
  adder_2/CGEN/Co[2] (carry_generator_N16_NPB4_2)         0.00       1.63 f
  adder_2/SGEN/Ci[3] (sum_generator_N16_NPB4_2)           0.00       1.63 f
  adder_2/SGEN/csbi_3/Ci (carry_select_block_NPB4_5)      0.00       1.63 f
  adder_2/SGEN/csbi_3/mux/sel (MUX21_generic_N4_5)        0.00       1.63 f
  adder_2/SGEN/csbi_3/mux/U4/Z (MUX2_X1)                  0.09       1.72 f
  adder_2/SGEN/csbi_3/mux/Y[0] (MUX21_generic_N4_5)       0.00       1.72 f
  adder_2/SGEN/csbi_3/S[0] (carry_select_block_NPB4_5)
                                                          0.00       1.72 f
  adder_2/SGEN/S[12] (sum_generator_N16_NPB4_2)           0.00       1.72 f
  adder_2/S[12] (P4_ADDER_N16_2)                          0.00       1.72 f
  adder_3/B[12] (P4_ADDER_N16_1)                          0.00       1.72 f
  adder_3/SGEN/B[12] (sum_generator_N16_NPB4_1)           0.00       1.72 f
  adder_3/SGEN/csbi_3/B[0] (carry_select_block_NPB4_1)
                                                          0.00       1.72 f
  adder_3/SGEN/csbi_3/UADDER1/B[0] (RCA_N4_2)             0.00       1.72 f
  adder_3/SGEN/csbi_3/UADDER1/FAI_1/B (FA_8)              0.00       1.72 f
  adder_3/SGEN/csbi_3/UADDER1/FAI_1/U4/Z (XOR2_X1)        0.09       1.82 f
  adder_3/SGEN/csbi_3/UADDER1/FAI_1/U2/ZN (AOI22_X1)      0.06       1.88 r
  adder_3/SGEN/csbi_3/UADDER1/FAI_1/U1/ZN (INV_X1)        0.03       1.90 f
  adder_3/SGEN/csbi_3/UADDER1/FAI_1/Co (FA_8)             0.00       1.90 f
  adder_3/SGEN/csbi_3/UADDER1/FAI_2/Ci (FA_7)             0.00       1.90 f
  adder_3/SGEN/csbi_3/UADDER1/FAI_2/U2/ZN (AOI22_X1)      0.06       1.96 r
  adder_3/SGEN/csbi_3/UADDER1/FAI_2/U1/ZN (INV_X1)        0.03       1.99 f
  adder_3/SGEN/csbi_3/UADDER1/FAI_2/Co (FA_7)             0.00       1.99 f
  adder_3/SGEN/csbi_3/UADDER1/FAI_3/Ci (FA_6)             0.00       1.99 f
  adder_3/SGEN/csbi_3/UADDER1/FAI_3/U2/ZN (AOI22_X1)      0.06       2.05 r
  adder_3/SGEN/csbi_3/UADDER1/FAI_3/U1/ZN (INV_X1)        0.03       2.08 f
  adder_3/SGEN/csbi_3/UADDER1/FAI_3/Co (FA_6)             0.00       2.08 f
  adder_3/SGEN/csbi_3/UADDER1/FAI_4/Ci (FA_5)             0.00       2.08 f
  adder_3/SGEN/csbi_3/UADDER1/FAI_4/U3/Z (XOR2_X1)        0.07       2.15 f
  adder_3/SGEN/csbi_3/UADDER1/FAI_4/S (FA_5)              0.00       2.15 f
  adder_3/SGEN/csbi_3/UADDER1/S[3] (RCA_N4_2)             0.00       2.15 f
  adder_3/SGEN/csbi_3/mux/A[3] (MUX21_generic_N4_1)       0.00       2.15 f
  adder_3/SGEN/csbi_3/mux/U1/Z (MUX2_X1)                  0.06       2.21 f
  adder_3/SGEN/csbi_3/mux/Y[3] (MUX21_generic_N4_1)       0.00       2.21 f
  adder_3/SGEN/csbi_3/S[3] (carry_select_block_NPB4_1)
                                                          0.00       2.21 f
  adder_3/SGEN/S[15] (sum_generator_N16_NPB4_1)           0.00       2.21 f
  adder_3/S[15] (P4_ADDER_N16_1)                          0.00       2.21 f
  S[15] (out)                                             0.00       2.22 f
  data arrival time                                                  2.22
  --------------------------------------------------------------------------
  (Path is unconstrained)


  Startpoint: B[1] (input port)
  Endpoint: S[15] (output port)
  Path Group: (none)
  Path Type: max

  Des/Clust/Port     Wire Load Model       Library
  ------------------------------------------------
  booth_mul_N8       5K_hvratio_1_1        NangateOpenCellLibrary

  Point                                                   Incr       Path
  --------------------------------------------------------------------------
  input external delay                                    0.00       0.00 f
  B[1] (in)                                               0.00       0.00 f
  booth_j_1/i[0] (Booth_Encoder_3)                        0.00       0.00 f
  booth_j_1/U8/ZN (XNOR2_X1)                              0.06       0.06 f
  booth_j_1/U5/Z (MUX2_X1)                                0.07       0.13 f
  booth_j_1/U4/ZN (INV_X1)                                0.06       0.19 r
  booth_j_1/o[1] (Booth_Encoder_3)                        0.00       0.19 r
  mux_j_1/sel[1] (MUX_booth_N16_3)                        0.00       0.19 r
  mux_j_1/U55/ZN (INV_X1)                                 0.05       0.24 f
  mux_j_1/U4/ZN (NOR3_X4)                                 0.17       0.42 r
  mux_j_1/U3/ZN (NOR4_X4)                                 0.12       0.54 f
  mux_j_1/U22/ZN (AOI222_X1)                              0.11       0.65 r
  mux_j_1/U21/ZN (NAND2_X1)                               0.06       0.71 f
  mux_j_1/Y[4] (MUX_booth_N16_3)                          0.00       0.71 f
  adder_1/A[4] (P4_ADDER_N16_0)                           0.00       0.71 f
  adder_1/SGEN/A[4] (sum_generator_N16_NPB4_0)            0.00       0.71 f
  adder_1/SGEN/csbi_1/A[0] (carry_select_block_NPB4_11)
                                                          0.00       0.71 f
  adder_1/SGEN/csbi_1/UADDER1/A[0] (RCA_N4_22)            0.00       0.71 f
  adder_1/SGEN/csbi_1/UADDER1/FAI_1/A (FA_88)             0.00       0.71 f
  adder_1/SGEN/csbi_1/UADDER1/FAI_1/U4/Z (XOR2_X1)        0.09       0.80 f
  adder_1/SGEN/csbi_1/UADDER1/FAI_1/U2/ZN (AOI22_X1)      0.06       0.86 r
  adder_1/SGEN/csbi_1/UADDER1/FAI_1/U1/ZN (INV_X1)        0.03       0.89 f
  adder_1/SGEN/csbi_1/UADDER1/FAI_1/Co (FA_88)            0.00       0.89 f
  adder_1/SGEN/csbi_1/UADDER1/FAI_2/Ci (FA_87)            0.00       0.89 f
  adder_1/SGEN/csbi_1/UADDER1/FAI_2/U2/ZN (AOI22_X1)      0.06       0.95 r
  adder_1/SGEN/csbi_1/UADDER1/FAI_2/U1/ZN (INV_X1)        0.03       0.98 f
  adder_1/SGEN/csbi_1/UADDER1/FAI_2/Co (FA_87)            0.00       0.98 f
  adder_1/SGEN/csbi_1/UADDER1/FAI_3/Ci (FA_86)            0.00       0.98 f
  adder_1/SGEN/csbi_1/UADDER1/FAI_3/U2/ZN (AOI22_X1)      0.06       1.04 r
  adder_1/SGEN/csbi_1/UADDER1/FAI_3/U1/ZN (INV_X1)        0.03       1.07 f
  adder_1/SGEN/csbi_1/UADDER1/FAI_3/Co (FA_86)            0.00       1.07 f
  adder_1/SGEN/csbi_1/UADDER1/FAI_4/Ci (FA_85)            0.00       1.07 f
  adder_1/SGEN/csbi_1/UADDER1/FAI_4/U3/Z (XOR2_X1)        0.07       1.13 f
  adder_1/SGEN/csbi_1/UADDER1/FAI_4/S (FA_85)             0.00       1.13 f
  adder_1/SGEN/csbi_1/UADDER1/S[3] (RCA_N4_22)            0.00       1.13 f
  adder_1/SGEN/csbi_1/mux/A[3] (MUX21_generic_N4_11)      0.00       1.13 f
  adder_1/SGEN/csbi_1/mux/U1/Z (MUX2_X1)                  0.09       1.23 f
  adder_1/SGEN/csbi_1/mux/Y[3] (MUX21_generic_N4_11)      0.00       1.23 f
  adder_1/SGEN/csbi_1/S[3] (carry_select_block_NPB4_11)
                                                          0.00       1.23 f
  adder_1/SGEN/S[7] (sum_generator_N16_NPB4_0)            0.00       1.23 f
  adder_1/S[7] (P4_ADDER_N16_0)                           0.00       1.23 f
  adder_2/B[7] (P4_ADDER_N16_2)                           0.00       1.23 f
  adder_2/CGEN/B[7] (carry_generator_N16_NPB4_2)          0.00       1.23 f
  adder_2/CGEN/U22/Z (XOR2_X1)                            0.08       1.31 f
  adder_2/CGEN/PGJ_0_3_0/P_IK (PG_20)                     0.00       1.31 f
  adder_2/CGEN/PGJ_0_3_0/U2/ZN (AOI21_X1)                 0.04       1.35 r
  adder_2/CGEN/PGJ_0_3_0/U1/ZN (INV_X1)                   0.02       1.37 f
  adder_2/CGEN/PGJ_0_3_0/Gx (PG_20)                       0.00       1.37 f
  adder_2/CGEN/PGJ_1_1_0/G_IK (PG_15)                     0.00       1.37 f
  adder_2/CGEN/PGJ_1_1_0/U2/ZN (AOI21_X1)                 0.05       1.43 r
  adder_2/CGEN/PGJ_1_1_0/U1/ZN (INV_X1)                   0.02       1.45 f
  adder_2/CGEN/PGJ_1_1_0/Gx (PG_15)                       0.00       1.45 f
  adder_2/CGEN/GJ_2_0_0/G_IK (G_8)                        0.00       1.45 f
  adder_2/CGEN/GJ_2_0_0/U2/ZN (AOI21_X1)                  0.05       1.50 r
  adder_2/CGEN/GJ_2_0_0/U1/ZN (INV_X1)                    0.04       1.54 f
  adder_2/CGEN/GJ_2_0_0/Gx (G_8)                          0.00       1.54 f
  adder_2/CGEN/GJ_3_0_1/G_K_1 (G_6)                       0.00       1.54 f
  adder_2/CGEN/GJ_3_0_1/U2/ZN (AOI21_X1)                  0.05       1.60 r
  adder_2/CGEN/GJ_3_0_1/U1/ZN (INV_X1)                    0.04       1.63 f
  adder_2/CGEN/GJ_3_0_1/Gx (G_6)                          0.00       1.63 f
  adder_2/CGEN/Co[2] (carry_generator_N16_NPB4_2)         0.00       1.63 f
  adder_2/SGEN/Ci[3] (sum_generator_N16_NPB4_2)           0.00       1.63 f
  adder_2/SGEN/csbi_3/Ci (carry_select_block_NPB4_5)      0.00       1.63 f
  adder_2/SGEN/csbi_3/mux/sel (MUX21_generic_N4_5)        0.00       1.63 f
  adder_2/SGEN/csbi_3/mux/U4/Z (MUX2_X1)                  0.09       1.72 f
  adder_2/SGEN/csbi_3/mux/Y[0] (MUX21_generic_N4_5)       0.00       1.72 f
  adder_2/SGEN/csbi_3/S[0] (carry_select_block_NPB4_5)
                                                          0.00       1.72 f
  adder_2/SGEN/S[12] (sum_generator_N16_NPB4_2)           0.00       1.72 f
  adder_2/S[12] (P4_ADDER_N16_2)                          0.00       1.72 f
  adder_3/B[12] (P4_ADDER_N16_1)                          0.00       1.72 f
  adder_3/SGEN/B[12] (sum_generator_N16_NPB4_1)           0.00       1.72 f
  adder_3/SGEN/csbi_3/B[0] (carry_select_block_NPB4_1)
                                                          0.00       1.72 f
  adder_3/SGEN/csbi_3/UADDER1/B[0] (RCA_N4_2)             0.00       1.72 f
  adder_3/SGEN/csbi_3/UADDER1/FAI_1/B (FA_8)              0.00       1.72 f
  adder_3/SGEN/csbi_3/UADDER1/FAI_1/U4/Z (XOR2_X1)        0.09       1.82 f
  adder_3/SGEN/csbi_3/UADDER1/FAI_1/U2/ZN (AOI22_X1)      0.06       1.88 r
  adder_3/SGEN/csbi_3/UADDER1/FAI_1/U1/ZN (INV_X1)        0.03       1.90 f
  adder_3/SGEN/csbi_3/UADDER1/FAI_1/Co (FA_8)             0.00       1.90 f
  adder_3/SGEN/csbi_3/UADDER1/FAI_2/Ci (FA_7)             0.00       1.90 f
  adder_3/SGEN/csbi_3/UADDER1/FAI_2/U2/ZN (AOI22_X1)      0.06       1.96 r
  adder_3/SGEN/csbi_3/UADDER1/FAI_2/U1/ZN (INV_X1)        0.03       1.99 f
  adder_3/SGEN/csbi_3/UADDER1/FAI_2/Co (FA_7)             0.00       1.99 f
  adder_3/SGEN/csbi_3/UADDER1/FAI_3/Ci (FA_6)             0.00       1.99 f
  adder_3/SGEN/csbi_3/UADDER1/FAI_3/U2/ZN (AOI22_X1)      0.06       2.05 r
  adder_3/SGEN/csbi_3/UADDER1/FAI_3/U1/ZN (INV_X1)        0.03       2.08 f
  adder_3/SGEN/csbi_3/UADDER1/FAI_3/Co (FA_6)             0.00       2.08 f
  adder_3/SGEN/csbi_3/UADDER1/FAI_4/Ci (FA_5)             0.00       2.08 f
  adder_3/SGEN/csbi_3/UADDER1/FAI_4/U3/Z (XOR2_X1)        0.07       2.15 f
  adder_3/SGEN/csbi_3/UADDER1/FAI_4/S (FA_5)              0.00       2.15 f
  adder_3/SGEN/csbi_3/UADDER1/S[3] (RCA_N4_2)             0.00       2.15 f
  adder_3/SGEN/csbi_3/mux/A[3] (MUX21_generic_N4_1)       0.00       2.15 f
  adder_3/SGEN/csbi_3/mux/U1/Z (MUX2_X1)                  0.06       2.21 f
  adder_3/SGEN/csbi_3/mux/Y[3] (MUX21_generic_N4_1)       0.00       2.21 f
  adder_3/SGEN/csbi_3/S[3] (carry_select_block_NPB4_1)
                                                          0.00       2.21 f
  adder_3/SGEN/S[15] (sum_generator_N16_NPB4_1)           0.00       2.21 f
  adder_3/S[15] (P4_ADDER_N16_1)                          0.00       2.21 f
  S[15] (out)                                             0.00       2.22 f
  data arrival time                                                  2.22
  --------------------------------------------------------------------------
  (Path is unconstrained)


  Startpoint: B[1] (input port)
  Endpoint: S[15] (output port)
  Path Group: (none)
  Path Type: max

  Des/Clust/Port     Wire Load Model       Library
  ------------------------------------------------
  booth_mul_N8       5K_hvratio_1_1        NangateOpenCellLibrary

  Point                                                   Incr       Path
  --------------------------------------------------------------------------
  input external delay                                    0.00       0.00 f
  B[1] (in)                                               0.00       0.00 f
  booth_j_1/i[0] (Booth_Encoder_3)                        0.00       0.00 f
  booth_j_1/U8/ZN (XNOR2_X1)                              0.06       0.06 f
  booth_j_1/U5/Z (MUX2_X1)                                0.07       0.13 f
  booth_j_1/U4/ZN (INV_X1)                                0.06       0.19 r
  booth_j_1/o[1] (Booth_Encoder_3)                        0.00       0.19 r
  mux_j_1/sel[1] (MUX_booth_N16_3)                        0.00       0.19 r
  mux_j_1/U55/ZN (INV_X1)                                 0.05       0.24 f
  mux_j_1/U4/ZN (NOR3_X4)                                 0.17       0.42 r
  mux_j_1/U3/ZN (NOR4_X4)                                 0.12       0.54 f
  mux_j_1/U22/ZN (AOI222_X1)                              0.11       0.65 r
  mux_j_1/U21/ZN (NAND2_X1)                               0.06       0.71 f
  mux_j_1/Y[4] (MUX_booth_N16_3)                          0.00       0.71 f
  adder_1/A[4] (P4_ADDER_N16_0)                           0.00       0.71 f
  adder_1/SGEN/A[4] (sum_generator_N16_NPB4_0)            0.00       0.71 f
  adder_1/SGEN/csbi_1/A[0] (carry_select_block_NPB4_11)
                                                          0.00       0.71 f
  adder_1/SGEN/csbi_1/UADDER1/A[0] (RCA_N4_22)            0.00       0.71 f
  adder_1/SGEN/csbi_1/UADDER1/FAI_1/A (FA_88)             0.00       0.71 f
  adder_1/SGEN/csbi_1/UADDER1/FAI_1/U4/Z (XOR2_X1)        0.09       0.80 f
  adder_1/SGEN/csbi_1/UADDER1/FAI_1/U2/ZN (AOI22_X1)      0.06       0.86 r
  adder_1/SGEN/csbi_1/UADDER1/FAI_1/U1/ZN (INV_X1)        0.03       0.89 f
  adder_1/SGEN/csbi_1/UADDER1/FAI_1/Co (FA_88)            0.00       0.89 f
  adder_1/SGEN/csbi_1/UADDER1/FAI_2/Ci (FA_87)            0.00       0.89 f
  adder_1/SGEN/csbi_1/UADDER1/FAI_2/U2/ZN (AOI22_X1)      0.06       0.95 r
  adder_1/SGEN/csbi_1/UADDER1/FAI_2/U1/ZN (INV_X1)        0.03       0.98 f
  adder_1/SGEN/csbi_1/UADDER1/FAI_2/Co (FA_87)            0.00       0.98 f
  adder_1/SGEN/csbi_1/UADDER1/FAI_3/Ci (FA_86)            0.00       0.98 f
  adder_1/SGEN/csbi_1/UADDER1/FAI_3/U2/ZN (AOI22_X1)      0.06       1.04 r
  adder_1/SGEN/csbi_1/UADDER1/FAI_3/U1/ZN (INV_X1)        0.03       1.07 f
  adder_1/SGEN/csbi_1/UADDER1/FAI_3/Co (FA_86)            0.00       1.07 f
  adder_1/SGEN/csbi_1/UADDER1/FAI_4/Ci (FA_85)            0.00       1.07 f
  adder_1/SGEN/csbi_1/UADDER1/FAI_4/U3/Z (XOR2_X1)        0.07       1.13 f
  adder_1/SGEN/csbi_1/UADDER1/FAI_4/S (FA_85)             0.00       1.13 f
  adder_1/SGEN/csbi_1/UADDER1/S[3] (RCA_N4_22)            0.00       1.13 f
  adder_1/SGEN/csbi_1/mux/A[3] (MUX21_generic_N4_11)      0.00       1.13 f
  adder_1/SGEN/csbi_1/mux/U1/Z (MUX2_X1)                  0.09       1.23 f
  adder_1/SGEN/csbi_1/mux/Y[3] (MUX21_generic_N4_11)      0.00       1.23 f
  adder_1/SGEN/csbi_1/S[3] (carry_select_block_NPB4_11)
                                                          0.00       1.23 f
  adder_1/SGEN/S[7] (sum_generator_N16_NPB4_0)            0.00       1.23 f
  adder_1/S[7] (P4_ADDER_N16_0)                           0.00       1.23 f
  adder_2/B[7] (P4_ADDER_N16_2)                           0.00       1.23 f
  adder_2/CGEN/B[7] (carry_generator_N16_NPB4_2)          0.00       1.23 f
  adder_2/CGEN/U22/Z (XOR2_X1)                            0.08       1.31 f
  adder_2/CGEN/PGJ_0_3_0/P_IK (PG_20)                     0.00       1.31 f
  adder_2/CGEN/PGJ_0_3_0/U2/ZN (AOI21_X1)                 0.04       1.35 r
  adder_2/CGEN/PGJ_0_3_0/U1/ZN (INV_X1)                   0.02       1.37 f
  adder_2/CGEN/PGJ_0_3_0/Gx (PG_20)                       0.00       1.37 f
  adder_2/CGEN/PGJ_1_1_0/G_IK (PG_15)                     0.00       1.37 f
  adder_2/CGEN/PGJ_1_1_0/U2/ZN (AOI21_X1)                 0.05       1.43 r
  adder_2/CGEN/PGJ_1_1_0/U1/ZN (INV_X1)                   0.02       1.45 f
  adder_2/CGEN/PGJ_1_1_0/Gx (PG_15)                       0.00       1.45 f
  adder_2/CGEN/GJ_2_0_0/G_IK (G_8)                        0.00       1.45 f
  adder_2/CGEN/GJ_2_0_0/U2/ZN (AOI21_X1)                  0.05       1.50 r
  adder_2/CGEN/GJ_2_0_0/U1/ZN (INV_X1)                    0.04       1.54 f
  adder_2/CGEN/GJ_2_0_0/Gx (G_8)                          0.00       1.54 f
  adder_2/CGEN/GJ_3_0_1/G_K_1 (G_6)                       0.00       1.54 f
  adder_2/CGEN/GJ_3_0_1/U2/ZN (AOI21_X1)                  0.05       1.60 r
  adder_2/CGEN/GJ_3_0_1/U1/ZN (INV_X1)                    0.04       1.63 f
  adder_2/CGEN/GJ_3_0_1/Gx (G_6)                          0.00       1.63 f
  adder_2/CGEN/Co[2] (carry_generator_N16_NPB4_2)         0.00       1.63 f
  adder_2/SGEN/Ci[3] (sum_generator_N16_NPB4_2)           0.00       1.63 f
  adder_2/SGEN/csbi_3/Ci (carry_select_block_NPB4_5)      0.00       1.63 f
  adder_2/SGEN/csbi_3/mux/sel (MUX21_generic_N4_5)        0.00       1.63 f
  adder_2/SGEN/csbi_3/mux/U4/Z (MUX2_X1)                  0.09       1.72 f
  adder_2/SGEN/csbi_3/mux/Y[0] (MUX21_generic_N4_5)       0.00       1.72 f
  adder_2/SGEN/csbi_3/S[0] (carry_select_block_NPB4_5)
                                                          0.00       1.72 f
  adder_2/SGEN/S[12] (sum_generator_N16_NPB4_2)           0.00       1.72 f
  adder_2/S[12] (P4_ADDER_N16_2)                          0.00       1.72 f
  adder_3/B[12] (P4_ADDER_N16_1)                          0.00       1.72 f
  adder_3/SGEN/B[12] (sum_generator_N16_NPB4_1)           0.00       1.72 f
  adder_3/SGEN/csbi_3/B[0] (carry_select_block_NPB4_1)
                                                          0.00       1.72 f
  adder_3/SGEN/csbi_3/UADDER1/B[0] (RCA_N4_2)             0.00       1.72 f
  adder_3/SGEN/csbi_3/UADDER1/FAI_1/B (FA_8)              0.00       1.72 f
  adder_3/SGEN/csbi_3/UADDER1/FAI_1/U4/Z (XOR2_X1)        0.09       1.82 f
  adder_3/SGEN/csbi_3/UADDER1/FAI_1/U2/ZN (AOI22_X1)      0.06       1.88 r
  adder_3/SGEN/csbi_3/UADDER1/FAI_1/U1/ZN (INV_X1)        0.03       1.90 f
  adder_3/SGEN/csbi_3/UADDER1/FAI_1/Co (FA_8)             0.00       1.90 f
  adder_3/SGEN/csbi_3/UADDER1/FAI_2/Ci (FA_7)             0.00       1.90 f
  adder_3/SGEN/csbi_3/UADDER1/FAI_2/U2/ZN (AOI22_X1)      0.06       1.96 r
  adder_3/SGEN/csbi_3/UADDER1/FAI_2/U1/ZN (INV_X1)        0.03       1.99 f
  adder_3/SGEN/csbi_3/UADDER1/FAI_2/Co (FA_7)             0.00       1.99 f
  adder_3/SGEN/csbi_3/UADDER1/FAI_3/Ci (FA_6)             0.00       1.99 f
  adder_3/SGEN/csbi_3/UADDER1/FAI_3/U2/ZN (AOI22_X1)      0.06       2.05 r
  adder_3/SGEN/csbi_3/UADDER1/FAI_3/U1/ZN (INV_X1)        0.03       2.08 f
  adder_3/SGEN/csbi_3/UADDER1/FAI_3/Co (FA_6)             0.00       2.08 f
  adder_3/SGEN/csbi_3/UADDER1/FAI_4/Ci (FA_5)             0.00       2.08 f
  adder_3/SGEN/csbi_3/UADDER1/FAI_4/U3/Z (XOR2_X1)        0.07       2.15 f
  adder_3/SGEN/csbi_3/UADDER1/FAI_4/S (FA_5)              0.00       2.15 f
  adder_3/SGEN/csbi_3/UADDER1/S[3] (RCA_N4_2)             0.00       2.15 f
  adder_3/SGEN/csbi_3/mux/A[3] (MUX21_generic_N4_1)       0.00       2.15 f
  adder_3/SGEN/csbi_3/mux/U1/Z (MUX2_X1)                  0.06       2.21 f
  adder_3/SGEN/csbi_3/mux/Y[3] (MUX21_generic_N4_1)       0.00       2.21 f
  adder_3/SGEN/csbi_3/S[3] (carry_select_block_NPB4_1)
                                                          0.00       2.21 f
  adder_3/SGEN/S[15] (sum_generator_N16_NPB4_1)           0.00       2.21 f
  adder_3/S[15] (P4_ADDER_N16_1)                          0.00       2.21 f
  S[15] (out)                                             0.00       2.22 f
  data arrival time                                                  2.22
  --------------------------------------------------------------------------
  (Path is unconstrained)


  Startpoint: B[1] (input port)
  Endpoint: S[15] (output port)
  Path Group: (none)
  Path Type: max

  Des/Clust/Port     Wire Load Model       Library
  ------------------------------------------------
  booth_mul_N8       5K_hvratio_1_1        NangateOpenCellLibrary

  Point                                                   Incr       Path
  --------------------------------------------------------------------------
  input external delay                                    0.00       0.00 f
  B[1] (in)                                               0.00       0.00 f
  booth_j_1/i[0] (Booth_Encoder_3)                        0.00       0.00 f
  booth_j_1/U8/ZN (XNOR2_X1)                              0.06       0.06 f
  booth_j_1/U5/Z (MUX2_X1)                                0.07       0.13 f
  booth_j_1/U4/ZN (INV_X1)                                0.06       0.19 r
  booth_j_1/o[1] (Booth_Encoder_3)                        0.00       0.19 r
  mux_j_1/sel[1] (MUX_booth_N16_3)                        0.00       0.19 r
  mux_j_1/U55/ZN (INV_X1)                                 0.05       0.24 f
  mux_j_1/U4/ZN (NOR3_X4)                                 0.17       0.42 r
  mux_j_1/U3/ZN (NOR4_X4)                                 0.12       0.54 f
  mux_j_1/U22/ZN (AOI222_X1)                              0.11       0.65 r
  mux_j_1/U21/ZN (NAND2_X1)                               0.06       0.71 f
  mux_j_1/Y[4] (MUX_booth_N16_3)                          0.00       0.71 f
  adder_1/A[4] (P4_ADDER_N16_0)                           0.00       0.71 f
  adder_1/SGEN/A[4] (sum_generator_N16_NPB4_0)            0.00       0.71 f
  adder_1/SGEN/csbi_1/A[0] (carry_select_block_NPB4_11)
                                                          0.00       0.71 f
  adder_1/SGEN/csbi_1/UADDER1/A[0] (RCA_N4_22)            0.00       0.71 f
  adder_1/SGEN/csbi_1/UADDER1/FAI_1/A (FA_88)             0.00       0.71 f
  adder_1/SGEN/csbi_1/UADDER1/FAI_1/U4/Z (XOR2_X1)        0.09       0.80 f
  adder_1/SGEN/csbi_1/UADDER1/FAI_1/U2/ZN (AOI22_X1)      0.06       0.86 r
  adder_1/SGEN/csbi_1/UADDER1/FAI_1/U1/ZN (INV_X1)        0.03       0.89 f
  adder_1/SGEN/csbi_1/UADDER1/FAI_1/Co (FA_88)            0.00       0.89 f
  adder_1/SGEN/csbi_1/UADDER1/FAI_2/Ci (FA_87)            0.00       0.89 f
  adder_1/SGEN/csbi_1/UADDER1/FAI_2/U2/ZN (AOI22_X1)      0.06       0.95 r
  adder_1/SGEN/csbi_1/UADDER1/FAI_2/U1/ZN (INV_X1)        0.03       0.98 f
  adder_1/SGEN/csbi_1/UADDER1/FAI_2/Co (FA_87)            0.00       0.98 f
  adder_1/SGEN/csbi_1/UADDER1/FAI_3/Ci (FA_86)            0.00       0.98 f
  adder_1/SGEN/csbi_1/UADDER1/FAI_3/U2/ZN (AOI22_X1)      0.06       1.04 r
  adder_1/SGEN/csbi_1/UADDER1/FAI_3/U1/ZN (INV_X1)        0.03       1.07 f
  adder_1/SGEN/csbi_1/UADDER1/FAI_3/Co (FA_86)            0.00       1.07 f
  adder_1/SGEN/csbi_1/UADDER1/FAI_4/Ci (FA_85)            0.00       1.07 f
  adder_1/SGEN/csbi_1/UADDER1/FAI_4/U3/Z (XOR2_X1)        0.07       1.13 f
  adder_1/SGEN/csbi_1/UADDER1/FAI_4/S (FA_85)             0.00       1.13 f
  adder_1/SGEN/csbi_1/UADDER1/S[3] (RCA_N4_22)            0.00       1.13 f
  adder_1/SGEN/csbi_1/mux/A[3] (MUX21_generic_N4_11)      0.00       1.13 f
  adder_1/SGEN/csbi_1/mux/U1/Z (MUX2_X1)                  0.09       1.23 f
  adder_1/SGEN/csbi_1/mux/Y[3] (MUX21_generic_N4_11)      0.00       1.23 f
  adder_1/SGEN/csbi_1/S[3] (carry_select_block_NPB4_11)
                                                          0.00       1.23 f
  adder_1/SGEN/S[7] (sum_generator_N16_NPB4_0)            0.00       1.23 f
  adder_1/S[7] (P4_ADDER_N16_0)                           0.00       1.23 f
  adder_2/B[7] (P4_ADDER_N16_2)                           0.00       1.23 f
  adder_2/CGEN/B[7] (carry_generator_N16_NPB4_2)          0.00       1.23 f
  adder_2/CGEN/U22/Z (XOR2_X1)                            0.08       1.31 f
  adder_2/CGEN/PGJ_0_3_0/P_IK (PG_20)                     0.00       1.31 f
  adder_2/CGEN/PGJ_0_3_0/U2/ZN (AOI21_X1)                 0.04       1.35 r
  adder_2/CGEN/PGJ_0_3_0/U1/ZN (INV_X1)                   0.02       1.37 f
  adder_2/CGEN/PGJ_0_3_0/Gx (PG_20)                       0.00       1.37 f
  adder_2/CGEN/PGJ_1_1_0/G_IK (PG_15)                     0.00       1.37 f
  adder_2/CGEN/PGJ_1_1_0/U2/ZN (AOI21_X1)                 0.05       1.43 r
  adder_2/CGEN/PGJ_1_1_0/U1/ZN (INV_X1)                   0.02       1.45 f
  adder_2/CGEN/PGJ_1_1_0/Gx (PG_15)                       0.00       1.45 f
  adder_2/CGEN/GJ_2_0_0/G_IK (G_8)                        0.00       1.45 f
  adder_2/CGEN/GJ_2_0_0/U2/ZN (AOI21_X1)                  0.05       1.50 r
  adder_2/CGEN/GJ_2_0_0/U1/ZN (INV_X1)                    0.04       1.54 f
  adder_2/CGEN/GJ_2_0_0/Gx (G_8)                          0.00       1.54 f
  adder_2/CGEN/GJ_3_0_1/G_K_1 (G_6)                       0.00       1.54 f
  adder_2/CGEN/GJ_3_0_1/U2/ZN (AOI21_X1)                  0.05       1.60 r
  adder_2/CGEN/GJ_3_0_1/U1/ZN (INV_X1)                    0.04       1.63 f
  adder_2/CGEN/GJ_3_0_1/Gx (G_6)                          0.00       1.63 f
  adder_2/CGEN/Co[2] (carry_generator_N16_NPB4_2)         0.00       1.63 f
  adder_2/SGEN/Ci[3] (sum_generator_N16_NPB4_2)           0.00       1.63 f
  adder_2/SGEN/csbi_3/Ci (carry_select_block_NPB4_5)      0.00       1.63 f
  adder_2/SGEN/csbi_3/mux/sel (MUX21_generic_N4_5)        0.00       1.63 f
  adder_2/SGEN/csbi_3/mux/U4/Z (MUX2_X1)                  0.09       1.72 f
  adder_2/SGEN/csbi_3/mux/Y[0] (MUX21_generic_N4_5)       0.00       1.72 f
  adder_2/SGEN/csbi_3/S[0] (carry_select_block_NPB4_5)
                                                          0.00       1.72 f
  adder_2/SGEN/S[12] (sum_generator_N16_NPB4_2)           0.00       1.72 f
  adder_2/S[12] (P4_ADDER_N16_2)                          0.00       1.72 f
  adder_3/B[12] (P4_ADDER_N16_1)                          0.00       1.72 f
  adder_3/SGEN/B[12] (sum_generator_N16_NPB4_1)           0.00       1.72 f
  adder_3/SGEN/csbi_3/B[0] (carry_select_block_NPB4_1)
                                                          0.00       1.72 f
  adder_3/SGEN/csbi_3/UADDER1/B[0] (RCA_N4_2)             0.00       1.72 f
  adder_3/SGEN/csbi_3/UADDER1/FAI_1/B (FA_8)              0.00       1.72 f
  adder_3/SGEN/csbi_3/UADDER1/FAI_1/U4/Z (XOR2_X1)        0.09       1.82 f
  adder_3/SGEN/csbi_3/UADDER1/FAI_1/U2/ZN (AOI22_X1)      0.06       1.88 r
  adder_3/SGEN/csbi_3/UADDER1/FAI_1/U1/ZN (INV_X1)        0.03       1.90 f
  adder_3/SGEN/csbi_3/UADDER1/FAI_1/Co (FA_8)             0.00       1.90 f
  adder_3/SGEN/csbi_3/UADDER1/FAI_2/Ci (FA_7)             0.00       1.90 f
  adder_3/SGEN/csbi_3/UADDER1/FAI_2/U2/ZN (AOI22_X1)      0.06       1.96 r
  adder_3/SGEN/csbi_3/UADDER1/FAI_2/U1/ZN (INV_X1)        0.03       1.99 f
  adder_3/SGEN/csbi_3/UADDER1/FAI_2/Co (FA_7)             0.00       1.99 f
  adder_3/SGEN/csbi_3/UADDER1/FAI_3/Ci (FA_6)             0.00       1.99 f
  adder_3/SGEN/csbi_3/UADDER1/FAI_3/U2/ZN (AOI22_X1)      0.06       2.05 r
  adder_3/SGEN/csbi_3/UADDER1/FAI_3/U1/ZN (INV_X1)        0.03       2.08 f
  adder_3/SGEN/csbi_3/UADDER1/FAI_3/Co (FA_6)             0.00       2.08 f
  adder_3/SGEN/csbi_3/UADDER1/FAI_4/Ci (FA_5)             0.00       2.08 f
  adder_3/SGEN/csbi_3/UADDER1/FAI_4/U3/Z (XOR2_X1)        0.07       2.15 f
  adder_3/SGEN/csbi_3/UADDER1/FAI_4/S (FA_5)              0.00       2.15 f
  adder_3/SGEN/csbi_3/UADDER1/S[3] (RCA_N4_2)             0.00       2.15 f
  adder_3/SGEN/csbi_3/mux/A[3] (MUX21_generic_N4_1)       0.00       2.15 f
  adder_3/SGEN/csbi_3/mux/U1/Z (MUX2_X1)                  0.06       2.21 f
  adder_3/SGEN/csbi_3/mux/Y[3] (MUX21_generic_N4_1)       0.00       2.21 f
  adder_3/SGEN/csbi_3/S[3] (carry_select_block_NPB4_1)
                                                          0.00       2.21 f
  adder_3/SGEN/S[15] (sum_generator_N16_NPB4_1)           0.00       2.21 f
  adder_3/S[15] (P4_ADDER_N16_1)                          0.00       2.21 f
  S[15] (out)                                             0.00       2.22 f
  data arrival time                                                  2.22
  --------------------------------------------------------------------------
  (Path is unconstrained)


  Startpoint: B[1] (input port)
  Endpoint: S[15] (output port)
  Path Group: (none)
  Path Type: max

  Des/Clust/Port     Wire Load Model       Library
  ------------------------------------------------
  booth_mul_N8       5K_hvratio_1_1        NangateOpenCellLibrary

  Point                                                   Incr       Path
  --------------------------------------------------------------------------
  input external delay                                    0.00       0.00 f
  B[1] (in)                                               0.00       0.00 f
  booth_j_1/i[0] (Booth_Encoder_3)                        0.00       0.00 f
  booth_j_1/U8/ZN (XNOR2_X1)                              0.06       0.06 f
  booth_j_1/U5/Z (MUX2_X1)                                0.07       0.13 f
  booth_j_1/U4/ZN (INV_X1)                                0.06       0.19 r
  booth_j_1/o[1] (Booth_Encoder_3)                        0.00       0.19 r
  mux_j_1/sel[1] (MUX_booth_N16_3)                        0.00       0.19 r
  mux_j_1/U55/ZN (INV_X1)                                 0.05       0.24 f
  mux_j_1/U4/ZN (NOR3_X4)                                 0.17       0.42 r
  mux_j_1/U3/ZN (NOR4_X4)                                 0.12       0.54 f
  mux_j_1/U22/ZN (AOI222_X1)                              0.11       0.65 r
  mux_j_1/U21/ZN (NAND2_X1)                               0.06       0.71 f
  mux_j_1/Y[4] (MUX_booth_N16_3)                          0.00       0.71 f
  adder_1/A[4] (P4_ADDER_N16_0)                           0.00       0.71 f
  adder_1/SGEN/A[4] (sum_generator_N16_NPB4_0)            0.00       0.71 f
  adder_1/SGEN/csbi_1/A[0] (carry_select_block_NPB4_11)
                                                          0.00       0.71 f
  adder_1/SGEN/csbi_1/UADDER1/A[0] (RCA_N4_22)            0.00       0.71 f
  adder_1/SGEN/csbi_1/UADDER1/FAI_1/A (FA_88)             0.00       0.71 f
  adder_1/SGEN/csbi_1/UADDER1/FAI_1/U4/Z (XOR2_X1)        0.09       0.80 f
  adder_1/SGEN/csbi_1/UADDER1/FAI_1/U2/ZN (AOI22_X1)      0.06       0.86 r
  adder_1/SGEN/csbi_1/UADDER1/FAI_1/U1/ZN (INV_X1)        0.03       0.89 f
  adder_1/SGEN/csbi_1/UADDER1/FAI_1/Co (FA_88)            0.00       0.89 f
  adder_1/SGEN/csbi_1/UADDER1/FAI_2/Ci (FA_87)            0.00       0.89 f
  adder_1/SGEN/csbi_1/UADDER1/FAI_2/U2/ZN (AOI22_X1)      0.06       0.95 r
  adder_1/SGEN/csbi_1/UADDER1/FAI_2/U1/ZN (INV_X1)        0.03       0.98 f
  adder_1/SGEN/csbi_1/UADDER1/FAI_2/Co (FA_87)            0.00       0.98 f
  adder_1/SGEN/csbi_1/UADDER1/FAI_3/Ci (FA_86)            0.00       0.98 f
  adder_1/SGEN/csbi_1/UADDER1/FAI_3/U2/ZN (AOI22_X1)      0.06       1.04 r
  adder_1/SGEN/csbi_1/UADDER1/FAI_3/U1/ZN (INV_X1)        0.03       1.07 f
  adder_1/SGEN/csbi_1/UADDER1/FAI_3/Co (FA_86)            0.00       1.07 f
  adder_1/SGEN/csbi_1/UADDER1/FAI_4/Ci (FA_85)            0.00       1.07 f
  adder_1/SGEN/csbi_1/UADDER1/FAI_4/U3/Z (XOR2_X1)        0.07       1.13 f
  adder_1/SGEN/csbi_1/UADDER1/FAI_4/S (FA_85)             0.00       1.13 f
  adder_1/SGEN/csbi_1/UADDER1/S[3] (RCA_N4_22)            0.00       1.13 f
  adder_1/SGEN/csbi_1/mux/A[3] (MUX21_generic_N4_11)      0.00       1.13 f
  adder_1/SGEN/csbi_1/mux/U1/Z (MUX2_X1)                  0.09       1.23 f
  adder_1/SGEN/csbi_1/mux/Y[3] (MUX21_generic_N4_11)      0.00       1.23 f
  adder_1/SGEN/csbi_1/S[3] (carry_select_block_NPB4_11)
                                                          0.00       1.23 f
  adder_1/SGEN/S[7] (sum_generator_N16_NPB4_0)            0.00       1.23 f
  adder_1/S[7] (P4_ADDER_N16_0)                           0.00       1.23 f
  adder_2/B[7] (P4_ADDER_N16_2)                           0.00       1.23 f
  adder_2/CGEN/B[7] (carry_generator_N16_NPB4_2)          0.00       1.23 f
  adder_2/CGEN/U22/Z (XOR2_X1)                            0.08       1.31 f
  adder_2/CGEN/PGJ_0_3_0/P_IK (PG_20)                     0.00       1.31 f
  adder_2/CGEN/PGJ_0_3_0/U2/ZN (AOI21_X1)                 0.04       1.35 r
  adder_2/CGEN/PGJ_0_3_0/U1/ZN (INV_X1)                   0.02       1.37 f
  adder_2/CGEN/PGJ_0_3_0/Gx (PG_20)                       0.00       1.37 f
  adder_2/CGEN/PGJ_1_1_0/G_IK (PG_15)                     0.00       1.37 f
  adder_2/CGEN/PGJ_1_1_0/U2/ZN (AOI21_X1)                 0.05       1.43 r
  adder_2/CGEN/PGJ_1_1_0/U1/ZN (INV_X1)                   0.02       1.45 f
  adder_2/CGEN/PGJ_1_1_0/Gx (PG_15)                       0.00       1.45 f
  adder_2/CGEN/GJ_2_0_0/G_IK (G_8)                        0.00       1.45 f
  adder_2/CGEN/GJ_2_0_0/U2/ZN (AOI21_X1)                  0.05       1.50 r
  adder_2/CGEN/GJ_2_0_0/U1/ZN (INV_X1)                    0.04       1.54 f
  adder_2/CGEN/GJ_2_0_0/Gx (G_8)                          0.00       1.54 f
  adder_2/CGEN/GJ_3_0_1/G_K_1 (G_6)                       0.00       1.54 f
  adder_2/CGEN/GJ_3_0_1/U2/ZN (AOI21_X1)                  0.05       1.60 r
  adder_2/CGEN/GJ_3_0_1/U1/ZN (INV_X1)                    0.04       1.63 f
  adder_2/CGEN/GJ_3_0_1/Gx (G_6)                          0.00       1.63 f
  adder_2/CGEN/Co[2] (carry_generator_N16_NPB4_2)         0.00       1.63 f
  adder_2/SGEN/Ci[3] (sum_generator_N16_NPB4_2)           0.00       1.63 f
  adder_2/SGEN/csbi_3/Ci (carry_select_block_NPB4_5)      0.00       1.63 f
  adder_2/SGEN/csbi_3/mux/sel (MUX21_generic_N4_5)        0.00       1.63 f
  adder_2/SGEN/csbi_3/mux/U4/Z (MUX2_X1)                  0.09       1.72 f
  adder_2/SGEN/csbi_3/mux/Y[0] (MUX21_generic_N4_5)       0.00       1.72 f
  adder_2/SGEN/csbi_3/S[0] (carry_select_block_NPB4_5)
                                                          0.00       1.72 f
  adder_2/SGEN/S[12] (sum_generator_N16_NPB4_2)           0.00       1.72 f
  adder_2/S[12] (P4_ADDER_N16_2)                          0.00       1.72 f
  adder_3/B[12] (P4_ADDER_N16_1)                          0.00       1.72 f
  adder_3/SGEN/B[12] (sum_generator_N16_NPB4_1)           0.00       1.72 f
  adder_3/SGEN/csbi_3/B[0] (carry_select_block_NPB4_1)
                                                          0.00       1.72 f
  adder_3/SGEN/csbi_3/UADDER1/B[0] (RCA_N4_2)             0.00       1.72 f
  adder_3/SGEN/csbi_3/UADDER1/FAI_1/B (FA_8)              0.00       1.72 f
  adder_3/SGEN/csbi_3/UADDER1/FAI_1/U4/Z (XOR2_X1)        0.09       1.82 f
  adder_3/SGEN/csbi_3/UADDER1/FAI_1/U2/ZN (AOI22_X1)      0.06       1.88 r
  adder_3/SGEN/csbi_3/UADDER1/FAI_1/U1/ZN (INV_X1)        0.03       1.90 f
  adder_3/SGEN/csbi_3/UADDER1/FAI_1/Co (FA_8)             0.00       1.90 f
  adder_3/SGEN/csbi_3/UADDER1/FAI_2/Ci (FA_7)             0.00       1.90 f
  adder_3/SGEN/csbi_3/UADDER1/FAI_2/U2/ZN (AOI22_X1)      0.06       1.96 r
  adder_3/SGEN/csbi_3/UADDER1/FAI_2/U1/ZN (INV_X1)        0.03       1.99 f
  adder_3/SGEN/csbi_3/UADDER1/FAI_2/Co (FA_7)             0.00       1.99 f
  adder_3/SGEN/csbi_3/UADDER1/FAI_3/Ci (FA_6)             0.00       1.99 f
  adder_3/SGEN/csbi_3/UADDER1/FAI_3/U2/ZN (AOI22_X1)      0.06       2.05 r
  adder_3/SGEN/csbi_3/UADDER1/FAI_3/U1/ZN (INV_X1)        0.03       2.08 f
  adder_3/SGEN/csbi_3/UADDER1/FAI_3/Co (FA_6)             0.00       2.08 f
  adder_3/SGEN/csbi_3/UADDER1/FAI_4/Ci (FA_5)             0.00       2.08 f
  adder_3/SGEN/csbi_3/UADDER1/FAI_4/U3/Z (XOR2_X1)        0.07       2.15 f
  adder_3/SGEN/csbi_3/UADDER1/FAI_4/S (FA_5)              0.00       2.15 f
  adder_3/SGEN/csbi_3/UADDER1/S[3] (RCA_N4_2)             0.00       2.15 f
  adder_3/SGEN/csbi_3/mux/A[3] (MUX21_generic_N4_1)       0.00       2.15 f
  adder_3/SGEN/csbi_3/mux/U1/Z (MUX2_X1)                  0.06       2.21 f
  adder_3/SGEN/csbi_3/mux/Y[3] (MUX21_generic_N4_1)       0.00       2.21 f
  adder_3/SGEN/csbi_3/S[3] (carry_select_block_NPB4_1)
                                                          0.00       2.21 f
  adder_3/SGEN/S[15] (sum_generator_N16_NPB4_1)           0.00       2.21 f
  adder_3/S[15] (P4_ADDER_N16_1)                          0.00       2.21 f
  S[15] (out)                                             0.00       2.22 f
  data arrival time                                                  2.22
  --------------------------------------------------------------------------
  (Path is unconstrained)


  Startpoint: B[1] (input port)
  Endpoint: S[15] (output port)
  Path Group: (none)
  Path Type: max

  Des/Clust/Port     Wire Load Model       Library
  ------------------------------------------------
  booth_mul_N8       5K_hvratio_1_1        NangateOpenCellLibrary

  Point                                                   Incr       Path
  --------------------------------------------------------------------------
  input external delay                                    0.00       0.00 f
  B[1] (in)                                               0.00       0.00 f
  booth_j_1/i[0] (Booth_Encoder_3)                        0.00       0.00 f
  booth_j_1/U8/ZN (XNOR2_X1)                              0.06       0.06 f
  booth_j_1/U5/Z (MUX2_X1)                                0.07       0.13 f
  booth_j_1/U4/ZN (INV_X1)                                0.06       0.19 r
  booth_j_1/o[1] (Booth_Encoder_3)                        0.00       0.19 r
  mux_j_1/sel[1] (MUX_booth_N16_3)                        0.00       0.19 r
  mux_j_1/U55/ZN (INV_X1)                                 0.05       0.24 f
  mux_j_1/U4/ZN (NOR3_X4)                                 0.17       0.42 r
  mux_j_1/U3/ZN (NOR4_X4)                                 0.12       0.54 f
  mux_j_1/U22/ZN (AOI222_X1)                              0.11       0.65 r
  mux_j_1/U21/ZN (NAND2_X1)                               0.06       0.71 f
  mux_j_1/Y[4] (MUX_booth_N16_3)                          0.00       0.71 f
  adder_1/A[4] (P4_ADDER_N16_0)                           0.00       0.71 f
  adder_1/SGEN/A[4] (sum_generator_N16_NPB4_0)            0.00       0.71 f
  adder_1/SGEN/csbi_1/A[0] (carry_select_block_NPB4_11)
                                                          0.00       0.71 f
  adder_1/SGEN/csbi_1/UADDER1/A[0] (RCA_N4_22)            0.00       0.71 f
  adder_1/SGEN/csbi_1/UADDER1/FAI_1/A (FA_88)             0.00       0.71 f
  adder_1/SGEN/csbi_1/UADDER1/FAI_1/U4/Z (XOR2_X1)        0.09       0.80 f
  adder_1/SGEN/csbi_1/UADDER1/FAI_1/U2/ZN (AOI22_X1)      0.06       0.86 r
  adder_1/SGEN/csbi_1/UADDER1/FAI_1/U1/ZN (INV_X1)        0.03       0.89 f
  adder_1/SGEN/csbi_1/UADDER1/FAI_1/Co (FA_88)            0.00       0.89 f
  adder_1/SGEN/csbi_1/UADDER1/FAI_2/Ci (FA_87)            0.00       0.89 f
  adder_1/SGEN/csbi_1/UADDER1/FAI_2/U2/ZN (AOI22_X1)      0.06       0.95 r
  adder_1/SGEN/csbi_1/UADDER1/FAI_2/U1/ZN (INV_X1)        0.03       0.98 f
  adder_1/SGEN/csbi_1/UADDER1/FAI_2/Co (FA_87)            0.00       0.98 f
  adder_1/SGEN/csbi_1/UADDER1/FAI_3/Ci (FA_86)            0.00       0.98 f
  adder_1/SGEN/csbi_1/UADDER1/FAI_3/U2/ZN (AOI22_X1)      0.06       1.04 r
  adder_1/SGEN/csbi_1/UADDER1/FAI_3/U1/ZN (INV_X1)        0.03       1.07 f
  adder_1/SGEN/csbi_1/UADDER1/FAI_3/Co (FA_86)            0.00       1.07 f
  adder_1/SGEN/csbi_1/UADDER1/FAI_4/Ci (FA_85)            0.00       1.07 f
  adder_1/SGEN/csbi_1/UADDER1/FAI_4/U3/Z (XOR2_X1)        0.07       1.13 f
  adder_1/SGEN/csbi_1/UADDER1/FAI_4/S (FA_85)             0.00       1.13 f
  adder_1/SGEN/csbi_1/UADDER1/S[3] (RCA_N4_22)            0.00       1.13 f
  adder_1/SGEN/csbi_1/mux/A[3] (MUX21_generic_N4_11)      0.00       1.13 f
  adder_1/SGEN/csbi_1/mux/U1/Z (MUX2_X1)                  0.09       1.23 f
  adder_1/SGEN/csbi_1/mux/Y[3] (MUX21_generic_N4_11)      0.00       1.23 f
  adder_1/SGEN/csbi_1/S[3] (carry_select_block_NPB4_11)
                                                          0.00       1.23 f
  adder_1/SGEN/S[7] (sum_generator_N16_NPB4_0)            0.00       1.23 f
  adder_1/S[7] (P4_ADDER_N16_0)                           0.00       1.23 f
  adder_2/B[7] (P4_ADDER_N16_2)                           0.00       1.23 f
  adder_2/CGEN/B[7] (carry_generator_N16_NPB4_2)          0.00       1.23 f
  adder_2/CGEN/U22/Z (XOR2_X1)                            0.08       1.31 f
  adder_2/CGEN/PGJ_0_3_0/P_IK (PG_20)                     0.00       1.31 f
  adder_2/CGEN/PGJ_0_3_0/U2/ZN (AOI21_X1)                 0.04       1.35 r
  adder_2/CGEN/PGJ_0_3_0/U1/ZN (INV_X1)                   0.02       1.37 f
  adder_2/CGEN/PGJ_0_3_0/Gx (PG_20)                       0.00       1.37 f
  adder_2/CGEN/PGJ_1_1_0/G_IK (PG_15)                     0.00       1.37 f
  adder_2/CGEN/PGJ_1_1_0/U2/ZN (AOI21_X1)                 0.05       1.43 r
  adder_2/CGEN/PGJ_1_1_0/U1/ZN (INV_X1)                   0.02       1.45 f
  adder_2/CGEN/PGJ_1_1_0/Gx (PG_15)                       0.00       1.45 f
  adder_2/CGEN/GJ_2_0_0/G_IK (G_8)                        0.00       1.45 f
  adder_2/CGEN/GJ_2_0_0/U2/ZN (AOI21_X1)                  0.05       1.50 r
  adder_2/CGEN/GJ_2_0_0/U1/ZN (INV_X1)                    0.04       1.54 f
  adder_2/CGEN/GJ_2_0_0/Gx (G_8)                          0.00       1.54 f
  adder_2/CGEN/GJ_3_0_1/G_K_1 (G_6)                       0.00       1.54 f
  adder_2/CGEN/GJ_3_0_1/U2/ZN (AOI21_X1)                  0.05       1.60 r
  adder_2/CGEN/GJ_3_0_1/U1/ZN (INV_X1)                    0.04       1.63 f
  adder_2/CGEN/GJ_3_0_1/Gx (G_6)                          0.00       1.63 f
  adder_2/CGEN/Co[2] (carry_generator_N16_NPB4_2)         0.00       1.63 f
  adder_2/SGEN/Ci[3] (sum_generator_N16_NPB4_2)           0.00       1.63 f
  adder_2/SGEN/csbi_3/Ci (carry_select_block_NPB4_5)      0.00       1.63 f
  adder_2/SGEN/csbi_3/mux/sel (MUX21_generic_N4_5)        0.00       1.63 f
  adder_2/SGEN/csbi_3/mux/U4/Z (MUX2_X1)                  0.09       1.72 f
  adder_2/SGEN/csbi_3/mux/Y[0] (MUX21_generic_N4_5)       0.00       1.72 f
  adder_2/SGEN/csbi_3/S[0] (carry_select_block_NPB4_5)
                                                          0.00       1.72 f
  adder_2/SGEN/S[12] (sum_generator_N16_NPB4_2)           0.00       1.72 f
  adder_2/S[12] (P4_ADDER_N16_2)                          0.00       1.72 f
  adder_3/B[12] (P4_ADDER_N16_1)                          0.00       1.72 f
  adder_3/SGEN/B[12] (sum_generator_N16_NPB4_1)           0.00       1.72 f
  adder_3/SGEN/csbi_3/B[0] (carry_select_block_NPB4_1)
                                                          0.00       1.72 f
  adder_3/SGEN/csbi_3/UADDER1/B[0] (RCA_N4_2)             0.00       1.72 f
  adder_3/SGEN/csbi_3/UADDER1/FAI_1/B (FA_8)              0.00       1.72 f
  adder_3/SGEN/csbi_3/UADDER1/FAI_1/U4/Z (XOR2_X1)        0.09       1.82 f
  adder_3/SGEN/csbi_3/UADDER1/FAI_1/U2/ZN (AOI22_X1)      0.06       1.88 r
  adder_3/SGEN/csbi_3/UADDER1/FAI_1/U1/ZN (INV_X1)        0.03       1.90 f
  adder_3/SGEN/csbi_3/UADDER1/FAI_1/Co (FA_8)             0.00       1.90 f
  adder_3/SGEN/csbi_3/UADDER1/FAI_2/Ci (FA_7)             0.00       1.90 f
  adder_3/SGEN/csbi_3/UADDER1/FAI_2/U2/ZN (AOI22_X1)      0.06       1.96 r
  adder_3/SGEN/csbi_3/UADDER1/FAI_2/U1/ZN (INV_X1)        0.03       1.99 f
  adder_3/SGEN/csbi_3/UADDER1/FAI_2/Co (FA_7)             0.00       1.99 f
  adder_3/SGEN/csbi_3/UADDER1/FAI_3/Ci (FA_6)             0.00       1.99 f
  adder_3/SGEN/csbi_3/UADDER1/FAI_3/U2/ZN (AOI22_X1)      0.06       2.05 r
  adder_3/SGEN/csbi_3/UADDER1/FAI_3/U1/ZN (INV_X1)        0.03       2.08 f
  adder_3/SGEN/csbi_3/UADDER1/FAI_3/Co (FA_6)             0.00       2.08 f
  adder_3/SGEN/csbi_3/UADDER1/FAI_4/Ci (FA_5)             0.00       2.08 f
  adder_3/SGEN/csbi_3/UADDER1/FAI_4/U3/Z (XOR2_X1)        0.07       2.15 f
  adder_3/SGEN/csbi_3/UADDER1/FAI_4/S (FA_5)              0.00       2.15 f
  adder_3/SGEN/csbi_3/UADDER1/S[3] (RCA_N4_2)             0.00       2.15 f
  adder_3/SGEN/csbi_3/mux/A[3] (MUX21_generic_N4_1)       0.00       2.15 f
  adder_3/SGEN/csbi_3/mux/U1/Z (MUX2_X1)                  0.06       2.21 f
  adder_3/SGEN/csbi_3/mux/Y[3] (MUX21_generic_N4_1)       0.00       2.21 f
  adder_3/SGEN/csbi_3/S[3] (carry_select_block_NPB4_1)
                                                          0.00       2.21 f
  adder_3/SGEN/S[15] (sum_generator_N16_NPB4_1)           0.00       2.21 f
  adder_3/S[15] (P4_ADDER_N16_1)                          0.00       2.21 f
  S[15] (out)                                             0.00       2.22 f
  data arrival time                                                  2.22
  --------------------------------------------------------------------------
  (Path is unconstrained)


  Startpoint: B[1] (input port)
  Endpoint: S[15] (output port)
  Path Group: (none)
  Path Type: max

  Des/Clust/Port     Wire Load Model       Library
  ------------------------------------------------
  booth_mul_N8       5K_hvratio_1_1        NangateOpenCellLibrary

  Point                                                   Incr       Path
  --------------------------------------------------------------------------
  input external delay                                    0.00       0.00 f
  B[1] (in)                                               0.00       0.00 f
  booth_j_1/i[0] (Booth_Encoder_3)                        0.00       0.00 f
  booth_j_1/U8/ZN (XNOR2_X1)                              0.06       0.06 f
  booth_j_1/U5/Z (MUX2_X1)                                0.07       0.13 f
  booth_j_1/U4/ZN (INV_X1)                                0.06       0.19 r
  booth_j_1/o[1] (Booth_Encoder_3)                        0.00       0.19 r
  mux_j_1/sel[1] (MUX_booth_N16_3)                        0.00       0.19 r
  mux_j_1/U55/ZN (INV_X1)                                 0.05       0.24 f
  mux_j_1/U5/ZN (NOR3_X4)                                 0.17       0.42 r
  mux_j_1/U3/ZN (NOR4_X4)                                 0.12       0.54 f
  mux_j_1/U22/ZN (AOI222_X1)                              0.11       0.65 r
  mux_j_1/U21/ZN (NAND2_X1)                               0.06       0.71 f
  mux_j_1/Y[4] (MUX_booth_N16_3)                          0.00       0.71 f
  adder_1/A[4] (P4_ADDER_N16_0)                           0.00       0.71 f
  adder_1/SGEN/A[4] (sum_generator_N16_NPB4_0)            0.00       0.71 f
  adder_1/SGEN/csbi_1/A[0] (carry_select_block_NPB4_11)
                                                          0.00       0.71 f
  adder_1/SGEN/csbi_1/UADDER1/A[0] (RCA_N4_22)            0.00       0.71 f
  adder_1/SGEN/csbi_1/UADDER1/FAI_1/A (FA_88)             0.00       0.71 f
  adder_1/SGEN/csbi_1/UADDER1/FAI_1/U4/Z (XOR2_X1)        0.09       0.80 f
  adder_1/SGEN/csbi_1/UADDER1/FAI_1/U2/ZN (AOI22_X1)      0.06       0.86 r
  adder_1/SGEN/csbi_1/UADDER1/FAI_1/U1/ZN (INV_X1)        0.03       0.89 f
  adder_1/SGEN/csbi_1/UADDER1/FAI_1/Co (FA_88)            0.00       0.89 f
  adder_1/SGEN/csbi_1/UADDER1/FAI_2/Ci (FA_87)            0.00       0.89 f
  adder_1/SGEN/csbi_1/UADDER1/FAI_2/U2/ZN (AOI22_X1)      0.06       0.95 r
  adder_1/SGEN/csbi_1/UADDER1/FAI_2/U1/ZN (INV_X1)        0.03       0.98 f
  adder_1/SGEN/csbi_1/UADDER1/FAI_2/Co (FA_87)            0.00       0.98 f
  adder_1/SGEN/csbi_1/UADDER1/FAI_3/Ci (FA_86)            0.00       0.98 f
  adder_1/SGEN/csbi_1/UADDER1/FAI_3/U2/ZN (AOI22_X1)      0.06       1.04 r
  adder_1/SGEN/csbi_1/UADDER1/FAI_3/U1/ZN (INV_X1)        0.03       1.07 f
  adder_1/SGEN/csbi_1/UADDER1/FAI_3/Co (FA_86)            0.00       1.07 f
  adder_1/SGEN/csbi_1/UADDER1/FAI_4/Ci (FA_85)            0.00       1.07 f
  adder_1/SGEN/csbi_1/UADDER1/FAI_4/U3/Z (XOR2_X1)        0.07       1.13 f
  adder_1/SGEN/csbi_1/UADDER1/FAI_4/S (FA_85)             0.00       1.13 f
  adder_1/SGEN/csbi_1/UADDER1/S[3] (RCA_N4_22)            0.00       1.13 f
  adder_1/SGEN/csbi_1/mux/A[3] (MUX21_generic_N4_11)      0.00       1.13 f
  adder_1/SGEN/csbi_1/mux/U1/Z (MUX2_X1)                  0.09       1.22 f
  adder_1/SGEN/csbi_1/mux/Y[3] (MUX21_generic_N4_11)      0.00       1.22 f
  adder_1/SGEN/csbi_1/S[3] (carry_select_block_NPB4_11)
                                                          0.00       1.22 f
  adder_1/SGEN/S[7] (sum_generator_N16_NPB4_0)            0.00       1.22 f
  adder_1/S[7] (P4_ADDER_N16_0)                           0.00       1.22 f
  adder_2/B[7] (P4_ADDER_N16_2)                           0.00       1.22 f
  adder_2/CGEN/B[7] (carry_generator_N16_NPB4_2)          0.00       1.22 f
  adder_2/CGEN/U22/Z (XOR2_X1)                            0.08       1.31 f
  adder_2/CGEN/PGJ_0_3_0/P_IK (PG_20)                     0.00       1.31 f
  adder_2/CGEN/PGJ_0_3_0/U2/ZN (AOI21_X1)                 0.04       1.35 r
  adder_2/CGEN/PGJ_0_3_0/U1/ZN (INV_X1)                   0.02       1.37 f
  adder_2/CGEN/PGJ_0_3_0/Gx (PG_20)                       0.00       1.37 f
  adder_2/CGEN/PGJ_1_1_0/G_IK (PG_15)                     0.00       1.37 f
  adder_2/CGEN/PGJ_1_1_0/U2/ZN (AOI21_X1)                 0.05       1.43 r
  adder_2/CGEN/PGJ_1_1_0/U1/ZN (INV_X1)                   0.02       1.45 f
  adder_2/CGEN/PGJ_1_1_0/Gx (PG_15)                       0.00       1.45 f
  adder_2/CGEN/GJ_2_0_0/G_IK (G_8)                        0.00       1.45 f
  adder_2/CGEN/GJ_2_0_0/U2/ZN (AOI21_X1)                  0.05       1.50 r
  adder_2/CGEN/GJ_2_0_0/U1/ZN (INV_X1)                    0.04       1.54 f
  adder_2/CGEN/GJ_2_0_0/Gx (G_8)                          0.00       1.54 f
  adder_2/CGEN/GJ_3_0_1/G_K_1 (G_6)                       0.00       1.54 f
  adder_2/CGEN/GJ_3_0_1/U2/ZN (AOI21_X1)                  0.05       1.60 r
  adder_2/CGEN/GJ_3_0_1/U1/ZN (INV_X1)                    0.04       1.63 f
  adder_2/CGEN/GJ_3_0_1/Gx (G_6)                          0.00       1.63 f
  adder_2/CGEN/Co[2] (carry_generator_N16_NPB4_2)         0.00       1.63 f
  adder_2/SGEN/Ci[3] (sum_generator_N16_NPB4_2)           0.00       1.63 f
  adder_2/SGEN/csbi_3/Ci (carry_select_block_NPB4_5)      0.00       1.63 f
  adder_2/SGEN/csbi_3/mux/sel (MUX21_generic_N4_5)        0.00       1.63 f
  adder_2/SGEN/csbi_3/mux/U4/Z (MUX2_X1)                  0.09       1.72 f
  adder_2/SGEN/csbi_3/mux/Y[0] (MUX21_generic_N4_5)       0.00       1.72 f
  adder_2/SGEN/csbi_3/S[0] (carry_select_block_NPB4_5)
                                                          0.00       1.72 f
  adder_2/SGEN/S[12] (sum_generator_N16_NPB4_2)           0.00       1.72 f
  adder_2/S[12] (P4_ADDER_N16_2)                          0.00       1.72 f
  adder_3/B[12] (P4_ADDER_N16_1)                          0.00       1.72 f
  adder_3/SGEN/B[12] (sum_generator_N16_NPB4_1)           0.00       1.72 f
  adder_3/SGEN/csbi_3/B[0] (carry_select_block_NPB4_1)
                                                          0.00       1.72 f
  adder_3/SGEN/csbi_3/UADDER1/B[0] (RCA_N4_2)             0.00       1.72 f
  adder_3/SGEN/csbi_3/UADDER1/FAI_1/B (FA_8)              0.00       1.72 f
  adder_3/SGEN/csbi_3/UADDER1/FAI_1/U4/Z (XOR2_X1)        0.09       1.82 f
  adder_3/SGEN/csbi_3/UADDER1/FAI_1/U2/ZN (AOI22_X1)      0.06       1.87 r
  adder_3/SGEN/csbi_3/UADDER1/FAI_1/U1/ZN (INV_X1)        0.03       1.90 f
  adder_3/SGEN/csbi_3/UADDER1/FAI_1/Co (FA_8)             0.00       1.90 f
  adder_3/SGEN/csbi_3/UADDER1/FAI_2/Ci (FA_7)             0.00       1.90 f
  adder_3/SGEN/csbi_3/UADDER1/FAI_2/U2/ZN (AOI22_X1)      0.06       1.96 r
  adder_3/SGEN/csbi_3/UADDER1/FAI_2/U1/ZN (INV_X1)        0.03       1.99 f
  adder_3/SGEN/csbi_3/UADDER1/FAI_2/Co (FA_7)             0.00       1.99 f
  adder_3/SGEN/csbi_3/UADDER1/FAI_3/Ci (FA_6)             0.00       1.99 f
  adder_3/SGEN/csbi_3/UADDER1/FAI_3/U2/ZN (AOI22_X1)      0.06       2.05 r
  adder_3/SGEN/csbi_3/UADDER1/FAI_3/U1/ZN (INV_X1)        0.03       2.08 f
  adder_3/SGEN/csbi_3/UADDER1/FAI_3/Co (FA_6)             0.00       2.08 f
  adder_3/SGEN/csbi_3/UADDER1/FAI_4/Ci (FA_5)             0.00       2.08 f
  adder_3/SGEN/csbi_3/UADDER1/FAI_4/U3/Z (XOR2_X1)        0.07       2.15 f
  adder_3/SGEN/csbi_3/UADDER1/FAI_4/S (FA_5)              0.00       2.15 f
  adder_3/SGEN/csbi_3/UADDER1/S[3] (RCA_N4_2)             0.00       2.15 f
  adder_3/SGEN/csbi_3/mux/A[3] (MUX21_generic_N4_1)       0.00       2.15 f
  adder_3/SGEN/csbi_3/mux/U1/Z (MUX2_X1)                  0.06       2.21 f
  adder_3/SGEN/csbi_3/mux/Y[3] (MUX21_generic_N4_1)       0.00       2.21 f
  adder_3/SGEN/csbi_3/S[3] (carry_select_block_NPB4_1)
                                                          0.00       2.21 f
  adder_3/SGEN/S[15] (sum_generator_N16_NPB4_1)           0.00       2.21 f
  adder_3/S[15] (P4_ADDER_N16_1)                          0.00       2.21 f
  S[15] (out)                                             0.00       2.21 f
  data arrival time                                                  2.21
  --------------------------------------------------------------------------
  (Path is unconstrained)


  Startpoint: B[1] (input port)
  Endpoint: S[15] (output port)
  Path Group: (none)
  Path Type: max

  Des/Clust/Port     Wire Load Model       Library
  ------------------------------------------------
  booth_mul_N8       5K_hvratio_1_1        NangateOpenCellLibrary

  Point                                                   Incr       Path
  --------------------------------------------------------------------------
  input external delay                                    0.00       0.00 f
  B[1] (in)                                               0.00       0.00 f
  booth_j_1/i[0] (Booth_Encoder_3)                        0.00       0.00 f
  booth_j_1/U8/ZN (XNOR2_X1)                              0.06       0.06 f
  booth_j_1/U5/Z (MUX2_X1)                                0.07       0.13 f
  booth_j_1/U4/ZN (INV_X1)                                0.06       0.19 r
  booth_j_1/o[1] (Booth_Encoder_3)                        0.00       0.19 r
  mux_j_1/sel[1] (MUX_booth_N16_3)                        0.00       0.19 r
  mux_j_1/U55/ZN (INV_X1)                                 0.05       0.24 f
  mux_j_1/U5/ZN (NOR3_X4)                                 0.17       0.42 r
  mux_j_1/U3/ZN (NOR4_X4)                                 0.12       0.54 f
  mux_j_1/U22/ZN (AOI222_X1)                              0.11       0.65 r
  mux_j_1/U21/ZN (NAND2_X1)                               0.06       0.71 f
  mux_j_1/Y[4] (MUX_booth_N16_3)                          0.00       0.71 f
  adder_1/A[4] (P4_ADDER_N16_0)                           0.00       0.71 f
  adder_1/SGEN/A[4] (sum_generator_N16_NPB4_0)            0.00       0.71 f
  adder_1/SGEN/csbi_1/A[0] (carry_select_block_NPB4_11)
                                                          0.00       0.71 f
  adder_1/SGEN/csbi_1/UADDER1/A[0] (RCA_N4_22)            0.00       0.71 f
  adder_1/SGEN/csbi_1/UADDER1/FAI_1/A (FA_88)             0.00       0.71 f
  adder_1/SGEN/csbi_1/UADDER1/FAI_1/U4/Z (XOR2_X1)        0.09       0.80 f
  adder_1/SGEN/csbi_1/UADDER1/FAI_1/U2/ZN (AOI22_X1)      0.06       0.86 r
  adder_1/SGEN/csbi_1/UADDER1/FAI_1/U1/ZN (INV_X1)        0.03       0.89 f
  adder_1/SGEN/csbi_1/UADDER1/FAI_1/Co (FA_88)            0.00       0.89 f
  adder_1/SGEN/csbi_1/UADDER1/FAI_2/Ci (FA_87)            0.00       0.89 f
  adder_1/SGEN/csbi_1/UADDER1/FAI_2/U2/ZN (AOI22_X1)      0.06       0.95 r
  adder_1/SGEN/csbi_1/UADDER1/FAI_2/U1/ZN (INV_X1)        0.03       0.98 f
  adder_1/SGEN/csbi_1/UADDER1/FAI_2/Co (FA_87)            0.00       0.98 f
  adder_1/SGEN/csbi_1/UADDER1/FAI_3/Ci (FA_86)            0.00       0.98 f
  adder_1/SGEN/csbi_1/UADDER1/FAI_3/U2/ZN (AOI22_X1)      0.06       1.04 r
  adder_1/SGEN/csbi_1/UADDER1/FAI_3/U1/ZN (INV_X1)        0.03       1.07 f
  adder_1/SGEN/csbi_1/UADDER1/FAI_3/Co (FA_86)            0.00       1.07 f
  adder_1/SGEN/csbi_1/UADDER1/FAI_4/Ci (FA_85)            0.00       1.07 f
  adder_1/SGEN/csbi_1/UADDER1/FAI_4/U3/Z (XOR2_X1)        0.07       1.13 f
  adder_1/SGEN/csbi_1/UADDER1/FAI_4/S (FA_85)             0.00       1.13 f
  adder_1/SGEN/csbi_1/UADDER1/S[3] (RCA_N4_22)            0.00       1.13 f
  adder_1/SGEN/csbi_1/mux/A[3] (MUX21_generic_N4_11)      0.00       1.13 f
  adder_1/SGEN/csbi_1/mux/U1/Z (MUX2_X1)                  0.09       1.22 f
  adder_1/SGEN/csbi_1/mux/Y[3] (MUX21_generic_N4_11)      0.00       1.22 f
  adder_1/SGEN/csbi_1/S[3] (carry_select_block_NPB4_11)
                                                          0.00       1.22 f
  adder_1/SGEN/S[7] (sum_generator_N16_NPB4_0)            0.00       1.22 f
  adder_1/S[7] (P4_ADDER_N16_0)                           0.00       1.22 f
  adder_2/B[7] (P4_ADDER_N16_2)                           0.00       1.22 f
  adder_2/CGEN/B[7] (carry_generator_N16_NPB4_2)          0.00       1.22 f
  adder_2/CGEN/U22/Z (XOR2_X1)                            0.08       1.31 f
  adder_2/CGEN/PGJ_0_3_0/P_IK (PG_20)                     0.00       1.31 f
  adder_2/CGEN/PGJ_0_3_0/U2/ZN (AOI21_X1)                 0.04       1.35 r
  adder_2/CGEN/PGJ_0_3_0/U1/ZN (INV_X1)                   0.02       1.37 f
  adder_2/CGEN/PGJ_0_3_0/Gx (PG_20)                       0.00       1.37 f
  adder_2/CGEN/PGJ_1_1_0/G_IK (PG_15)                     0.00       1.37 f
  adder_2/CGEN/PGJ_1_1_0/U2/ZN (AOI21_X1)                 0.05       1.43 r
  adder_2/CGEN/PGJ_1_1_0/U1/ZN (INV_X1)                   0.02       1.45 f
  adder_2/CGEN/PGJ_1_1_0/Gx (PG_15)                       0.00       1.45 f
  adder_2/CGEN/GJ_2_0_0/G_IK (G_8)                        0.00       1.45 f
  adder_2/CGEN/GJ_2_0_0/U2/ZN (AOI21_X1)                  0.05       1.50 r
  adder_2/CGEN/GJ_2_0_0/U1/ZN (INV_X1)                    0.04       1.54 f
  adder_2/CGEN/GJ_2_0_0/Gx (G_8)                          0.00       1.54 f
  adder_2/CGEN/GJ_3_0_1/G_K_1 (G_6)                       0.00       1.54 f
  adder_2/CGEN/GJ_3_0_1/U2/ZN (AOI21_X1)                  0.05       1.60 r
  adder_2/CGEN/GJ_3_0_1/U1/ZN (INV_X1)                    0.04       1.63 f
  adder_2/CGEN/GJ_3_0_1/Gx (G_6)                          0.00       1.63 f
  adder_2/CGEN/Co[2] (carry_generator_N16_NPB4_2)         0.00       1.63 f
  adder_2/SGEN/Ci[3] (sum_generator_N16_NPB4_2)           0.00       1.63 f
  adder_2/SGEN/csbi_3/Ci (carry_select_block_NPB4_5)      0.00       1.63 f
  adder_2/SGEN/csbi_3/mux/sel (MUX21_generic_N4_5)        0.00       1.63 f
  adder_2/SGEN/csbi_3/mux/U4/Z (MUX2_X1)                  0.09       1.72 f
  adder_2/SGEN/csbi_3/mux/Y[0] (MUX21_generic_N4_5)       0.00       1.72 f
  adder_2/SGEN/csbi_3/S[0] (carry_select_block_NPB4_5)
                                                          0.00       1.72 f
  adder_2/SGEN/S[12] (sum_generator_N16_NPB4_2)           0.00       1.72 f
  adder_2/S[12] (P4_ADDER_N16_2)                          0.00       1.72 f
  adder_3/B[12] (P4_ADDER_N16_1)                          0.00       1.72 f
  adder_3/SGEN/B[12] (sum_generator_N16_NPB4_1)           0.00       1.72 f
  adder_3/SGEN/csbi_3/B[0] (carry_select_block_NPB4_1)
                                                          0.00       1.72 f
  adder_3/SGEN/csbi_3/UADDER1/B[0] (RCA_N4_2)             0.00       1.72 f
  adder_3/SGEN/csbi_3/UADDER1/FAI_1/B (FA_8)              0.00       1.72 f
  adder_3/SGEN/csbi_3/UADDER1/FAI_1/U4/Z (XOR2_X1)        0.09       1.82 f
  adder_3/SGEN/csbi_3/UADDER1/FAI_1/U2/ZN (AOI22_X1)      0.06       1.87 r
  adder_3/SGEN/csbi_3/UADDER1/FAI_1/U1/ZN (INV_X1)        0.03       1.90 f
  adder_3/SGEN/csbi_3/UADDER1/FAI_1/Co (FA_8)             0.00       1.90 f
  adder_3/SGEN/csbi_3/UADDER1/FAI_2/Ci (FA_7)             0.00       1.90 f
  adder_3/SGEN/csbi_3/UADDER1/FAI_2/U2/ZN (AOI22_X1)      0.06       1.96 r
  adder_3/SGEN/csbi_3/UADDER1/FAI_2/U1/ZN (INV_X1)        0.03       1.99 f
  adder_3/SGEN/csbi_3/UADDER1/FAI_2/Co (FA_7)             0.00       1.99 f
  adder_3/SGEN/csbi_3/UADDER1/FAI_3/Ci (FA_6)             0.00       1.99 f
  adder_3/SGEN/csbi_3/UADDER1/FAI_3/U2/ZN (AOI22_X1)      0.06       2.05 r
  adder_3/SGEN/csbi_3/UADDER1/FAI_3/U1/ZN (INV_X1)        0.03       2.08 f
  adder_3/SGEN/csbi_3/UADDER1/FAI_3/Co (FA_6)             0.00       2.08 f
  adder_3/SGEN/csbi_3/UADDER1/FAI_4/Ci (FA_5)             0.00       2.08 f
  adder_3/SGEN/csbi_3/UADDER1/FAI_4/U3/Z (XOR2_X1)        0.07       2.15 f
  adder_3/SGEN/csbi_3/UADDER1/FAI_4/S (FA_5)              0.00       2.15 f
  adder_3/SGEN/csbi_3/UADDER1/S[3] (RCA_N4_2)             0.00       2.15 f
  adder_3/SGEN/csbi_3/mux/A[3] (MUX21_generic_N4_1)       0.00       2.15 f
  adder_3/SGEN/csbi_3/mux/U1/Z (MUX2_X1)                  0.06       2.21 f
  adder_3/SGEN/csbi_3/mux/Y[3] (MUX21_generic_N4_1)       0.00       2.21 f
  adder_3/SGEN/csbi_3/S[3] (carry_select_block_NPB4_1)
                                                          0.00       2.21 f
  adder_3/SGEN/S[15] (sum_generator_N16_NPB4_1)           0.00       2.21 f
  adder_3/S[15] (P4_ADDER_N16_1)                          0.00       2.21 f
  S[15] (out)                                             0.00       2.21 f
  data arrival time                                                  2.21
  --------------------------------------------------------------------------
  (Path is unconstrained)


1
