 
****************************************
Report : area
Design : booth_mul_N8
Version: F-2011.09-SP3
Date   : Sat Apr 11 13:08:03 2020
****************************************

Library(s) Used:

    NangateOpenCellLibrary (File: /home/mariagrazia.graziano/do/libnangate/NangateOpenCellLibrary_typical_ecsm.db)

Number of ports:                           32
Number of nets:                           165
Number of cells:                           35
Number of combinational cells:             24
Number of sequential cells:                 0
Number of macros:                           0
Number of buf/inv:                          9
Number of references:                      16

Combinational area:       1224.929998
Noncombinational area:       0.000000
Net Interconnect area:      undefined  (Wire load has zero net area)

Total cell area:          1224.929998
Total area:                 undefined
1
