 
****************************************
Report : power
        -cell
        -analysis_effort low
        -sort_mode cell_internal_power
Design : SIPISOALU
Version: F-2011.09-SP3
Date   : Mon May  4 20:45:02 2020
****************************************


Library(s) Used:

    NangateOpenCellLibrary (File: /home/mariagrazia.graziano/do/libnangate/NangateOpenCellLibrary_typical_ecsm.db)


Operating Conditions: typical   Library: NangateOpenCellLibrary
Wire Load Model Mode: top

Design        Wire Load Model            Library
------------------------------------------------
SIPISOALU              5K_hvratio_1_1    NangateOpenCellLibrary


Global Operating Voltage = 1.1  
Power-specific unit information :
    Voltage Units = 1V
    Capacitance Units = 1.000000ff
    Time Units = 1ns
    Dynamic Power Units = 1uW    (derived from V,C,T units)
    Leakage Power Units = 1nW



  Attributes
  ----------
      h  -  Hierarchical cell

                        Cell      Driven Net  Tot Dynamic      Cell
                        Internal  Switching   Power            Leakage
Cell                    Power     Power       (% Cell/Tot)     Power      Attrs
--------------------------------------------------------------------------------
control                  140.6998       N/A        N/A (N/A)   2497.3843  h
PISO_reg[1]               20.0509    0.0477     20.099 (100%)    79.5087   
PISO_reg[2]               20.0274    0.0379     20.065 (100%)    79.4647   
PISO_reg[3]               19.9520    0.0277     19.980 (100%)    79.5157   
PISO_reg[0]               19.8369    0.0341     19.871 (100%)    79.9152   
SIPO_reg[2]               19.0083    0.2160     19.224 (99%)     81.6457   
PIPO_reg[1]               18.9979    0.4488     19.447 (98%)     81.7475   
SIPO_reg[1]               18.9460    0.5756     19.522 (97%)     81.8494   
PIPO_reg[3]               18.9400    0.2358     19.176 (99%)     81.8332   
PIPO_reg[0]               18.9113    0.3784     19.290 (98%)     81.8657   
PIPO_reg[2]               18.8603    0.4568     19.317 (98%)     81.8963   
SIPO_reg[0]               18.8112    0.6329     19.444 (97%)     82.0933   
U154                       0.8835    1.4039      2.287 (39%)     46.0514   
U173                       0.7497    0.1598      0.909 (82%)     25.2622   
U151                       0.6528    0.2615      0.914 (71%)     26.9658   
U177                       0.6477    0.2674      0.915 (71%)     28.0239   
U153                       0.6102    0.2641      0.874 (70%)     27.8034   
U178                       0.4752    0.1471      0.622 (76%)     28.3899   
U152                       0.3579    0.2076      0.565 (63%)     38.2926   
U158                       0.2756    4.0937      4.369 (6%)      14.3532   
U137                       0.2653    0.2104      0.476 (56%)     14.3532   
U99                        0.2463    0.0996      0.346 (71%)     34.4369   
U145                       0.2093    0.1832      0.392 (53%)     19.7888   
U101                       0.2088    0.0843      0.293 (71%)     34.8137   
U103                       0.1864    0.0749      0.261 (71%)     35.1652   
U105                       0.1746    0.0877      0.262 (67%)     36.4394   
U111                       0.1735    0.0871      0.261 (67%)     36.3736   
U107                       0.1727    0.0867      0.259 (67%)     36.3170   
U100                       0.1715    0.1579      0.329 (52%)     15.1046   
U109                       0.1702    0.0855      0.256 (67%)     36.4223   
U102                       0.1613    0.1423      0.304 (53%)      6.9212   
U104                       0.1472    0.1295      0.277 (53%)      6.8913   
U157                       0.1458    0.0722      0.218 (67%)     28.2722   
U112                       0.1446    0.1325      0.277 (52%)     14.8568   
U156                       0.1445    0.0890      0.234 (62%)     28.3668   
U108                       0.1434    0.1314      0.275 (52%)     14.8568   
U106                       0.1421    0.1302      0.272 (52%)     14.8568   
U110                       0.1417    0.1298      0.271 (52%)     14.8568   
U150                       0.1164    0.0733      0.190 (61%)     15.2373   
U168                       0.0953    0.1751      0.270 (35%)     14.8402   
U135                       0.0853    0.1035      0.189 (45%)     17.6944   
U144                       0.0819    0.1028      0.185 (44%)     17.6736   
U172                       0.0664    0.1165      0.183 (36%)     18.1768   
U155                       0.0634    0.0204   8.38e-02 (76%)     28.3452   
U146                       0.0629    0.0590      0.122 (52%)     28.4235   
U142                       0.0602    0.0699      0.130 (46%)     26.8945   
U143                       0.0572    0.0820      0.139 (41%)     30.7783   
U138                       0.0501    0.0701      0.120 (42%)      9.6783   
U148                       0.0499    0.0568      0.107 (47%)     12.7498   
U170                       0.0470    0.0245   7.15e-02 (66%)     37.1816   
U174                       0.0463    0.0180   6.44e-02 (72%)      7.7795   
U169                       0.0379    0.0325   7.04e-02 (54%)     27.3575   
U147                       0.0345    0.0587   9.32e-02 (37%)     20.1683   
U161                       0.0318    0.0150   4.68e-02 (68%)     23.5867   
U163                       0.0301    0.0142   4.43e-02 (68%)     23.5131   
U164                       0.0300    0.0195   4.95e-02 (61%)     37.0929   
U141                       0.0295    0.0152   4.47e-02 (66%)     22.0232   
U175                       0.0288    0.0339   6.27e-02 (46%)      6.2342   
U179                       0.0287    0.0112   3.98e-02 (72%)      7.7757   
U140                       0.0280    0.0139   4.19e-02 (67%)     24.1106   
U149                       0.0274    0.0112   3.86e-02 (71%)     46.0131   
U180                       0.0253    0.0150   4.02e-02 (63%)      6.0128   
U139                       0.0237    0.0213   4.50e-02 (53%)     37.1092   
U136                       0.0235    0.0802      0.104 (23%)     10.1395   
U162                       0.0229    0.0145   3.74e-02 (61%)     37.1130   
--------------------------------------------------------------------------------
Totals (65 cells)        362.129uW     N/A         N/A (N/A)      4.647uW
1
