 
****************************************
Report : power
        -net
        -analysis_effort low
        -sort_mode net_switching_power
Design : SIPISOALU
Version: F-2011.09-SP3
Date   : Mon May  4 20:44:11 2020
****************************************


Library(s) Used:

    NangateOpenCellLibrary (File: /home/mariagrazia.graziano/do/libnangate/NangateOpenCellLibrary_typical_ecsm.db)


Operating Conditions: typical   Library: NangateOpenCellLibrary
Wire Load Model Mode: top

Design        Wire Load Model            Library
------------------------------------------------
SIPISOALU              5K_hvratio_1_1    NangateOpenCellLibrary


Global Operating Voltage = 1.1  
Power-specific unit information :
    Voltage Units = 1V
    Capacitance Units = 1.000000ff
    Time Units = 1ns
    Dynamic Power Units = 1uW    (derived from V,C,T units)
    Leakage Power Units = 1nW



  Attributes
  ----------
      a  -  Switching activity information annotated on net
      d  -  Default switching activity information on net

                             Total      Static   Toggle   Switching
Net                          Net Load   Prob.    Rate     Power      Attrs
--------------------------------------------------------------------------------
n43                           24.359    0.500    0.1000      1.4737  d
n74                            1.927    0.499    0.1011      0.1178  
LDB                           16.051    0.058    0.0116      0.1129  
EA                             6.906    0.049    0.0101      0.0422  
n51                            1.438    0.037    0.0116      0.0101  
n49                            1.438    0.037    0.0115      0.0100  
n48                            1.438    0.036    0.0114      0.0099  
n50                            1.438    0.035    0.0113      0.0099  
n54                            1.438    0.025    0.0093      0.0081  
n79                            7.583    0.007    0.0016      0.0076  
n81                            6.266    0.008    0.0018      0.0069  
n77                            7.386    0.005    0.0015      0.0068  
n56                            4.919    0.984    0.0023      0.0067  
n73                            2.883    0.021    0.0038      0.0066  
n71                            4.608    0.003    0.0018      0.0049  
n64                            5.938    0.003    0.0013      0.0048  
n72                            1.886    0.981    0.0040      0.0046  
n69                            4.076    0.997    0.0018      0.0044  
n80                            3.292    0.010    0.0019      0.0038  
n68                            2.883    0.009    0.0020      0.0035  
n70                            1.936    0.993    0.0029      0.0034  
n78                            4.057    0.008    0.0013      0.0031  
n66                            1.886    0.992    0.0023      0.0026  
n63                            2.721    0.009    0.0015      0.0024  
n60                            1.975    0.991    0.0018      0.0022  
n76                            7.424    0.002    0.0004      0.0016  
n53                            1.438    0.005    0.0015      0.0013  
n62                            2.542    0.998    0.0008      0.0012  
n57                            3.901    0.993    0.0005      0.0012  
n55                            3.890    0.993    0.0005      0.0011  
n58                            3.865    0.993    0.0005      0.0011  
n61                           10.203    0.999    0.0002      0.0011  
n59                           10.147    0.001    0.0002      0.0011  
n65                            1.925    0.002    0.0008      0.0009  
LDC                            5.960    0.001    0.0002      0.0007  
n32                            1.906    0.993    0.0005      0.0006  
n44                            1.438    0.006    0.0005      0.0005  
n46                            1.438    0.006    0.0005      0.0005  
n75                            3.877    0.000    0.0002      0.0004  
n45                            1.438    0.006    0.0005      0.0004  
n47                            1.438    0.007    0.0005      0.0004  
n52                            1.438    0.002    0.0004      0.0003  
n67                            5.961    1.000    0.61e-4     0.0002  
SHIFTC                         1.252    0.000    0.61e-4  4.622e-05  
C                              0.310    0.001    0.0002   4.575e-05  
--------------------------------------------------------------------------------
Total (45 nets)                                              1.8840 uW
1
