 
****************************************
Report : area
Design : P4_ADDER
Version: F-2011.09-SP3
Date   : Sat Apr 11 16:53:15 2020
****************************************

Library(s) Used:

    NangateOpenCellLibrary (File: /home/mariagrazia.graziano/do/libnangate/NangateOpenCellLibrary_typical_ecsm.db)

Number of ports:                           98
Number of nets:                           116
Number of cells:                           12
Number of combinational cells:             10
Number of sequential cells:                 0
Number of macros:                           0
Number of buf/inv:                         10
Number of references:                       4

Combinational area:        618.715996
Noncombinational area:       0.000000
Net Interconnect area:      undefined  (Wire load has zero net area)

Total cell area:           618.715996
Total area:                 undefined
1
