 
****************************************
Report : area
Design : P4_ADDER
Version: F-2011.09-SP3
Date   : Mon Apr  6 16:57:40 2020
****************************************

Library(s) Used:

    NangateOpenCellLibrary (File: /home/mariagrazia.graziano/do/libnangate/NangateOpenCellLibrary_typical_ecsm.db)

Number of ports:                           98
Number of nets:                           109
Number of cells:                            5
Number of combinational cells:              3
Number of sequential cells:                 0
Number of macros:                           0
Number of buf/inv:                          3
Number of references:                       3

Combinational area:        575.623998
Noncombinational area:       0.000000
Net Interconnect area:      undefined  (Wire load has zero net area)

Total cell area:           575.623998
Total area:                 undefined
1
