 
****************************************
Report : area
Design : booth_mul_N32
Version: F-2011.09-SP3
Date   : Sat Apr 11 15:24:05 2020
****************************************

Library(s) Used:

    NangateOpenCellLibrary (File: /home/mariagrazia.graziano/do/libnangate/NangateOpenCellLibrary_typical_ecsm.db)

Number of ports:                          128
Number of nets:                          2409
Number of cells:                          325
Number of combinational cells:            277
Number of sequential cells:                 0
Number of macros:                           0
Number of buf/inv:                        277
Number of references:                      54

Combinational area:       23625.321988
Noncombinational area:       0.000000
Net Interconnect area:      undefined  (Wire load has zero net area)

Total cell area:          23625.321988
Total area:                 undefined
1
