 
****************************************
Report : area
Design : SIPISOALU
Version: F-2011.09-SP3
Date   : Mon May  4 20:44:10 2020
****************************************

Library(s) Used:

    NangateOpenCellLibrary (File: /home/mariagrazia.graziano/do/libnangate/NangateOpenCellLibrary_typical_ecsm.db)

Number of ports:                           11
Number of nets:                            55
Number of cells:                           40
Number of combinational cells:             28
Number of sequential cells:                11
Number of macros:                           0
Number of buf/inv:                          3
Number of references:                      12

Combinational area:         91.238000
Noncombinational area:      85.120003
Net Interconnect area:      undefined  (Wire load has zero net area)

Total cell area:           176.358003
Total area:                 undefined
1
