 
****************************************
Report : area
Design : booth_mul_N8
Version: F-2011.09-SP3
Date   : Sat Apr 11 13:08:27 2020
****************************************

Library(s) Used:

    NangateOpenCellLibrary (File: /home/mariagrazia.graziano/do/libnangate/NangateOpenCellLibrary_typical_ecsm.db)

Number of ports:                           32
Number of nets:                           166
Number of cells:                           36
Number of combinational cells:             25
Number of sequential cells:                 0
Number of macros:                           0
Number of buf/inv:                          8
Number of references:                      24

Combinational area:       1277.332000
Noncombinational area:       0.000000
Net Interconnect area:      undefined  (Wire load has zero net area)

Total cell area:          1277.332000
Total area:                 undefined
1
