Information: Updating design information... (UID-85)
 
****************************************
Report : timing
        -path full
        -delay max
        -nworst 10
        -max_paths 10
Design : P4_ADDER
Version: F-2011.09-SP3
Date   : Sat Apr 11 16:52:54 2020
****************************************

Operating Conditions: typical   Library: NangateOpenCellLibrary
Wire Load Model Mode: top

  Startpoint: B[0] (input port)
  Endpoint: S[22] (output port)
  Path Group: (none)
  Path Type: max

  Des/Clust/Port     Wire Load Model       Library
  ------------------------------------------------
  P4_ADDER           5K_hvratio_1_1        NangateOpenCellLibrary

  Point                                                   Incr       Path
  --------------------------------------------------------------------------
  input external delay                                    0.00       0.00 f
  B[0] (in)                                               0.00       0.00 f
  CGEN/B[0] (carry_generator_N32_NPB4)                    0.00       0.00 f
  CGEN/U4/ZN (OAI21_X1)                                   0.05       0.05 r
  CGEN/U3/ZN (INV_X1)                                     0.02       0.07 f
  CGEN/U2/ZN (AOI21_X1)                                   0.05       0.12 r
  CGEN/U1/ZN (INV_X1)                                     0.02       0.14 f
  CGEN/GJ_0_0_0/G_K_1 (G_0)                               0.00       0.14 f
  CGEN/GJ_0_0_0/U2/ZN (AOI21_X1)                          0.04       0.19 r
  CGEN/GJ_0_0_0/U1/ZN (INV_X1)                            0.02       0.21 f
  CGEN/GJ_0_0_0/Gx (G_0)                                  0.00       0.21 f
  CGEN/GJ_1_0_0/G_K_1 (G_8)                               0.00       0.21 f
  CGEN/GJ_1_0_0/U2/ZN (AOI21_X1)                          0.04       0.25 r
  CGEN/GJ_1_0_0/U1/ZN (INV_X1)                            0.04       0.29 f
  CGEN/GJ_1_0_0/Gx (G_8)                                  0.00       0.29 f
  CGEN/GJ_2_0_0/G_K_1 (G_7)                               0.00       0.29 f
  CGEN/GJ_2_0_0/U2/ZN (AOI21_X1)                          0.05       0.35 r
  CGEN/GJ_2_0_0/U1/ZN (INV_X1)                            0.04       0.39 f
  CGEN/GJ_2_0_0/Gx (G_7)                                  0.00       0.39 f
  CGEN/GJ_3_0_0/G_K_1 (G_6)                               0.00       0.39 f
  CGEN/GJ_3_0_0/U2/ZN (AOI21_X1)                          0.05       0.44 r
  CGEN/GJ_3_0_0/U1/ZN (INV_X1)                            0.05       0.49 f
  CGEN/GJ_3_0_0/Gx (G_6)                                  0.00       0.49 f
  CGEN/GJ_4_0_3/G_K_1 (G_1)                               0.00       0.49 f
  CGEN/GJ_4_0_3/U2/ZN (AOI21_X1)                          0.06       0.55 r
  CGEN/GJ_4_0_3/U1/ZN (INV_X1)                            0.04       0.58 f
  CGEN/GJ_4_0_3/Gx (G_1)                                  0.00       0.58 f
  CGEN/Co[4] (carry_generator_N32_NPB4)                   0.00       0.58 f
  SGEN/Ci[5] (sum_generator_N32_NPB4)                     0.00       0.58 f
  SGEN/csbi_5/Ci (carry_select_block_NPB4_3)              0.00       0.58 f
  SGEN/csbi_5/mux/sel (MUX21_generic_N4_3)                0.00       0.58 f
  SGEN/csbi_5/mux/U2/Z (MUX2_X1)                          0.07       0.65 r
  SGEN/csbi_5/mux/Y[2] (MUX21_generic_N4_3)               0.00       0.65 r
  SGEN/csbi_5/S[2] (carry_select_block_NPB4_3)            0.00       0.65 r
  SGEN/S[22] (sum_generator_N32_NPB4)                     0.00       0.65 r
  S[22] (out)                                             0.00       0.65 r
  data arrival time                                                  0.65
  --------------------------------------------------------------------------
  (Path is unconstrained)


  Startpoint: B[0] (input port)
  Endpoint: S[23] (output port)
  Path Group: (none)
  Path Type: max

  Des/Clust/Port     Wire Load Model       Library
  ------------------------------------------------
  P4_ADDER           5K_hvratio_1_1        NangateOpenCellLibrary

  Point                                                   Incr       Path
  --------------------------------------------------------------------------
  input external delay                                    0.00       0.00 f
  B[0] (in)                                               0.00       0.00 f
  CGEN/B[0] (carry_generator_N32_NPB4)                    0.00       0.00 f
  CGEN/U4/ZN (OAI21_X1)                                   0.05       0.05 r
  CGEN/U3/ZN (INV_X1)                                     0.02       0.07 f
  CGEN/U2/ZN (AOI21_X1)                                   0.05       0.12 r
  CGEN/U1/ZN (INV_X1)                                     0.02       0.14 f
  CGEN/GJ_0_0_0/G_K_1 (G_0)                               0.00       0.14 f
  CGEN/GJ_0_0_0/U2/ZN (AOI21_X1)                          0.04       0.19 r
  CGEN/GJ_0_0_0/U1/ZN (INV_X1)                            0.02       0.21 f
  CGEN/GJ_0_0_0/Gx (G_0)                                  0.00       0.21 f
  CGEN/GJ_1_0_0/G_K_1 (G_8)                               0.00       0.21 f
  CGEN/GJ_1_0_0/U2/ZN (AOI21_X1)                          0.04       0.25 r
  CGEN/GJ_1_0_0/U1/ZN (INV_X1)                            0.04       0.29 f
  CGEN/GJ_1_0_0/Gx (G_8)                                  0.00       0.29 f
  CGEN/GJ_2_0_0/G_K_1 (G_7)                               0.00       0.29 f
  CGEN/GJ_2_0_0/U2/ZN (AOI21_X1)                          0.05       0.35 r
  CGEN/GJ_2_0_0/U1/ZN (INV_X1)                            0.04       0.39 f
  CGEN/GJ_2_0_0/Gx (G_7)                                  0.00       0.39 f
  CGEN/GJ_3_0_0/G_K_1 (G_6)                               0.00       0.39 f
  CGEN/GJ_3_0_0/U2/ZN (AOI21_X1)                          0.05       0.44 r
  CGEN/GJ_3_0_0/U1/ZN (INV_X1)                            0.05       0.49 f
  CGEN/GJ_3_0_0/Gx (G_6)                                  0.00       0.49 f
  CGEN/GJ_4_0_3/G_K_1 (G_1)                               0.00       0.49 f
  CGEN/GJ_4_0_3/U2/ZN (AOI21_X1)                          0.06       0.55 r
  CGEN/GJ_4_0_3/U1/ZN (INV_X1)                            0.04       0.58 f
  CGEN/GJ_4_0_3/Gx (G_1)                                  0.00       0.58 f
  CGEN/Co[4] (carry_generator_N32_NPB4)                   0.00       0.58 f
  SGEN/Ci[5] (sum_generator_N32_NPB4)                     0.00       0.58 f
  SGEN/csbi_5/Ci (carry_select_block_NPB4_3)              0.00       0.58 f
  SGEN/csbi_5/mux/sel (MUX21_generic_N4_3)                0.00       0.58 f
  SGEN/csbi_5/mux/U1/Z (MUX2_X1)                          0.07       0.65 r
  SGEN/csbi_5/mux/Y[3] (MUX21_generic_N4_3)               0.00       0.65 r
  SGEN/csbi_5/S[3] (carry_select_block_NPB4_3)            0.00       0.65 r
  SGEN/S[23] (sum_generator_N32_NPB4)                     0.00       0.65 r
  S[23] (out)                                             0.00       0.65 r
  data arrival time                                                  0.65
  --------------------------------------------------------------------------
  (Path is unconstrained)


  Startpoint: B[0] (input port)
  Endpoint: S[24] (output port)
  Path Group: (none)
  Path Type: max

  Des/Clust/Port     Wire Load Model       Library
  ------------------------------------------------
  P4_ADDER           5K_hvratio_1_1        NangateOpenCellLibrary

  Point                                                   Incr       Path
  --------------------------------------------------------------------------
  input external delay                                    0.00       0.00 f
  B[0] (in)                                               0.00       0.00 f
  CGEN/B[0] (carry_generator_N32_NPB4)                    0.00       0.00 f
  CGEN/U4/ZN (OAI21_X1)                                   0.05       0.05 r
  CGEN/U3/ZN (INV_X1)                                     0.02       0.07 f
  CGEN/U2/ZN (AOI21_X1)                                   0.05       0.12 r
  CGEN/U1/ZN (INV_X1)                                     0.02       0.14 f
  CGEN/GJ_0_0_0/G_K_1 (G_0)                               0.00       0.14 f
  CGEN/GJ_0_0_0/U2/ZN (AOI21_X1)                          0.04       0.19 r
  CGEN/GJ_0_0_0/U1/ZN (INV_X1)                            0.02       0.21 f
  CGEN/GJ_0_0_0/Gx (G_0)                                  0.00       0.21 f
  CGEN/GJ_1_0_0/G_K_1 (G_8)                               0.00       0.21 f
  CGEN/GJ_1_0_0/U2/ZN (AOI21_X1)                          0.04       0.25 r
  CGEN/GJ_1_0_0/U1/ZN (INV_X1)                            0.04       0.29 f
  CGEN/GJ_1_0_0/Gx (G_8)                                  0.00       0.29 f
  CGEN/GJ_2_0_0/G_K_1 (G_7)                               0.00       0.29 f
  CGEN/GJ_2_0_0/U2/ZN (AOI21_X1)                          0.05       0.35 r
  CGEN/GJ_2_0_0/U1/ZN (INV_X1)                            0.04       0.39 f
  CGEN/GJ_2_0_0/Gx (G_7)                                  0.00       0.39 f
  CGEN/GJ_3_0_0/G_K_1 (G_6)                               0.00       0.39 f
  CGEN/GJ_3_0_0/U2/ZN (AOI21_X1)                          0.05       0.44 r
  CGEN/GJ_3_0_0/U1/ZN (INV_X1)                            0.05       0.49 f
  CGEN/GJ_3_0_0/Gx (G_6)                                  0.00       0.49 f
  CGEN/GJ_4_0_2/G_K_1 (G_2)                               0.00       0.49 f
  CGEN/GJ_4_0_2/U2/ZN (AOI21_X1)                          0.06       0.55 r
  CGEN/GJ_4_0_2/U1/ZN (INV_X1)                            0.04       0.58 f
  CGEN/GJ_4_0_2/Gx (G_2)                                  0.00       0.58 f
  CGEN/Co[5] (carry_generator_N32_NPB4)                   0.00       0.58 f
  SGEN/Ci[6] (sum_generator_N32_NPB4)                     0.00       0.58 f
  SGEN/csbi_6/Ci (carry_select_block_NPB4_2)              0.00       0.58 f
  SGEN/csbi_6/mux/sel (MUX21_generic_N4_2)                0.00       0.58 f
  SGEN/csbi_6/mux/U4/Z (MUX2_X1)                          0.07       0.65 r
  SGEN/csbi_6/mux/Y[0] (MUX21_generic_N4_2)               0.00       0.65 r
  SGEN/csbi_6/S[0] (carry_select_block_NPB4_2)            0.00       0.65 r
  SGEN/S[24] (sum_generator_N32_NPB4)                     0.00       0.65 r
  S[24] (out)                                             0.00       0.65 r
  data arrival time                                                  0.65
  --------------------------------------------------------------------------
  (Path is unconstrained)


  Startpoint: B[0] (input port)
  Endpoint: S[25] (output port)
  Path Group: (none)
  Path Type: max

  Des/Clust/Port     Wire Load Model       Library
  ------------------------------------------------
  P4_ADDER           5K_hvratio_1_1        NangateOpenCellLibrary

  Point                                                   Incr       Path
  --------------------------------------------------------------------------
  input external delay                                    0.00       0.00 f
  B[0] (in)                                               0.00       0.00 f
  CGEN/B[0] (carry_generator_N32_NPB4)                    0.00       0.00 f
  CGEN/U4/ZN (OAI21_X1)                                   0.05       0.05 r
  CGEN/U3/ZN (INV_X1)                                     0.02       0.07 f
  CGEN/U2/ZN (AOI21_X1)                                   0.05       0.12 r
  CGEN/U1/ZN (INV_X1)                                     0.02       0.14 f
  CGEN/GJ_0_0_0/G_K_1 (G_0)                               0.00       0.14 f
  CGEN/GJ_0_0_0/U2/ZN (AOI21_X1)                          0.04       0.19 r
  CGEN/GJ_0_0_0/U1/ZN (INV_X1)                            0.02       0.21 f
  CGEN/GJ_0_0_0/Gx (G_0)                                  0.00       0.21 f
  CGEN/GJ_1_0_0/G_K_1 (G_8)                               0.00       0.21 f
  CGEN/GJ_1_0_0/U2/ZN (AOI21_X1)                          0.04       0.25 r
  CGEN/GJ_1_0_0/U1/ZN (INV_X1)                            0.04       0.29 f
  CGEN/GJ_1_0_0/Gx (G_8)                                  0.00       0.29 f
  CGEN/GJ_2_0_0/G_K_1 (G_7)                               0.00       0.29 f
  CGEN/GJ_2_0_0/U2/ZN (AOI21_X1)                          0.05       0.35 r
  CGEN/GJ_2_0_0/U1/ZN (INV_X1)                            0.04       0.39 f
  CGEN/GJ_2_0_0/Gx (G_7)                                  0.00       0.39 f
  CGEN/GJ_3_0_0/G_K_1 (G_6)                               0.00       0.39 f
  CGEN/GJ_3_0_0/U2/ZN (AOI21_X1)                          0.05       0.44 r
  CGEN/GJ_3_0_0/U1/ZN (INV_X1)                            0.05       0.49 f
  CGEN/GJ_3_0_0/Gx (G_6)                                  0.00       0.49 f
  CGEN/GJ_4_0_2/G_K_1 (G_2)                               0.00       0.49 f
  CGEN/GJ_4_0_2/U2/ZN (AOI21_X1)                          0.06       0.55 r
  CGEN/GJ_4_0_2/U1/ZN (INV_X1)                            0.04       0.58 f
  CGEN/GJ_4_0_2/Gx (G_2)                                  0.00       0.58 f
  CGEN/Co[5] (carry_generator_N32_NPB4)                   0.00       0.58 f
  SGEN/Ci[6] (sum_generator_N32_NPB4)                     0.00       0.58 f
  SGEN/csbi_6/Ci (carry_select_block_NPB4_2)              0.00       0.58 f
  SGEN/csbi_6/mux/sel (MUX21_generic_N4_2)                0.00       0.58 f
  SGEN/csbi_6/mux/U3/Z (MUX2_X1)                          0.07       0.65 r
  SGEN/csbi_6/mux/Y[1] (MUX21_generic_N4_2)               0.00       0.65 r
  SGEN/csbi_6/S[1] (carry_select_block_NPB4_2)            0.00       0.65 r
  SGEN/S[25] (sum_generator_N32_NPB4)                     0.00       0.65 r
  S[25] (out)                                             0.00       0.65 r
  data arrival time                                                  0.65
  --------------------------------------------------------------------------
  (Path is unconstrained)


  Startpoint: B[0] (input port)
  Endpoint: S[26] (output port)
  Path Group: (none)
  Path Type: max

  Des/Clust/Port     Wire Load Model       Library
  ------------------------------------------------
  P4_ADDER           5K_hvratio_1_1        NangateOpenCellLibrary

  Point                                                   Incr       Path
  --------------------------------------------------------------------------
  input external delay                                    0.00       0.00 f
  B[0] (in)                                               0.00       0.00 f
  CGEN/B[0] (carry_generator_N32_NPB4)                    0.00       0.00 f
  CGEN/U4/ZN (OAI21_X1)                                   0.05       0.05 r
  CGEN/U3/ZN (INV_X1)                                     0.02       0.07 f
  CGEN/U2/ZN (AOI21_X1)                                   0.05       0.12 r
  CGEN/U1/ZN (INV_X1)                                     0.02       0.14 f
  CGEN/GJ_0_0_0/G_K_1 (G_0)                               0.00       0.14 f
  CGEN/GJ_0_0_0/U2/ZN (AOI21_X1)                          0.04       0.19 r
  CGEN/GJ_0_0_0/U1/ZN (INV_X1)                            0.02       0.21 f
  CGEN/GJ_0_0_0/Gx (G_0)                                  0.00       0.21 f
  CGEN/GJ_1_0_0/G_K_1 (G_8)                               0.00       0.21 f
  CGEN/GJ_1_0_0/U2/ZN (AOI21_X1)                          0.04       0.25 r
  CGEN/GJ_1_0_0/U1/ZN (INV_X1)                            0.04       0.29 f
  CGEN/GJ_1_0_0/Gx (G_8)                                  0.00       0.29 f
  CGEN/GJ_2_0_0/G_K_1 (G_7)                               0.00       0.29 f
  CGEN/GJ_2_0_0/U2/ZN (AOI21_X1)                          0.05       0.35 r
  CGEN/GJ_2_0_0/U1/ZN (INV_X1)                            0.04       0.39 f
  CGEN/GJ_2_0_0/Gx (G_7)                                  0.00       0.39 f
  CGEN/GJ_3_0_0/G_K_1 (G_6)                               0.00       0.39 f
  CGEN/GJ_3_0_0/U2/ZN (AOI21_X1)                          0.05       0.44 r
  CGEN/GJ_3_0_0/U1/ZN (INV_X1)                            0.05       0.49 f
  CGEN/GJ_3_0_0/Gx (G_6)                                  0.00       0.49 f
  CGEN/GJ_4_0_2/G_K_1 (G_2)                               0.00       0.49 f
  CGEN/GJ_4_0_2/U2/ZN (AOI21_X1)                          0.06       0.55 r
  CGEN/GJ_4_0_2/U1/ZN (INV_X1)                            0.04       0.58 f
  CGEN/GJ_4_0_2/Gx (G_2)                                  0.00       0.58 f
  CGEN/Co[5] (carry_generator_N32_NPB4)                   0.00       0.58 f
  SGEN/Ci[6] (sum_generator_N32_NPB4)                     0.00       0.58 f
  SGEN/csbi_6/Ci (carry_select_block_NPB4_2)              0.00       0.58 f
  SGEN/csbi_6/mux/sel (MUX21_generic_N4_2)                0.00       0.58 f
  SGEN/csbi_6/mux/U2/Z (MUX2_X1)                          0.07       0.65 r
  SGEN/csbi_6/mux/Y[2] (MUX21_generic_N4_2)               0.00       0.65 r
  SGEN/csbi_6/S[2] (carry_select_block_NPB4_2)            0.00       0.65 r
  SGEN/S[26] (sum_generator_N32_NPB4)                     0.00       0.65 r
  S[26] (out)                                             0.00       0.65 r
  data arrival time                                                  0.65
  --------------------------------------------------------------------------
  (Path is unconstrained)


  Startpoint: B[0] (input port)
  Endpoint: S[27] (output port)
  Path Group: (none)
  Path Type: max

  Des/Clust/Port     Wire Load Model       Library
  ------------------------------------------------
  P4_ADDER           5K_hvratio_1_1        NangateOpenCellLibrary

  Point                                                   Incr       Path
  --------------------------------------------------------------------------
  input external delay                                    0.00       0.00 f
  B[0] (in)                                               0.00       0.00 f
  CGEN/B[0] (carry_generator_N32_NPB4)                    0.00       0.00 f
  CGEN/U4/ZN (OAI21_X1)                                   0.05       0.05 r
  CGEN/U3/ZN (INV_X1)                                     0.02       0.07 f
  CGEN/U2/ZN (AOI21_X1)                                   0.05       0.12 r
  CGEN/U1/ZN (INV_X1)                                     0.02       0.14 f
  CGEN/GJ_0_0_0/G_K_1 (G_0)                               0.00       0.14 f
  CGEN/GJ_0_0_0/U2/ZN (AOI21_X1)                          0.04       0.19 r
  CGEN/GJ_0_0_0/U1/ZN (INV_X1)                            0.02       0.21 f
  CGEN/GJ_0_0_0/Gx (G_0)                                  0.00       0.21 f
  CGEN/GJ_1_0_0/G_K_1 (G_8)                               0.00       0.21 f
  CGEN/GJ_1_0_0/U2/ZN (AOI21_X1)                          0.04       0.25 r
  CGEN/GJ_1_0_0/U1/ZN (INV_X1)                            0.04       0.29 f
  CGEN/GJ_1_0_0/Gx (G_8)                                  0.00       0.29 f
  CGEN/GJ_2_0_0/G_K_1 (G_7)                               0.00       0.29 f
  CGEN/GJ_2_0_0/U2/ZN (AOI21_X1)                          0.05       0.35 r
  CGEN/GJ_2_0_0/U1/ZN (INV_X1)                            0.04       0.39 f
  CGEN/GJ_2_0_0/Gx (G_7)                                  0.00       0.39 f
  CGEN/GJ_3_0_0/G_K_1 (G_6)                               0.00       0.39 f
  CGEN/GJ_3_0_0/U2/ZN (AOI21_X1)                          0.05       0.44 r
  CGEN/GJ_3_0_0/U1/ZN (INV_X1)                            0.05       0.49 f
  CGEN/GJ_3_0_0/Gx (G_6)                                  0.00       0.49 f
  CGEN/GJ_4_0_2/G_K_1 (G_2)                               0.00       0.49 f
  CGEN/GJ_4_0_2/U2/ZN (AOI21_X1)                          0.06       0.55 r
  CGEN/GJ_4_0_2/U1/ZN (INV_X1)                            0.04       0.58 f
  CGEN/GJ_4_0_2/Gx (G_2)                                  0.00       0.58 f
  CGEN/Co[5] (carry_generator_N32_NPB4)                   0.00       0.58 f
  SGEN/Ci[6] (sum_generator_N32_NPB4)                     0.00       0.58 f
  SGEN/csbi_6/Ci (carry_select_block_NPB4_2)              0.00       0.58 f
  SGEN/csbi_6/mux/sel (MUX21_generic_N4_2)                0.00       0.58 f
  SGEN/csbi_6/mux/U1/Z (MUX2_X1)                          0.07       0.65 r
  SGEN/csbi_6/mux/Y[3] (MUX21_generic_N4_2)               0.00       0.65 r
  SGEN/csbi_6/S[3] (carry_select_block_NPB4_2)            0.00       0.65 r
  SGEN/S[27] (sum_generator_N32_NPB4)                     0.00       0.65 r
  S[27] (out)                                             0.00       0.65 r
  data arrival time                                                  0.65
  --------------------------------------------------------------------------
  (Path is unconstrained)


  Startpoint: B[0] (input port)
  Endpoint: S[28] (output port)
  Path Group: (none)
  Path Type: max

  Des/Clust/Port     Wire Load Model       Library
  ------------------------------------------------
  P4_ADDER           5K_hvratio_1_1        NangateOpenCellLibrary

  Point                                                   Incr       Path
  --------------------------------------------------------------------------
  input external delay                                    0.00       0.00 f
  B[0] (in)                                               0.00       0.00 f
  CGEN/B[0] (carry_generator_N32_NPB4)                    0.00       0.00 f
  CGEN/U4/ZN (OAI21_X1)                                   0.05       0.05 r
  CGEN/U3/ZN (INV_X1)                                     0.02       0.07 f
  CGEN/U2/ZN (AOI21_X1)                                   0.05       0.12 r
  CGEN/U1/ZN (INV_X1)                                     0.02       0.14 f
  CGEN/GJ_0_0_0/G_K_1 (G_0)                               0.00       0.14 f
  CGEN/GJ_0_0_0/U2/ZN (AOI21_X1)                          0.04       0.19 r
  CGEN/GJ_0_0_0/U1/ZN (INV_X1)                            0.02       0.21 f
  CGEN/GJ_0_0_0/Gx (G_0)                                  0.00       0.21 f
  CGEN/GJ_1_0_0/G_K_1 (G_8)                               0.00       0.21 f
  CGEN/GJ_1_0_0/U2/ZN (AOI21_X1)                          0.04       0.25 r
  CGEN/GJ_1_0_0/U1/ZN (INV_X1)                            0.04       0.29 f
  CGEN/GJ_1_0_0/Gx (G_8)                                  0.00       0.29 f
  CGEN/GJ_2_0_0/G_K_1 (G_7)                               0.00       0.29 f
  CGEN/GJ_2_0_0/U2/ZN (AOI21_X1)                          0.05       0.35 r
  CGEN/GJ_2_0_0/U1/ZN (INV_X1)                            0.04       0.39 f
  CGEN/GJ_2_0_0/Gx (G_7)                                  0.00       0.39 f
  CGEN/GJ_3_0_0/G_K_1 (G_6)                               0.00       0.39 f
  CGEN/GJ_3_0_0/U2/ZN (AOI21_X1)                          0.05       0.44 r
  CGEN/GJ_3_0_0/U1/ZN (INV_X1)                            0.05       0.49 f
  CGEN/GJ_3_0_0/Gx (G_6)                                  0.00       0.49 f
  CGEN/GJ_4_0_1/G_K_1 (G_3)                               0.00       0.49 f
  CGEN/GJ_4_0_1/U2/ZN (AOI21_X1)                          0.06       0.55 r
  CGEN/GJ_4_0_1/U1/ZN (INV_X1)                            0.04       0.58 f
  CGEN/GJ_4_0_1/Gx (G_3)                                  0.00       0.58 f
  CGEN/Co[6] (carry_generator_N32_NPB4)                   0.00       0.58 f
  SGEN/Ci[7] (sum_generator_N32_NPB4)                     0.00       0.58 f
  SGEN/csbi_7/Ci (carry_select_block_NPB4_1)              0.00       0.58 f
  SGEN/csbi_7/mux/sel (MUX21_generic_N4_1)                0.00       0.58 f
  SGEN/csbi_7/mux/U4/Z (MUX2_X1)                          0.07       0.65 r
  SGEN/csbi_7/mux/Y[0] (MUX21_generic_N4_1)               0.00       0.65 r
  SGEN/csbi_7/S[0] (carry_select_block_NPB4_1)            0.00       0.65 r
  SGEN/S[28] (sum_generator_N32_NPB4)                     0.00       0.65 r
  S[28] (out)                                             0.00       0.65 r
  data arrival time                                                  0.65
  --------------------------------------------------------------------------
  (Path is unconstrained)


  Startpoint: B[0] (input port)
  Endpoint: S[29] (output port)
  Path Group: (none)
  Path Type: max

  Des/Clust/Port     Wire Load Model       Library
  ------------------------------------------------
  P4_ADDER           5K_hvratio_1_1        NangateOpenCellLibrary

  Point                                                   Incr       Path
  --------------------------------------------------------------------------
  input external delay                                    0.00       0.00 f
  B[0] (in)                                               0.00       0.00 f
  CGEN/B[0] (carry_generator_N32_NPB4)                    0.00       0.00 f
  CGEN/U4/ZN (OAI21_X1)                                   0.05       0.05 r
  CGEN/U3/ZN (INV_X1)                                     0.02       0.07 f
  CGEN/U2/ZN (AOI21_X1)                                   0.05       0.12 r
  CGEN/U1/ZN (INV_X1)                                     0.02       0.14 f
  CGEN/GJ_0_0_0/G_K_1 (G_0)                               0.00       0.14 f
  CGEN/GJ_0_0_0/U2/ZN (AOI21_X1)                          0.04       0.19 r
  CGEN/GJ_0_0_0/U1/ZN (INV_X1)                            0.02       0.21 f
  CGEN/GJ_0_0_0/Gx (G_0)                                  0.00       0.21 f
  CGEN/GJ_1_0_0/G_K_1 (G_8)                               0.00       0.21 f
  CGEN/GJ_1_0_0/U2/ZN (AOI21_X1)                          0.04       0.25 r
  CGEN/GJ_1_0_0/U1/ZN (INV_X1)                            0.04       0.29 f
  CGEN/GJ_1_0_0/Gx (G_8)                                  0.00       0.29 f
  CGEN/GJ_2_0_0/G_K_1 (G_7)                               0.00       0.29 f
  CGEN/GJ_2_0_0/U2/ZN (AOI21_X1)                          0.05       0.35 r
  CGEN/GJ_2_0_0/U1/ZN (INV_X1)                            0.04       0.39 f
  CGEN/GJ_2_0_0/Gx (G_7)                                  0.00       0.39 f
  CGEN/GJ_3_0_0/G_K_1 (G_6)                               0.00       0.39 f
  CGEN/GJ_3_0_0/U2/ZN (AOI21_X1)                          0.05       0.44 r
  CGEN/GJ_3_0_0/U1/ZN (INV_X1)                            0.05       0.49 f
  CGEN/GJ_3_0_0/Gx (G_6)                                  0.00       0.49 f
  CGEN/GJ_4_0_1/G_K_1 (G_3)                               0.00       0.49 f
  CGEN/GJ_4_0_1/U2/ZN (AOI21_X1)                          0.06       0.55 r
  CGEN/GJ_4_0_1/U1/ZN (INV_X1)                            0.04       0.58 f
  CGEN/GJ_4_0_1/Gx (G_3)                                  0.00       0.58 f
  CGEN/Co[6] (carry_generator_N32_NPB4)                   0.00       0.58 f
  SGEN/Ci[7] (sum_generator_N32_NPB4)                     0.00       0.58 f
  SGEN/csbi_7/Ci (carry_select_block_NPB4_1)              0.00       0.58 f
  SGEN/csbi_7/mux/sel (MUX21_generic_N4_1)                0.00       0.58 f
  SGEN/csbi_7/mux/U3/Z (MUX2_X1)                          0.07       0.65 r
  SGEN/csbi_7/mux/Y[1] (MUX21_generic_N4_1)               0.00       0.65 r
  SGEN/csbi_7/S[1] (carry_select_block_NPB4_1)            0.00       0.65 r
  SGEN/S[29] (sum_generator_N32_NPB4)                     0.00       0.65 r
  S[29] (out)                                             0.00       0.65 r
  data arrival time                                                  0.65
  --------------------------------------------------------------------------
  (Path is unconstrained)


  Startpoint: B[0] (input port)
  Endpoint: S[30] (output port)
  Path Group: (none)
  Path Type: max

  Des/Clust/Port     Wire Load Model       Library
  ------------------------------------------------
  P4_ADDER           5K_hvratio_1_1        NangateOpenCellLibrary

  Point                                                   Incr       Path
  --------------------------------------------------------------------------
  input external delay                                    0.00       0.00 f
  B[0] (in)                                               0.00       0.00 f
  CGEN/B[0] (carry_generator_N32_NPB4)                    0.00       0.00 f
  CGEN/U4/ZN (OAI21_X1)                                   0.05       0.05 r
  CGEN/U3/ZN (INV_X1)                                     0.02       0.07 f
  CGEN/U2/ZN (AOI21_X1)                                   0.05       0.12 r
  CGEN/U1/ZN (INV_X1)                                     0.02       0.14 f
  CGEN/GJ_0_0_0/G_K_1 (G_0)                               0.00       0.14 f
  CGEN/GJ_0_0_0/U2/ZN (AOI21_X1)                          0.04       0.19 r
  CGEN/GJ_0_0_0/U1/ZN (INV_X1)                            0.02       0.21 f
  CGEN/GJ_0_0_0/Gx (G_0)                                  0.00       0.21 f
  CGEN/GJ_1_0_0/G_K_1 (G_8)                               0.00       0.21 f
  CGEN/GJ_1_0_0/U2/ZN (AOI21_X1)                          0.04       0.25 r
  CGEN/GJ_1_0_0/U1/ZN (INV_X1)                            0.04       0.29 f
  CGEN/GJ_1_0_0/Gx (G_8)                                  0.00       0.29 f
  CGEN/GJ_2_0_0/G_K_1 (G_7)                               0.00       0.29 f
  CGEN/GJ_2_0_0/U2/ZN (AOI21_X1)                          0.05       0.35 r
  CGEN/GJ_2_0_0/U1/ZN (INV_X1)                            0.04       0.39 f
  CGEN/GJ_2_0_0/Gx (G_7)                                  0.00       0.39 f
  CGEN/GJ_3_0_0/G_K_1 (G_6)                               0.00       0.39 f
  CGEN/GJ_3_0_0/U2/ZN (AOI21_X1)                          0.05       0.44 r
  CGEN/GJ_3_0_0/U1/ZN (INV_X1)                            0.05       0.49 f
  CGEN/GJ_3_0_0/Gx (G_6)                                  0.00       0.49 f
  CGEN/GJ_4_0_1/G_K_1 (G_3)                               0.00       0.49 f
  CGEN/GJ_4_0_1/U2/ZN (AOI21_X1)                          0.06       0.55 r
  CGEN/GJ_4_0_1/U1/ZN (INV_X1)                            0.04       0.58 f
  CGEN/GJ_4_0_1/Gx (G_3)                                  0.00       0.58 f
  CGEN/Co[6] (carry_generator_N32_NPB4)                   0.00       0.58 f
  SGEN/Ci[7] (sum_generator_N32_NPB4)                     0.00       0.58 f
  SGEN/csbi_7/Ci (carry_select_block_NPB4_1)              0.00       0.58 f
  SGEN/csbi_7/mux/sel (MUX21_generic_N4_1)                0.00       0.58 f
  SGEN/csbi_7/mux/U2/Z (MUX2_X1)                          0.07       0.65 r
  SGEN/csbi_7/mux/Y[2] (MUX21_generic_N4_1)               0.00       0.65 r
  SGEN/csbi_7/S[2] (carry_select_block_NPB4_1)            0.00       0.65 r
  SGEN/S[30] (sum_generator_N32_NPB4)                     0.00       0.65 r
  S[30] (out)                                             0.00       0.65 r
  data arrival time                                                  0.65
  --------------------------------------------------------------------------
  (Path is unconstrained)


  Startpoint: B[0] (input port)
  Endpoint: S[31] (output port)
  Path Group: (none)
  Path Type: max

  Des/Clust/Port     Wire Load Model       Library
  ------------------------------------------------
  P4_ADDER           5K_hvratio_1_1        NangateOpenCellLibrary

  Point                                                   Incr       Path
  --------------------------------------------------------------------------
  input external delay                                    0.00       0.00 f
  B[0] (in)                                               0.00       0.00 f
  CGEN/B[0] (carry_generator_N32_NPB4)                    0.00       0.00 f
  CGEN/U4/ZN (OAI21_X1)                                   0.05       0.05 r
  CGEN/U3/ZN (INV_X1)                                     0.02       0.07 f
  CGEN/U2/ZN (AOI21_X1)                                   0.05       0.12 r
  CGEN/U1/ZN (INV_X1)                                     0.02       0.14 f
  CGEN/GJ_0_0_0/G_K_1 (G_0)                               0.00       0.14 f
  CGEN/GJ_0_0_0/U2/ZN (AOI21_X1)                          0.04       0.19 r
  CGEN/GJ_0_0_0/U1/ZN (INV_X1)                            0.02       0.21 f
  CGEN/GJ_0_0_0/Gx (G_0)                                  0.00       0.21 f
  CGEN/GJ_1_0_0/G_K_1 (G_8)                               0.00       0.21 f
  CGEN/GJ_1_0_0/U2/ZN (AOI21_X1)                          0.04       0.25 r
  CGEN/GJ_1_0_0/U1/ZN (INV_X1)                            0.04       0.29 f
  CGEN/GJ_1_0_0/Gx (G_8)                                  0.00       0.29 f
  CGEN/GJ_2_0_0/G_K_1 (G_7)                               0.00       0.29 f
  CGEN/GJ_2_0_0/U2/ZN (AOI21_X1)                          0.05       0.35 r
  CGEN/GJ_2_0_0/U1/ZN (INV_X1)                            0.04       0.39 f
  CGEN/GJ_2_0_0/Gx (G_7)                                  0.00       0.39 f
  CGEN/GJ_3_0_0/G_K_1 (G_6)                               0.00       0.39 f
  CGEN/GJ_3_0_0/U2/ZN (AOI21_X1)                          0.05       0.44 r
  CGEN/GJ_3_0_0/U1/ZN (INV_X1)                            0.05       0.49 f
  CGEN/GJ_3_0_0/Gx (G_6)                                  0.00       0.49 f
  CGEN/GJ_4_0_1/G_K_1 (G_3)                               0.00       0.49 f
  CGEN/GJ_4_0_1/U2/ZN (AOI21_X1)                          0.06       0.55 r
  CGEN/GJ_4_0_1/U1/ZN (INV_X1)                            0.04       0.58 f
  CGEN/GJ_4_0_1/Gx (G_3)                                  0.00       0.58 f
  CGEN/Co[6] (carry_generator_N32_NPB4)                   0.00       0.58 f
  SGEN/Ci[7] (sum_generator_N32_NPB4)                     0.00       0.58 f
  SGEN/csbi_7/Ci (carry_select_block_NPB4_1)              0.00       0.58 f
  SGEN/csbi_7/mux/sel (MUX21_generic_N4_1)                0.00       0.58 f
  SGEN/csbi_7/mux/U1/Z (MUX2_X1)                          0.07       0.65 r
  SGEN/csbi_7/mux/Y[3] (MUX21_generic_N4_1)               0.00       0.65 r
  SGEN/csbi_7/S[3] (carry_select_block_NPB4_1)            0.00       0.65 r
  SGEN/S[31] (sum_generator_N32_NPB4)                     0.00       0.65 r
  S[31] (out)                                             0.00       0.65 r
  data arrival time                                                  0.65
  --------------------------------------------------------------------------
  (Path is unconstrained)


1
