 
****************************************
Report : area
Design : windowed_register_file_M8_N4_N_bit64_W2
Version: F-2011.09-SP3
Date   : Tue May  5 00:55:55 2020
****************************************

Library(s) Used:

    NangateOpenCellLibrary (File: /home/mariagrazia.graziano/do/libnangate/NangateOpenCellLibrary_typical_ecsm.db)

Number of ports:                          275
Number of nets:                           799
Number of cells:                          312
Number of combinational cells:            231
Number of sequential cells:                76
Number of macros:                           0
Number of buf/inv:                         52
Number of references:                      25

Combinational area:       8463.322075
Noncombinational area:    10246.053630
Net Interconnect area:      undefined  (Wire load has zero net area)

Total cell area:          18709.375706
Total area:                 undefined
1
